[1.142s] Invoking command in '/home/vicky/TrashBot_ws/src/robot_body_perception': PYTHONPATH=/home/vicky/TrashBot_ws/src/build/robot_body_perception/prefix_override:/usr/lib/python3/dist-packages/colcon_core/task/python/colcon_distutils_commands:/home/vicky/TrashBot_ws/src/install/robot_body_perception/lib/python3.8/site-packages:${PYTHONPATH} /usr/bin/python3 -W ignore:setup.py install is deprecated setup.py egg_info --egg-base ../build/robot_body_perception build --build-base /home/vicky/TrashBot_ws/src/build/robot_body_perception/build install --record /home/vicky/TrashBot_ws/src/build/robot_body_perception/install.log --single-version-externally-managed install_data
[1.552s] running egg_info
[1.553s] writing ../build/robot_body_perception/robot_body_perception.egg-info/PKG-INFO
[1.554s] writing dependency_links to ../build/robot_body_perception/robot_body_perception.egg-info/dependency_links.txt
[1.554s] writing entry points to ../build/robot_body_perception/robot_body_perception.egg-info/entry_points.txt
[1.554s] writing requirements to ../build/robot_body_perception/robot_body_perception.egg-info/requires.txt
[1.555s] writing top-level names to ../build/robot_body_perception/robot_body_perception.egg-info/top_level.txt
[1.615s] reading manifest file '../build/robot_body_perception/robot_body_perception.egg-info/SOURCES.txt'
[1.617s] writing manifest file '../build/robot_body_perception/robot_body_perception.egg-info/SOURCES.txt'
[1.617s] running build
[1.617s] running build_py
[1.617s] running install
[1.619s] running install_lib
[1.621s] running install_data
[1.621s] running install_egg_info
[1.625s] removing '/home/vicky/TrashBot_ws/src/install/robot_body_perception/lib/python3.8/site-packages/robot_body_perception-0.0.0-py3.8.egg-info' (and everything under it)
[1.625s] Copying ../build/robot_body_perception/robot_body_perception.egg-info to /home/vicky/TrashBot_ws/src/install/robot_body_perception/lib/python3.8/site-packages/robot_body_perception-0.0.0-py3.8.egg-info
[1.627s] running install_scripts
[1.655s] Installing wrapper script to /home/vicky/TrashBot_ws/src/install/robot_body_perception/lib/robot_body_perception
[1.656s] writing list of installed files to '/home/vicky/TrashBot_ws/src/build/robot_body_perception/install.log'
[1.686s] Invoked command in '/home/vicky/TrashBot_ws/src/robot_body_perception' returned '0': PYTHONPATH=/home/vicky/TrashBot_ws/src/build/robot_body_perception/prefix_override:/usr/lib/python3/dist-packages/colcon_core/task/python/colcon_distutils_commands:/home/vicky/TrashBot_ws/src/install/robot_body_perception/lib/python3.8/site-packages:${PYTHONPATH} /usr/bin/python3 -W ignore:setup.py install is deprecated setup.py egg_info --egg-base ../build/robot_body_perception build --build-base /home/vicky/TrashBot_ws/src/build/robot_body_perception/build install --record /home/vicky/TrashBot_ws/src/build/robot_body_perception/install.log --single-version-externally-managed install_data
