[0.208s] Invoking command in '/home/vicky/TrashBot_ws/src/build/robot_body_planning': CMAKE_PREFIX_PATH=${CMAKE_PREFIX_PATH}:/home/vicky/TrashBot_ws/src/install/robot_body_perception:/opt/ros/galactic /usr/bin/cmake --build /home/vicky/TrashBot_ws/src/build/robot_body_planning -- -j8 -l8
[0.231s] Invoked command in '/home/vicky/TrashBot_ws/src/build/robot_body_planning' returned '0': CMAKE_PREFIX_PATH=${CMAKE_PREFIX_PATH}:/home/vicky/TrashBot_ws/src/install/robot_body_perception:/opt/ros/galactic /usr/bin/cmake --build /home/vicky/TrashBot_ws/src/build/robot_body_planning -- -j8 -l8
[0.252s] Invoking command in '/home/vicky/TrashBot_ws/src/build/robot_body_planning': CMAKE_PREFIX_PATH=${CMAKE_PREFIX_PATH}:/home/vicky/TrashBot_ws/src/install/robot_body_perception:/opt/ros/galactic /usr/bin/cmake --install /home/vicky/TrashBot_ws/src/build/robot_body_planning
[0.254s] -- Install configuration: ""
[0.254s] -- Up-to-date: /home/vicky/TrashBot_ws/src/install/robot_body_planning/share/ament_index/resource_index/package_run_dependencies/robot_body_planning
[0.255s] -- Up-to-date: /home/vicky/TrashBot_ws/src/install/robot_body_planning/share/ament_index/resource_index/parent_prefix_path/robot_body_planning
[0.255s] -- Up-to-date: /home/vicky/TrashBot_ws/src/install/robot_body_planning/share/robot_body_planning/environment/ament_prefix_path.sh
[0.255s] -- Up-to-date: /home/vicky/TrashBot_ws/src/install/robot_body_planning/share/robot_body_planning/environment/ament_prefix_path.dsv
[0.255s] -- Up-to-date: /home/vicky/TrashBot_ws/src/install/robot_body_planning/share/robot_body_planning/environment/path.sh
[0.255s] -- Up-to-date: /home/vicky/TrashBot_ws/src/install/robot_body_planning/share/robot_body_planning/environment/path.dsv
[0.255s] -- Up-to-date: /home/vicky/TrashBot_ws/src/install/robot_body_planning/share/robot_body_planning/local_setup.bash
[0.255s] -- Up-to-date: /home/vicky/TrashBot_ws/src/install/robot_body_planning/share/robot_body_planning/local_setup.sh
[0.256s] -- Up-to-date: /home/vicky/TrashBot_ws/src/install/robot_body_planning/share/robot_body_planning/local_setup.zsh
[0.256s] -- Up-to-date: /home/vicky/TrashBot_ws/src/install/robot_body_planning/share/robot_body_planning/local_setup.dsv
[0.256s] -- Up-to-date: /home/vicky/TrashBot_ws/src/install/robot_body_planning/share/robot_body_planning/package.dsv
[0.256s] -- Up-to-date: /home/vicky/TrashBot_ws/src/install/robot_body_planning/share/ament_index/resource_index/packages/robot_body_planning
[0.256s] -- Up-to-date: /home/vicky/TrashBot_ws/src/install/robot_body_planning/share/robot_body_planning/cmake/robot_body_planningConfig.cmake
[0.257s] -- Up-to-date: /home/vicky/TrashBot_ws/src/install/robot_body_planning/share/robot_body_planning/cmake/robot_body_planningConfig-version.cmake
[0.257s] -- Up-to-date: /home/vicky/TrashBot_ws/src/install/robot_body_planning/share/robot_body_planning/package.xml
[0.257s] Invoked command in '/home/vicky/TrashBot_ws/src/build/robot_body_planning' returned '0': CMAKE_PREFIX_PATH=${CMAKE_PREFIX_PATH}:/home/vicky/TrashBot_ws/src/install/robot_body_perception:/opt/ros/galactic /usr/bin/cmake --install /home/vicky/TrashBot_ws/src/build/robot_body_planning
