[0.016s] Invoking command in '/home/vicky/TrashBot_ws/build/navigation_practice': CMAKE_PREFIX_PATH=/home/vicky/TrashBot_ws/install/robot_body_perception:/opt/ros/galactic /usr/bin/cmake /home/vicky/TrashBot_ws/src/navigation_practice -DCMAKE_INSTALL_PREFIX=/home/vicky/TrashBot_ws/install/navigation_practice
[0.044s] -- Found ament_cmake: 1.1.6 (/opt/ros/galactic/share/ament_cmake/cmake)
[0.047s] [33mCMake Warning (dev) at /opt/ros/galactic/share/ament_cmake_core/cmake/core/python.cmake:22 (find_package):
[0.048s]   Policy CMP0148 is not set: The FindPythonInterp and FindPythonLibs modules
[0.048s]   are removed.  Run "cmake --help-policy CMP0148" for policy details.  Use
[0.048s]   the cmake_policy command to set the policy and suppress this warning.
[0.048s] 
[0.048s] Call Stack (most recent call first):
[0.048s]   /opt/ros/galactic/share/ament_cmake_core/cmake/core/all.cmake:53 (include)
[0.048s]   /opt/ros/galactic/share/ament_cmake_core/cmake/ament_cmake_core-extras.cmake:17 (include)
[0.048s]   /opt/ros/galactic/share/ament_cmake_core/cmake/ament_cmake_coreConfig.cmake:41 (include)
[0.048s]   /opt/ros/galactic/share/ament_cmake/cmake/ament_cmake_export_dependencies-extras.cmake:15 (find_package)
[0.048s]   /opt/ros/galactic/share/ament_cmake/cmake/ament_cmakeConfig.cmake:41 (include)
[0.048s]   CMakeLists.txt:9 (find_package)
[0.048s] This warning is for project developers.  Use -Wno-dev to suppress it.
[0.048s] [0m
[0.064s] -- Found PythonInterp: /usr/bin/python3 (found suitable version "3.8.10", minimum required is "3")
[0.064s] -- Using PYTHON_EXECUTABLE: /usr/bin/python3
[0.137s] -- Found rclcpp: 9.2.2 (/opt/ros/galactic/share/rclcpp/cmake)
[0.184s] -- Using all available rosidl_typesupport_c: rosidl_typesupport_fastrtps_c;rosidl_typesupport_introspection_c
[0.191s] -- Found rosidl_adapter: 2.2.3 (/opt/ros/galactic/share/rosidl_adapter/cmake)
[0.264s] -- Found OpenSSL: /usr/lib/x86_64-linux-gnu/libcrypto.so (found version "1.1.1f")
[0.292s] -- Found FastRTPS: /opt/ros/galactic/include
[0.364s] -- Using all available rosidl_typesupport_cpp: rosidl_typesupport_fastrtps_cpp;rosidl_typesupport_introspection_cpp
[0.416s] -- Found rmw_implementation_cmake: 3.3.1 (/opt/ros/galactic/share/rmw_implementation_cmake/cmake)
[0.419s] -- Found rmw_cyclonedds_cpp: 0.22.6 (/opt/ros/galactic/share/rmw_cyclonedds_cpp/cmake)
[0.433s] -- Using RMW implementation 'rmw_cyclonedds_cpp' as default
[0.434s] -- Performing Test CMAKE_HAVE_LIBC_PTHREAD
[0.524s] -- Performing Test CMAKE_HAVE_LIBC_PTHREAD - Failed
[0.524s] -- Looking for pthread_create in pthreads
[0.562s] -- Looking for pthread_create in pthreads - not found
[0.562s] -- Looking for pthread_create in pthread
[0.605s] -- Looking for pthread_create in pthread - found
[0.606s] -- Found Threads: TRUE
[0.733s] -- Found nav_msgs: 2.2.4 (/opt/ros/galactic/share/nav_msgs/cmake)
[0.825s] -- Found ament_lint_auto: 0.10.7 (/opt/ros/galactic/share/ament_lint_auto/cmake)
[0.886s] -- Added test 'copyright' to check source files copyright and LICENSE
[0.888s] -- Added test 'flake8' to check Python code syntax and style conventions
[0.888s] -- Added test 'lint_cmake' to check CMake code style
[0.889s] -- Added test 'pep257' to check Python code against some of the style conventions in PEP 257
[0.889s] -- Added test 'xmllint' to check XML markup files
[0.890s] -- Configuring done (0.9s)
[0.894s] -- Generating done (0.0s)
[0.894s] -- Build files have been written to: /home/vicky/TrashBot_ws/build/navigation_practice
[0.899s] Invoked command in '/home/vicky/TrashBot_ws/build/navigation_practice' returned '0': CMAKE_PREFIX_PATH=/home/vicky/TrashBot_ws/install/robot_body_perception:/opt/ros/galactic /usr/bin/cmake /home/vicky/TrashBot_ws/src/navigation_practice -DCMAKE_INSTALL_PREFIX=/home/vicky/TrashBot_ws/install/navigation_practice
[0.900s] Invoking command in '/home/vicky/TrashBot_ws/build/navigation_practice': CMAKE_PREFIX_PATH=/home/vicky/TrashBot_ws/install/robot_body_perception:/opt/ros/galactic /usr/bin/cmake --build /home/vicky/TrashBot_ws/build/navigation_practice -- -j8 -l8
[0.916s] Invoked command in '/home/vicky/TrashBot_ws/build/navigation_practice' returned '0': CMAKE_PREFIX_PATH=/home/vicky/TrashBot_ws/install/robot_body_perception:/opt/ros/galactic /usr/bin/cmake --build /home/vicky/TrashBot_ws/build/navigation_practice -- -j8 -l8
[0.934s] Invoking command in '/home/vicky/TrashBot_ws/build/navigation_practice': CMAKE_PREFIX_PATH=/home/vicky/TrashBot_ws/install/robot_body_perception:/opt/ros/galactic /usr/bin/cmake --install /home/vicky/TrashBot_ws/build/navigation_practice
[0.937s] -- Install configuration: ""
[0.937s] -- Installing: /home/vicky/TrashBot_ws/install/navigation_practice/share/navigation_practice/launch
[0.937s] -- Installing: /home/vicky/TrashBot_ws/install/navigation_practice/share/navigation_practice/launch/mapping.launch.py
[0.938s] -- Installing: /home/vicky/TrashBot_ws/install/navigation_practice/share/navigation_practice/config
[0.938s] -- Installing: /home/vicky/TrashBot_ws/install/navigation_practice/share/navigation_practice/config/turtlebot3_lds_2d.lua
[0.938s] -- Installing: /home/vicky/TrashBot_ws/install/navigation_practice/share/ament_index/resource_index/package_run_dependencies/navigation_practice
[0.938s] -- Installing: /home/vicky/TrashBot_ws/install/navigation_practice/share/ament_index/resource_index/parent_prefix_path/navigation_practice
[0.938s] -- Installing: /home/vicky/TrashBot_ws/install/navigation_practice/share/navigation_practice/environment/ament_prefix_path.sh
[0.938s] -- Installing: /home/vicky/TrashBot_ws/install/navigation_practice/share/navigation_practice/environment/ament_prefix_path.dsv
[0.938s] -- Installing: /home/vicky/TrashBot_ws/install/navigation_practice/share/navigation_practice/environment/path.sh
[0.938s] -- Installing: /home/vicky/TrashBot_ws/install/navigation_practice/share/navigation_practice/environment/path.dsv
[0.938s] -- Installing: /home/vicky/TrashBot_ws/install/navigation_practice/share/navigation_practice/local_setup.bash
[0.938s] -- Installing: /home/vicky/TrashBot_ws/install/navigation_practice/share/navigation_practice/local_setup.sh
[0.938s] -- Installing: /home/vicky/TrashBot_ws/install/navigation_practice/share/navigation_practice/local_setup.zsh
[0.939s] -- Installing: /home/vicky/TrashBot_ws/install/navigation_practice/share/navigation_practice/local_setup.dsv
[0.939s] -- Installing: /home/vicky/TrashBot_ws/install/navigation_practice/share/navigation_practice/package.dsv
[0.939s] -- Installing: /home/vicky/TrashBot_ws/install/navigation_practice/share/ament_index/resource_index/packages/navigation_practice
[0.939s] -- Installing: /home/vicky/TrashBot_ws/install/navigation_practice/share/navigation_practice/cmake/navigation_practiceConfig.cmake
[0.939s] -- Installing: /home/vicky/TrashBot_ws/install/navigation_practice/share/navigation_practice/cmake/navigation_practiceConfig-version.cmake
[0.939s] -- Installing: /home/vicky/TrashBot_ws/install/navigation_practice/share/navigation_practice/package.xml
[0.940s] Invoked command in '/home/vicky/TrashBot_ws/build/navigation_practice' returned '0': CMAKE_PREFIX_PATH=/home/vicky/TrashBot_ws/install/robot_body_perception:/opt/ros/galactic /usr/bin/cmake --install /home/vicky/TrashBot_ws/build/navigation_practice
