[1.502s] Invoking command in '/home/vicky/TrashBot_ws/src/robot_body_perception': PYTHONPATH=/home/vicky/TrashBot_ws/src/build/robot_body_perception/prefix_override:/usr/lib/python3/dist-packages/colcon_core/task/python/colcon_distutils_commands:/home/vicky/TrashBot_ws/src/install/robot_body_perception/lib/python3.8/site-packages:${PYTHONPATH} /usr/bin/python3 -W ignore:setup.py install is deprecated setup.py egg_info --egg-base ../build/robot_body_perception build --build-base /home/vicky/TrashBot_ws/src/build/robot_body_perception/build install --record /home/vicky/TrashBot_ws/src/build/robot_body_perception/install.log --single-version-externally-managed install_data
[2.058s] running egg_info
[2.060s] writing ../build/robot_body_perception/robot_body_perception.egg-info/PKG-INFO
[2.061s] writing dependency_links to ../build/robot_body_perception/robot_body_perception.egg-info/dependency_links.txt
[2.061s] writing entry points to ../build/robot_body_perception/robot_body_perception.egg-info/entry_points.txt
[2.062s] writing requirements to ../build/robot_body_perception/robot_body_perception.egg-info/requires.txt
[2.062s] writing top-level names to ../build/robot_body_perception/robot_body_perception.egg-info/top_level.txt
[2.134s] reading manifest file '../build/robot_body_perception/robot_body_perception.egg-info/SOURCES.txt'
[2.136s] writing manifest file '../build/robot_body_perception/robot_body_perception.egg-info/SOURCES.txt'
[2.137s] running build
[2.137s] running build_py
[2.137s] running install
[2.139s] running install_lib
[2.142s] running install_data
[2.143s] running install_egg_info
[2.147s] removing '/home/vicky/TrashBot_ws/src/install/robot_body_perception/lib/python3.8/site-packages/robot_body_perception-0.0.0-py3.8.egg-info' (and everything under it)
[2.148s] Copying ../build/robot_body_perception/robot_body_perception.egg-info to /home/vicky/TrashBot_ws/src/install/robot_body_perception/lib/python3.8/site-packages/robot_body_perception-0.0.0-py3.8.egg-info
[2.149s] running install_scripts
[2.187s] Installing wrapper script to /home/vicky/TrashBot_ws/src/install/robot_body_perception/lib/robot_body_perception
[2.188s] writing list of installed files to '/home/vicky/TrashBot_ws/src/build/robot_body_perception/install.log'
[2.231s] Invoked command in '/home/vicky/TrashBot_ws/src/robot_body_perception' returned '0': PYTHONPATH=/home/vicky/TrashBot_ws/src/build/robot_body_perception/prefix_override:/usr/lib/python3/dist-packages/colcon_core/task/python/colcon_distutils_commands:/home/vicky/TrashBot_ws/src/install/robot_body_perception/lib/python3.8/site-packages:${PYTHONPATH} /usr/bin/python3 -W ignore:setup.py install is deprecated setup.py egg_info --egg-base ../build/robot_body_perception build --build-base /home/vicky/TrashBot_ws/src/build/robot_body_perception/build install --record /home/vicky/TrashBot_ws/src/build/robot_body_perception/install.log --single-version-externally-managed install_data
