[2.096s] Invoking command in '/home/vicky/TrashBot_ws/src/robot_body_perception': PYTHONPATH=/home/vicky/TrashBot_ws/src/build/robot_body_perception/prefix_override:/usr/lib/python3/dist-packages/colcon_core/task/python/colcon_distutils_commands:/home/vicky/TrashBot_ws/src/install/robot_body_perception/lib/python3.8/site-packages:${PYTHONPATH} /usr/bin/python3 -W ignore:setup.py install is deprecated setup.py egg_info --egg-base ../build/robot_body_perception build --build-base /home/vicky/TrashBot_ws/src/build/robot_body_perception/build install --record /home/vicky/TrashBot_ws/src/build/robot_body_perception/install.log --single-version-externally-managed install_data
[2.921s] running egg_info
[2.924s] writing ../build/robot_body_perception/robot_body_perception.egg-info/PKG-INFO
[2.924s] writing dependency_links to ../build/robot_body_perception/robot_body_perception.egg-info/dependency_links.txt
[2.924s] writing entry points to ../build/robot_body_perception/robot_body_perception.egg-info/entry_points.txt
[2.926s] writing requirements to ../build/robot_body_perception/robot_body_perception.egg-info/requires.txt
[2.926s] writing top-level names to ../build/robot_body_perception/robot_body_perception.egg-info/top_level.txt
[3.028s] reading manifest file '../build/robot_body_perception/robot_body_perception.egg-info/SOURCES.txt'
[3.030s] writing manifest file '../build/robot_body_perception/robot_body_perception.egg-info/SOURCES.txt'
[3.031s] running build
[3.031s] running build_py
[3.032s] running install
[3.033s] running install_lib
[3.037s] running install_data
[3.037s] running install_egg_info
[3.044s] removing '/home/vicky/TrashBot_ws/src/install/robot_body_perception/lib/python3.8/site-packages/robot_body_perception-0.0.0-py3.8.egg-info' (and everything under it)
[3.044s] Copying ../build/robot_body_perception/robot_body_perception.egg-info to /home/vicky/TrashBot_ws/src/install/robot_body_perception/lib/python3.8/site-packages/robot_body_perception-0.0.0-py3.8.egg-info
[3.046s] running install_scripts
[3.099s] Installing wrapper script to /home/vicky/TrashBot_ws/src/install/robot_body_perception/lib/robot_body_perception
[3.100s] writing list of installed files to '/home/vicky/TrashBot_ws/src/build/robot_body_perception/install.log'
