[1.216s] DEBUG:colcon:Command line arguments: ['/usr/bin/colcon', 'build']
[1.217s] DEBUG:colcon:Parsed command line arguments: Namespace(allow_overriding=[], ament_cmake_args=None, base_paths=['.'], bazel_args=None, bazel_task=None, build_base='build', catkin_cmake_args=None, catkin_skip_building_tests=False, cmake_args=None, cmake_clean_cache=False, cmake_clean_first=False, cmake_force_configure=False, cmake_target=None, cmake_target_skip_unavailable=False, continue_on_error=False, event_handlers=None, executor='parallel', ignore_user_meta=False, install_base='install', log_base=None, log_level=None, main=<bound method BuildVerb.main of <colcon_core.verb.build.BuildVerb object at 0x7f176a352160>>, merge_install=False, metas=['./colcon.meta'], mixin=None, mixin_files=None, mixin_verb=('build',), packages_above=None, packages_above_and_dependencies=None, packages_above_depth=None, packages_end=None, packages_ignore=None, packages_ignore_regex=None, packages_select=None, packages_select_build_failed=False, packages_select_by_dep=None, packages_select_regex=None, packages_select_test_failures=False, packages_skip=None, packages_skip_build_finished=False, packages_skip_by_dep=None, packages_skip_regex=None, packages_skip_test_passed=False, packages_skip_up_to=None, packages_start=None, packages_up_to=None, packages_up_to_regex=None, parallel_workers=8, paths=None, symlink_install=False, test_result_base=None, verb_extension=<colcon_core.verb.build.BuildVerb object at 0x7f176a352160>, verb_name='build', verb_parser=<colcon_alias.argument_parser.alias.AliasArgumentDecorator object at 0x7f176a361340>)
[1.722s] Level 1:colcon.colcon_core.package_discovery:discover_packages(colcon_meta) check parameters
[1.722s] Level 1:colcon.colcon_core.package_discovery:discover_packages(recursive) check parameters
[1.722s] Level 1:colcon.colcon_core.package_discovery:discover_packages(ignore) check parameters
[1.722s] Level 1:colcon.colcon_core.package_discovery:discover_packages(path) check parameters
[1.722s] Level 1:colcon.colcon_core.package_discovery:discover_packages(colcon_meta) discover
[1.723s] Level 1:colcon.colcon_core.package_discovery:discover_packages(recursive) discover
[1.723s] INFO:colcon.colcon_core.package_discovery:Crawling recursively for packages in '/home/vicky/TrashBot_ws'
[1.723s] Level 1:colcon.colcon_core.package_identification:_identify(.) by extensions ['ignore', 'ignore_ament_install']
[1.723s] Level 1:colcon.colcon_core.package_identification:_identify(.) by extension 'ignore'
[1.723s] Level 1:colcon.colcon_core.package_identification:_identify(.) by extension 'ignore_ament_install'
[1.724s] Level 1:colcon.colcon_core.package_identification:_identify(.) by extensions ['colcon_pkg']
[1.724s] Level 1:colcon.colcon_core.package_identification:_identify(.) by extension 'colcon_pkg'
[1.724s] Level 1:colcon.colcon_core.package_identification:_identify(.) by extensions ['colcon_meta']
[1.724s] Level 1:colcon.colcon_core.package_identification:_identify(.) by extension 'colcon_meta'
[1.724s] Level 1:colcon.colcon_core.package_identification:_identify(.) by extensions ['ros']
[1.724s] Level 1:colcon.colcon_core.package_identification:_identify(.) by extension 'ros'
[1.731s] Level 1:colcon.colcon_core.package_identification:_identify(.) by extensions ['bazel', 'cmake', 'python']
[1.731s] Level 1:colcon.colcon_core.package_identification:_identify(.) by extension 'bazel'
[1.731s] Level 1:colcon.colcon_core.package_identification:_identify(.) by extension 'cmake'
[1.731s] Level 1:colcon.colcon_core.package_identification:_identify(.) by extension 'python'
[1.731s] Level 1:colcon.colcon_core.package_identification:_identify(.) by extensions ['python_setup_py']
[1.731s] Level 1:colcon.colcon_core.package_identification:_identify(.) by extension 'python_setup_py'
[1.732s] Level 1:colcon.colcon_core.package_identification:_identify(build) by extensions ['ignore', 'ignore_ament_install']
[1.732s] Level 1:colcon.colcon_core.package_identification:_identify(build) by extension 'ignore'
[1.732s] Level 1:colcon.colcon_core.package_identification:_identify(build) ignored
[1.732s] Level 1:colcon.colcon_core.package_identification:_identify(install) by extensions ['ignore', 'ignore_ament_install']
[1.732s] Level 1:colcon.colcon_core.package_identification:_identify(install) by extension 'ignore'
[1.732s] Level 1:colcon.colcon_core.package_identification:_identify(install) ignored
[1.733s] Level 1:colcon.colcon_core.package_identification:_identify(log) by extensions ['ignore', 'ignore_ament_install']
[1.733s] Level 1:colcon.colcon_core.package_identification:_identify(log) by extension 'ignore'
[1.733s] Level 1:colcon.colcon_core.package_identification:_identify(log) ignored
[1.733s] Level 1:colcon.colcon_core.package_identification:_identify(src) by extensions ['ignore', 'ignore_ament_install']
[1.733s] Level 1:colcon.colcon_core.package_identification:_identify(src) by extension 'ignore'
[1.734s] Level 1:colcon.colcon_core.package_identification:_identify(src) by extension 'ignore_ament_install'
[1.734s] Level 1:colcon.colcon_core.package_identification:_identify(src) by extensions ['colcon_pkg']
[1.734s] Level 1:colcon.colcon_core.package_identification:_identify(src) by extension 'colcon_pkg'
[1.734s] Level 1:colcon.colcon_core.package_identification:_identify(src) by extensions ['colcon_meta']
[1.734s] Level 1:colcon.colcon_core.package_identification:_identify(src) by extension 'colcon_meta'
[1.734s] Level 1:colcon.colcon_core.package_identification:_identify(src) by extensions ['ros']
[1.734s] Level 1:colcon.colcon_core.package_identification:_identify(src) by extension 'ros'
[1.734s] Level 1:colcon.colcon_core.package_identification:_identify(src) by extensions ['bazel', 'cmake', 'python']
[1.734s] Level 1:colcon.colcon_core.package_identification:_identify(src) by extension 'bazel'
[1.734s] Level 1:colcon.colcon_core.package_identification:_identify(src) by extension 'cmake'
[1.734s] Level 1:colcon.colcon_core.package_identification:_identify(src) by extension 'python'
[1.735s] Level 1:colcon.colcon_core.package_identification:_identify(src) by extensions ['python_setup_py']
[1.735s] Level 1:colcon.colcon_core.package_identification:_identify(src) by extension 'python_setup_py'
[1.735s] Level 1:colcon.colcon_core.package_identification:_identify(src/robot_body_perception) by extensions ['ignore', 'ignore_ament_install']
[1.735s] Level 1:colcon.colcon_core.package_identification:_identify(src/robot_body_perception) by extension 'ignore'
[1.735s] Level 1:colcon.colcon_core.package_identification:_identify(src/robot_body_perception) by extension 'ignore_ament_install'
[1.735s] Level 1:colcon.colcon_core.package_identification:_identify(src/robot_body_perception) by extensions ['colcon_pkg']
[1.735s] Level 1:colcon.colcon_core.package_identification:_identify(src/robot_body_perception) by extension 'colcon_pkg'
[1.735s] Level 1:colcon.colcon_core.package_identification:_identify(src/robot_body_perception) by extensions ['colcon_meta']
[1.735s] Level 1:colcon.colcon_core.package_identification:_identify(src/robot_body_perception) by extension 'colcon_meta'
[1.735s] Level 1:colcon.colcon_core.package_identification:_identify(src/robot_body_perception) by extensions ['ros']
[1.736s] Level 1:colcon.colcon_core.package_identification:_identify(src/robot_body_perception) by extension 'ros'
[1.744s] DEBUG:colcon.colcon_core.package_identification:Package 'src/robot_body_perception' with type 'ros.ament_python' and name 'robot_body_perception'
[1.745s] Level 1:colcon.colcon_core.package_discovery:discover_packages(recursive) using defaults
[1.745s] Level 1:colcon.colcon_core.package_discovery:discover_packages(ignore) discover
[1.745s] Level 1:colcon.colcon_core.package_discovery:discover_packages(ignore) using defaults
[1.745s] Level 1:colcon.colcon_core.package_discovery:discover_packages(path) discover
[1.745s] Level 1:colcon.colcon_core.package_discovery:discover_packages(path) using defaults
[1.813s] Level 1:colcon.colcon_core.package_discovery:discover_packages(prefix_path) check parameters
[1.814s] Level 1:colcon.colcon_core.package_discovery:discover_packages(prefix_path) discover
[1.822s] DEBUG:colcon.colcon_installed_package_information.package_discovery:Found 371 installed packages in /opt/ros/galactic
[1.829s] Level 1:colcon.colcon_core.package_discovery:discover_packages(prefix_path) using defaults
[2.082s] Level 5:colcon.colcon_core.verb:set package 'robot_body_perception' build argument 'bazel_args' from command line to 'None'
[2.082s] Level 5:colcon.colcon_core.verb:set package 'robot_body_perception' build argument 'bazel_task' from command line to 'None'
[2.083s] Level 5:colcon.colcon_core.verb:set package 'robot_body_perception' build argument 'cmake_args' from command line to 'None'
[2.083s] Level 5:colcon.colcon_core.verb:set package 'robot_body_perception' build argument 'cmake_target' from command line to 'None'
[2.083s] Level 5:colcon.colcon_core.verb:set package 'robot_body_perception' build argument 'cmake_target_skip_unavailable' from command line to 'False'
[2.083s] Level 5:colcon.colcon_core.verb:set package 'robot_body_perception' build argument 'cmake_clean_cache' from command line to 'False'
[2.083s] Level 5:colcon.colcon_core.verb:set package 'robot_body_perception' build argument 'cmake_clean_first' from command line to 'False'
[2.083s] Level 5:colcon.colcon_core.verb:set package 'robot_body_perception' build argument 'cmake_force_configure' from command line to 'False'
[2.083s] Level 5:colcon.colcon_core.verb:set package 'robot_body_perception' build argument 'ament_cmake_args' from command line to 'None'
[2.083s] Level 5:colcon.colcon_core.verb:set package 'robot_body_perception' build argument 'catkin_cmake_args' from command line to 'None'
[2.083s] Level 5:colcon.colcon_core.verb:set package 'robot_body_perception' build argument 'catkin_skip_building_tests' from command line to 'False'
[2.083s] DEBUG:colcon.colcon_core.verb:Building package 'robot_body_perception' with the following arguments: {'ament_cmake_args': None, 'bazel_args': None, 'bazel_task': None, 'build_base': '/home/vicky/TrashBot_ws/build/robot_body_perception', 'catkin_cmake_args': None, 'catkin_skip_building_tests': False, 'cmake_args': None, 'cmake_clean_cache': False, 'cmake_clean_first': False, 'cmake_force_configure': False, 'cmake_target': None, 'cmake_target_skip_unavailable': False, 'install_base': '/home/vicky/TrashBot_ws/install/robot_body_perception', 'merge_install': False, 'path': '/home/vicky/TrashBot_ws/src/robot_body_perception', 'symlink_install': False, 'test_result_base': None}
[2.083s] INFO:colcon.colcon_core.executor:Executing jobs using 'parallel' executor
[2.086s] DEBUG:colcon.colcon_parallel_executor.executor.parallel:run_until_complete
[2.086s] INFO:colcon.colcon_ros.task.ament_python.build:Building ROS package in '/home/vicky/TrashBot_ws/src/robot_body_perception' with build type 'ament_python'
[2.087s] Level 1:colcon.colcon_core.shell:create_environment_hook('robot_body_perception', 'ament_prefix_path')
[2.096s] INFO:colcon.colcon_core.plugin_system:Skipping extension 'colcon_core.shell.bat': Not used on non-Windows systems
[2.097s] INFO:colcon.colcon_core.shell:Creating environment hook '/home/vicky/TrashBot_ws/install/robot_body_perception/share/robot_body_perception/hook/ament_prefix_path.ps1'
[2.099s] INFO:colcon.colcon_core.shell:Creating environment descriptor '/home/vicky/TrashBot_ws/install/robot_body_perception/share/robot_body_perception/hook/ament_prefix_path.dsv'
[2.101s] INFO:colcon.colcon_core.shell:Creating environment hook '/home/vicky/TrashBot_ws/install/robot_body_perception/share/robot_body_perception/hook/ament_prefix_path.sh'
[2.103s] INFO:colcon.colcon_core.shell:Skip shell extension 'powershell' for command environment: Not usable outside of PowerShell
[2.103s] DEBUG:colcon.colcon_core.shell:Skip shell extension 'dsv' for command environment
[2.971s] INFO:colcon.colcon_core.task.python.build:Building Python package in '/home/vicky/TrashBot_ws/src/robot_body_perception'
[2.973s] INFO:colcon.colcon_core.shell:Skip shell extension 'powershell' for command environment: Not usable outside of PowerShell
[2.974s] DEBUG:colcon.colcon_core.shell:Skip shell extension 'dsv' for command environment
[5.260s] DEBUG:colcon.colcon_core.event_handler.log_command:Invoking command in '/home/vicky/TrashBot_ws/src/robot_body_perception': PYTHONPATH=/home/vicky/TrashBot_ws/build/robot_body_perception/prefix_override:/usr/lib/python3/dist-packages/colcon_core/task/python/colcon_distutils_commands:/home/vicky/TrashBot_ws/install/robot_body_perception/lib/python3.8/site-packages:${PYTHONPATH} /usr/bin/python3 -W ignore:setup.py install is deprecated setup.py egg_info --egg-base ../../build/robot_body_perception build --build-base /home/vicky/TrashBot_ws/build/robot_body_perception/build install --record /home/vicky/TrashBot_ws/build/robot_body_perception/install.log --single-version-externally-managed install_data
[6.760s] DEBUG:colcon.colcon_core.event_handler.log_command:Invoked command in '/home/vicky/TrashBot_ws/src/robot_body_perception' returned '0': PYTHONPATH=/home/vicky/TrashBot_ws/build/robot_body_perception/prefix_override:/usr/lib/python3/dist-packages/colcon_core/task/python/colcon_distutils_commands:/home/vicky/TrashBot_ws/install/robot_body_perception/lib/python3.8/site-packages:${PYTHONPATH} /usr/bin/python3 -W ignore:setup.py install is deprecated setup.py egg_info --egg-base ../../build/robot_body_perception build --build-base /home/vicky/TrashBot_ws/build/robot_body_perception/build install --record /home/vicky/TrashBot_ws/build/robot_body_perception/install.log --single-version-externally-managed install_data
[6.771s] Level 1:colcon.colcon_core.environment:checking '/home/vicky/TrashBot_ws/install/robot_body_perception' for CMake module files
[6.772s] Level 1:colcon.colcon_core.environment:checking '/home/vicky/TrashBot_ws/install/robot_body_perception' for CMake config files
[6.774s] Level 1:colcon.colcon_core.environment:checking '/home/vicky/TrashBot_ws/install/robot_body_perception/lib'
[6.775s] Level 1:colcon.colcon_core.environment:checking '/home/vicky/TrashBot_ws/install/robot_body_perception/bin'
[6.775s] Level 1:colcon.colcon_core.environment:checking '/home/vicky/TrashBot_ws/install/robot_body_perception/lib/pkgconfig/robot_body_perception.pc'
[6.775s] Level 1:colcon.colcon_core.environment:checking '/home/vicky/TrashBot_ws/install/robot_body_perception/lib/python3.8/site-packages'
[6.776s] Level 1:colcon.colcon_core.shell:create_environment_hook('robot_body_perception', 'pythonpath')
[6.777s] INFO:colcon.colcon_core.shell:Creating environment hook '/home/vicky/TrashBot_ws/install/robot_body_perception/share/robot_body_perception/hook/pythonpath.ps1'
[6.778s] INFO:colcon.colcon_core.shell:Creating environment descriptor '/home/vicky/TrashBot_ws/install/robot_body_perception/share/robot_body_perception/hook/pythonpath.dsv'
[6.779s] INFO:colcon.colcon_core.shell:Creating environment hook '/home/vicky/TrashBot_ws/install/robot_body_perception/share/robot_body_perception/hook/pythonpath.sh'
[6.780s] Level 1:colcon.colcon_core.environment:checking '/home/vicky/TrashBot_ws/install/robot_body_perception/bin'
[6.781s] Level 1:colcon.colcon_core.environment:create_environment_scripts_only(robot_body_perception)
[6.782s] INFO:colcon.colcon_core.shell:Creating package script '/home/vicky/TrashBot_ws/install/robot_body_perception/share/robot_body_perception/package.ps1'
[6.785s] INFO:colcon.colcon_core.shell:Creating package descriptor '/home/vicky/TrashBot_ws/install/robot_body_perception/share/robot_body_perception/package.dsv'
[6.788s] INFO:colcon.colcon_core.shell:Creating package script '/home/vicky/TrashBot_ws/install/robot_body_perception/share/robot_body_perception/package.sh'
[6.792s] INFO:colcon.colcon_core.shell:Creating package script '/home/vicky/TrashBot_ws/install/robot_body_perception/share/robot_body_perception/package.bash'
[6.794s] INFO:colcon.colcon_core.shell:Creating package script '/home/vicky/TrashBot_ws/install/robot_body_perception/share/robot_body_perception/package.zsh'
[6.798s] Level 1:colcon.colcon_core.environment:create_file_with_runtime_dependencies(/home/vicky/TrashBot_ws/install/robot_body_perception/share/colcon-core/packages/robot_body_perception)
[6.799s] DEBUG:colcon.colcon_parallel_executor.executor.parallel:closing loop
[6.800s] DEBUG:colcon.colcon_parallel_executor.executor.parallel:loop closed
[6.801s] DEBUG:colcon.colcon_parallel_executor.executor.parallel:run_until_complete finished with '0'
[6.801s] DEBUG:colcon.colcon_core.event_reactor:joining thread
[6.818s] INFO:colcon.colcon_core.plugin_system:Skipping extension 'colcon_notification.desktop_notification.terminal_notifier': Not used on non-Darwin systems
[6.819s] INFO:colcon.colcon_core.plugin_system:Skipping extension 'colcon_notification.desktop_notification.win32': Not used on non-Windows systems
[6.819s] INFO:colcon.colcon_notification.desktop_notification:Sending desktop notification using 'notify2'
[6.875s] DEBUG:colcon.colcon_core.event_reactor:joined thread
[6.876s] INFO:colcon.colcon_core.shell:Creating prefix script '/home/vicky/TrashBot_ws/install/local_setup.ps1'
[6.878s] INFO:colcon.colcon_core.shell:Creating prefix util module '/home/vicky/TrashBot_ws/install/_local_setup_util_ps1.py'
[6.884s] INFO:colcon.colcon_core.shell:Creating prefix chain script '/home/vicky/TrashBot_ws/install/setup.ps1'
[6.887s] INFO:colcon.colcon_core.shell:Creating prefix script '/home/vicky/TrashBot_ws/install/local_setup.sh'
[6.890s] INFO:colcon.colcon_core.shell:Creating prefix util module '/home/vicky/TrashBot_ws/install/_local_setup_util_sh.py'
[6.891s] INFO:colcon.colcon_core.shell:Creating prefix chain script '/home/vicky/TrashBot_ws/install/setup.sh'
[6.895s] INFO:colcon.colcon_core.shell:Creating prefix script '/home/vicky/TrashBot_ws/install/local_setup.bash'
[6.897s] INFO:colcon.colcon_core.shell:Creating prefix chain script '/home/vicky/TrashBot_ws/install/setup.bash'
[6.902s] INFO:colcon.colcon_core.shell:Creating prefix script '/home/vicky/TrashBot_ws/install/local_setup.zsh'
[6.905s] INFO:colcon.colcon_core.shell:Creating prefix chain script '/home/vicky/TrashBot_ws/install/setup.zsh'
[6.908s] INFO:colcon.colcon_core.shell:Creating '/home/vicky/TrashBot_ws/install/spawn_shell.bash'
