-- Found ament_cmake: 1.1.6 (/opt/ros/galactic/share/ament_cmake/cmake)
[33mCMake Warning (dev) at /opt/ros/galactic/share/ament_cmake_core/cmake/core/python.cmake:22 (find_package):
  Policy CMP0148 is not set: The FindPythonInterp and FindPythonLibs modules
  are removed.  Run "cmake --help-policy CMP0148" for policy details.  Use
  the cmake_policy command to set the policy and suppress this warning.

Call Stack (most recent call first):
  /opt/ros/galactic/share/ament_cmake_core/cmake/core/all.cmake:53 (include)
  /opt/ros/galactic/share/ament_cmake_core/cmake/ament_cmake_core-extras.cmake:17 (include)
  /opt/ros/galactic/share/ament_cmake_core/cmake/ament_cmake_coreConfig.cmake:41 (include)
  /opt/ros/galactic/share/ament_cmake/cmake/ament_cmake_export_dependencies-extras.cmake:15 (find_package)
  /opt/ros/galactic/share/ament_cmake/cmake/ament_cmakeConfig.cmake:41 (include)
  CMakeLists.txt:9 (find_package)
This warning is for project developers.  Use -Wno-dev to suppress it.
[0m
-- Using PYTHON_EXECUTABLE: /usr/bin/python3
-- Override CMake install command with custom implementation using symlinks instead of copying resources
-- Found rclcpp: 9.2.2 (/opt/ros/galactic/share/rclcpp/cmake)
-- Using all available rosidl_typesupport_c: rosidl_typesupport_fastrtps_c;rosidl_typesupport_introspection_c
-- Found rosidl_adapter: 2.2.3 (/opt/ros/galactic/share/rosidl_adapter/cmake)
-- Using all available rosidl_typesupport_cpp: rosidl_typesupport_fastrtps_cpp;rosidl_typesupport_introspection_cpp
-- Found rmw_implementation_cmake: 3.3.1 (/opt/ros/galactic/share/rmw_implementation_cmake/cmake)
-- Found rmw_cyclonedds_cpp: 0.22.6 (/opt/ros/galactic/share/rmw_cyclonedds_cpp/cmake)
-- Using RMW implementation 'rmw_cyclonedds_cpp' as default
-- Found nav_msgs: 2.2.4 (/opt/ros/galactic/share/nav_msgs/cmake)
-- Found ament_lint_auto: 0.10.7 (/opt/ros/galactic/share/ament_lint_auto/cmake)
-- Added test 'copyright' to check source files copyright and LICENSE
-- Added test 'cppcheck' to perform static code analysis on C / C++ code
-- Configured cppcheck include dirs: 
-- Configured cppcheck exclude dirs and/or files: 
-- Added test 'cpplint' to check C / C++ code against the Google style
-- Configured cpplint exclude dirs and/or files: 
-- Added test 'lint_cmake' to check CMake code style
-- Added test 'uncrustify' to check C / C++ code style
-- Configured uncrustify additional arguments: 
-- Added test 'xmllint' to check XML markup files
-- Configuring done (0.5s)
-- Generating done (0.0s)
-- Build files have been written to: /home/vicky/TrashBot_ws/src/build/robot_body_planning
[ 50%] [32mBuilding CXX object CMakeFiles/occupancy_map_retrieval.dir/src/occupancy_to_pose.cpp.o[0m
[01m[K/home/vicky/TrashBot_ws/src/robot_body_planning/src/occupancy_to_pose.cpp:[m[K In member function ‘[01m[Kvoid OccupancyGridToPoseGraph::obstacles_callback(nav_msgs::msg::OccupancyGrid_<std::allocator<void> >::SharedPtr) const[m[K’:
[01m[K/home/vicky/TrashBot_ws/src/robot_body_planning/src/occupancy_to_pose.cpp:38:31:[m[K [01;35m[Kwarning: [m[Kcomparison of integer expressions of different signedness: ‘[01m[Kint[m[K’ and ‘[01m[Kstd::vector<signed char, std::allocator<signed char> >::size_type[m[K’ {aka ‘[01m[Klong unsigned int[m[K’} [[01;35m[K-Wsign-compare[m[K]
   38 |             for (int k = 0; [01;35m[Kk < obstacles.data.size()[m[K; k++) {
      |                             [01;35m[K~~^~~~~~~~~~~~~~~~~~~~~~~[m[K
[100%] [32m[1mLinking CXX executable occupancy_map_retrieval[0m
[100%] Built target occupancy_map_retrieval
-- Install configuration: ""
-- Execute custom install script
-- Up-to-date symlink: /home/vicky/TrashBot_ws/src/install/robot_body_planning/lib/robot_body_planning/occupancy_map_retrieval
-- Up-to-date symlink: /home/vicky/TrashBot_ws/src/install/robot_body_planning/share/ament_index/resource_index/package_run_dependencies/robot_body_planning
-- Up-to-date symlink: /home/vicky/TrashBot_ws/src/install/robot_body_planning/share/ament_index/resource_index/parent_prefix_path/robot_body_planning
-- Up-to-date symlink: /home/vicky/TrashBot_ws/src/install/robot_body_planning/share/robot_body_planning/environment/ament_prefix_path.sh
-- Up-to-date symlink: /home/vicky/TrashBot_ws/src/install/robot_body_planning/share/robot_body_planning/environment/ament_prefix_path.dsv
-- Up-to-date symlink: /home/vicky/TrashBot_ws/src/install/robot_body_planning/share/robot_body_planning/environment/path.sh
-- Up-to-date symlink: /home/vicky/TrashBot_ws/src/install/robot_body_planning/share/robot_body_planning/environment/path.dsv
-- Up-to-date symlink: /home/vicky/TrashBot_ws/src/install/robot_body_planning/share/robot_body_planning/local_setup.bash
-- Up-to-date symlink: /home/vicky/TrashBot_ws/src/install/robot_body_planning/share/robot_body_planning/local_setup.sh
-- Up-to-date symlink: /home/vicky/TrashBot_ws/src/install/robot_body_planning/share/robot_body_planning/local_setup.zsh
-- Up-to-date symlink: /home/vicky/TrashBot_ws/src/install/robot_body_planning/share/robot_body_planning/local_setup.dsv
-- Symlinking: /home/vicky/TrashBot_ws/src/install/robot_body_planning/share/robot_body_planning/package.dsv
-- Up-to-date symlink: /home/vicky/TrashBot_ws/src/install/robot_body_planning/share/ament_index/resource_index/packages/robot_body_planning
-- Up-to-date symlink: /home/vicky/TrashBot_ws/src/install/robot_body_planning/share/robot_body_planning/cmake/robot_body_planningConfig.cmake
-- Up-to-date symlink: /home/vicky/TrashBot_ws/src/install/robot_body_planning/share/robot_body_planning/cmake/robot_body_planningConfig-version.cmake
-- Up-to-date symlink: /home/vicky/TrashBot_ws/src/install/robot_body_planning/share/robot_body_planning/package.xml
