[0.239s] Invoking command in '/home/vicky/TrashBot_ws/src/build/robot_body_planning': CMAKE_PREFIX_PATH=${CMAKE_PREFIX_PATH}:/home/vicky/TrashBot_ws/src/install/robot_body_perception:/opt/ros/galactic /usr/bin/cmake --build /home/vicky/TrashBot_ws/src/build/robot_body_planning -- -j8 -l8
[0.253s] -- Found ament_cmake: 1.1.6 (/opt/ros/galactic/share/ament_cmake/cmake)
[0.254s] [33mCMake Warning (dev) at /opt/ros/galactic/share/ament_cmake_core/cmake/core/python.cmake:22 (find_package):
[0.254s]   Policy CMP0148 is not set: The FindPythonInterp and FindPythonLibs modules
[0.254s]   are removed.  Run "cmake --help-policy CMP0148" for policy details.  Use
[0.254s]   the cmake_policy command to set the policy and suppress this warning.
[0.254s] 
[0.254s] Call Stack (most recent call first):
[0.254s]   /opt/ros/galactic/share/ament_cmake_core/cmake/core/all.cmake:53 (include)
[0.254s]   /opt/ros/galactic/share/ament_cmake_core/cmake/ament_cmake_core-extras.cmake:17 (include)
[0.254s]   /opt/ros/galactic/share/ament_cmake_core/cmake/ament_cmake_coreConfig.cmake:41 (include)
[0.254s]   /opt/ros/galactic/share/ament_cmake/cmake/ament_cmake_export_dependencies-extras.cmake:15 (find_package)
[0.254s]   /opt/ros/galactic/share/ament_cmake/cmake/ament_cmakeConfig.cmake:41 (include)
[0.254s]   CMakeLists.txt:9 (find_package)
[0.254s] This warning is for project developers.  Use -Wno-dev to suppress it.
[0.255s] [0m
[0.276s] -- Using PYTHON_EXECUTABLE: /usr/bin/python3
[0.343s] -- Found rclcpp: 9.2.2 (/opt/ros/galactic/share/rclcpp/cmake)
[0.381s] -- Using all available rosidl_typesupport_c: rosidl_typesupport_fastrtps_c;rosidl_typesupport_introspection_c
[0.385s] -- Found rosidl_adapter: 2.2.3 (/opt/ros/galactic/share/rosidl_adapter/cmake)
[0.520s] -- Using all available rosidl_typesupport_cpp: rosidl_typesupport_fastrtps_cpp;rosidl_typesupport_introspection_cpp
[0.562s] -- Found rmw_implementation_cmake: 3.3.1 (/opt/ros/galactic/share/rmw_implementation_cmake/cmake)
[0.564s] -- Found rmw_cyclonedds_cpp: 0.22.6 (/opt/ros/galactic/share/rmw_cyclonedds_cpp/cmake)
[0.580s] -- Using RMW implementation 'rmw_cyclonedds_cpp' as default
[0.684s] -- Found nav_msgs: 2.2.4 (/opt/ros/galactic/share/nav_msgs/cmake)
[0.774s] -- Found ament_lint_auto: 0.10.7 (/opt/ros/galactic/share/ament_lint_auto/cmake)
[0.832s] -- Added test 'copyright' to check source files copyright and LICENSE
[0.833s] -- Added test 'cppcheck' to perform static code analysis on C / C++ code
[0.833s] -- Configured cppcheck include dirs: 
[0.833s] -- Configured cppcheck exclude dirs and/or files: 
[0.834s] -- Added test 'cpplint' to check C / C++ code against the Google style
[0.834s] -- Configured cpplint exclude dirs and/or files: 
[0.834s] -- Added test 'lint_cmake' to check CMake code style
[0.835s] -- Added test 'uncrustify' to check C / C++ code style
[0.835s] -- Configured uncrustify additional arguments: 
[0.835s] -- Added test 'xmllint' to check XML markup files
[0.835s] -- Configuring done (0.6s)
[0.847s] -- Generating done (0.0s)
[0.847s] -- Build files have been written to: /home/vicky/TrashBot_ws/src/build/robot_body_planning
[0.867s] [ 50%] [32mBuilding CXX object CMakeFiles/occupancy_map_retrieval.dir/src/test.cpp.o[0m
[2.242s] [01m[K/home/vicky/TrashBot_ws/src/robot_body_planning/src/test.cpp:47:2:[m[K [01;31m[Kerror: [m[Kexpected ‘[01m[K;[m[K’ after class definition
[2.242s]    47 | }
[2.242s]       |  [01;31m[K^[m[K
[2.242s]       |  [32m[K;[m[K
[2.242s] [01m[K/home/vicky/TrashBot_ws/src/robot_body_planning/src/test.cpp:[m[K In constructor ‘[01m[KOccupancyGridToPoseGraph::OccupancyGridToPoseGraph()[m[K’:
[2.242s] [01m[K/home/vicky/TrashBot_ws/src/robot_body_planning/src/test.cpp:15:64:[m[K [01;31m[Kerror: [m[Kclass ‘[01m[KOccupancyGridToPoseGraph[m[K’ does not have any field named ‘[01m[Kcount_[m[K’
[2.242s]    15 |         : Node("occupancy_grid_to_pose_graph_converter_node"), [01;31m[Kcount_[m[K(0)
[2.242s]       |                                                                [01;31m[K^~~~~~[m[K
[2.243s] [01m[K/home/vicky/TrashBot_ws/src/robot_body_planning/src/test.cpp:18:177:[m[K [01;31m[Kerror: [m[K‘[01m[K_1[m[K’ was not declared in this scope; did you mean ‘[01m[Kstd::placeholders::_1[m[K’?
[2.243s]    18 |             occupancy_grid_from_slam_subscriber = this->create_subscription<nav_msgs::msg::OccupancyGrid>("/map", 10, std::bind(&OccupancyGridToPoseGraph::grid_callback, this, [01;31m[K_1[m[K));
[2.243s]       |                                                                                                                                                                                 [01;31m[K^~[m[K
[2.243s]       |                                                                                                                                                                                 [32m[Kstd::placeholders::_1[m[K
[2.243s] In file included from [01m[K/usr/include/c++/9/pstl/glue_algorithm_defs.h:13[m[K,
[2.243s]                  from [01m[K/usr/include/c++/9/algorithm:71[m[K,
[2.243s]                  from [01m[K/opt/ros/galactic/include/rclcpp/executor.hpp:18[m[K,
[2.243s]                  from [01m[K/opt/ros/galactic/include/rclcpp/executors/multi_threaded_executor.hpp:26[m[K,
[2.243s]                  from [01m[K/opt/ros/galactic/include/rclcpp/executors.hpp:21[m[K,
[2.243s]                  from [01m[K/opt/ros/galactic/include/rclcpp/rclcpp.hpp:156[m[K,
[2.243s]                  from [01m[K/home/vicky/TrashBot_ws/src/robot_body_planning/src/test.cpp:1[m[K:
[2.243s] [01m[K/usr/include/c++/9/functional:211:34:[m[K [01;36m[Knote: [m[K‘[01m[Kstd::placeholders::_1[m[K’ declared here
[2.244s]   211 |     extern const _Placeholder<1> [01;36m[K_1[m[K;
[2.244s]       |                                  [01;36m[K^~[m[K
[2.736s] make[2]: *** [CMakeFiles/occupancy_map_retrieval.dir/build.make:76: CMakeFiles/occupancy_map_retrieval.dir/src/test.cpp.o] Error 1
[2.736s] make[1]: *** [CMakeFiles/Makefile2:137: CMakeFiles/occupancy_map_retrieval.dir/all] Error 2
[2.736s] make: *** [Makefile:146: all] Error 2
[2.737s] Invoked command in '/home/vicky/TrashBot_ws/src/build/robot_body_planning' returned '2': CMAKE_PREFIX_PATH=${CMAKE_PREFIX_PATH}:/home/vicky/TrashBot_ws/src/install/robot_body_perception:/opt/ros/galactic /usr/bin/cmake --build /home/vicky/TrashBot_ws/src/build/robot_body_planning -- -j8 -l8
