[33mCMake Warning (dev) at /opt/ros/galactic/share/ament_cmake_core/cmake/core/python.cmake:22 (find_package):
  Policy CMP0148 is not set: The FindPythonInterp and FindPythonLibs modules
  are removed.  Run "cmake --help-policy CMP0148" for policy details.  Use
  the cmake_policy command to set the policy and suppress this warning.

Call Stack (most recent call first):
  /opt/ros/galactic/share/ament_cmake_core/cmake/core/all.cmake:53 (include)
  /opt/ros/galactic/share/ament_cmake_core/cmake/ament_cmake_core-extras.cmake:17 (include)
  /opt/ros/galactic/share/ament_cmake_core/cmake/ament_cmake_coreConfig.cmake:41 (include)
  /opt/ros/galactic/share/ament_cmake/cmake/ament_cmake_export_dependencies-extras.cmake:15 (find_package)
  /opt/ros/galactic/share/ament_cmake/cmake/ament_cmakeConfig.cmake:41 (include)
  CMakeLists.txt:9 (find_package)
This warning is for project developers.  Use -Wno-dev to suppress it.
[0m
[33mCMake Warning (dev) at /usr/lib/x86_64-linux-gnu/cmake/CGAL/CGAL_SetupBoost.cmake:20 (find_package):
  Policy CMP0167 is not set: The FindBoost module is removed.  Run "cmake
  --help-policy CMP0167" for policy details.  Use the cmake_policy command to
  set the policy and suppress this warning.

Call Stack (most recent call first):
  /usr/lib/x86_64-linux-gnu/cmake/CGAL/CGAL_SetupCGALDependencies.cmake:52 (include)
  /usr/lib/x86_64-linux-gnu/cmake/CGAL/CGALConfig.cmake:125 (include)
  CMakeLists.txt:13 (find_package)
This warning is for project developers.  Use -Wno-dev to suppress it.
[0m
[33mCMake Warning at /usr/lib/x86_64-linux-gnu/cmake/CGAL/CGAL_enable_end_of_configuration_hook.cmake:99 (message):
  =======================================================================

  CGAL performance notice:

  The variable CMAKE_BUILD_TYPE is set to "".  For performance reasons, you
  should set CMAKE_BUILD_TYPE to "Release".

  Set CGAL_DO_NOT_WARN_ABOUT_CMAKE_BUILD_TYPE to TRUE if you want to disable
  this warning.

  =======================================================================
Call Stack (most recent call first):
  CMakeLists.txt:9223372036854775807 (CGAL_run_at_the_end_of_configuration)

[0m
[01m[K/home/vicky/TrashBot_ws/src/robot_body_planning/src/occupancy_to_pose.cpp:[m[K In constructor ‘[01m[KOccupancyGridToPoseGraph::OccupancyGridToPoseGraph()[m[K’:
[01m[K/home/vicky/TrashBot_ws/src/robot_body_planning/src/occupancy_to_pose.cpp:23:182:[m[K [01;31m[Kerror: [m[Kreference to ‘[01m[K_1[m[K’ is ambiguous
   23 |             occupancy_grid_from_slam_subscriber = this->create_subscription<nav_msgs::msg::OccupancyGrid>("/map", 10, std::bind(&OccupancyGridToPoseGraph::obstacles_callback, this, [01;31m[K_1[m[K));
      |                                                                                                                                                                                      [01;31m[K^~[m[K
In file included from [01m[K/usr/include/c++/9/pstl/glue_algorithm_defs.h:13[m[K,
                 from [01m[K/usr/include/c++/9/algorithm:71[m[K,
                 from [01m[K/opt/ros/galactic/include/rclcpp/executor.hpp:18[m[K,
                 from [01m[K/opt/ros/galactic/include/rclcpp/executors/multi_threaded_executor.hpp:26[m[K,
                 from [01m[K/opt/ros/galactic/include/rclcpp/executors.hpp:21[m[K,
                 from [01m[K/opt/ros/galactic/include/rclcpp/rclcpp.hpp:156[m[K,
                 from [01m[K/home/vicky/TrashBot_ws/src/robot_body_planning/src/occupancy_to_pose.cpp:1[m[K:
[01m[K/usr/include/c++/9/functional:211:34:[m[K [01;36m[Knote: [m[Kcandidates are: ‘[01m[Kconst std::_Placeholder<1> std::placeholders::_1[m[K’
  211 |     extern const _Placeholder<1> [01;36m[K_1[m[K;
      |                                  [01;36m[K^~[m[K
In file included from [01m[K/usr/include/boost/bind/bind.hpp:2356[m[K,
                 from [01m[K/usr/include/boost/bind.hpp:22[m[K,
                 from [01m[K/usr/include/CGAL/Convex_hull_2/convexity_check_2_impl.h:21[m[K,
                 from [01m[K/usr/include/CGAL/convexity_check_2.h:123[m[K,
                 from [01m[K/usr/include/CGAL/Convex_hull_2/ch_akl_toussaint_impl.h:20[m[K,
                 from [01m[K/usr/include/CGAL/ch_akl_toussaint.h:49[m[K,
                 from [01m[K/usr/include/CGAL/convex_hull_2.h:21[m[K,
                 from [01m[K/home/vicky/TrashBot_ws/src/robot_body_planning/src/occupancy_to_pose.cpp:10[m[K:
[01m[K/usr/include/boost/bind/placeholders.hpp:46:38:[m[K [01;36m[Knote: [m[K                ‘[01m[Kconstexpr const boost::arg<1> boost::placeholders::_1[m[K’
   46 | BOOST_STATIC_CONSTEXPR boost::arg<1> [01;36m[K_1[m[K;
      |                                      [01;36m[K^~[m[K
make[2]: *** [CMakeFiles/occupancy_map_retrieval.dir/build.make:76: CMakeFiles/occupancy_map_retrieval.dir/src/occupancy_to_pose.cpp.o] Error 1
make[1]: *** [CMakeFiles/Makefile2:137: CMakeFiles/occupancy_map_retrieval.dir/all] Error 2
make: *** [Makefile:146: all] Error 2
