[0.246s] Invoking command in '/home/vicky/TrashBot_ws/src/build/robot_body_planning': CMAKE_PREFIX_PATH=${CMAKE_PREFIX_PATH}:/home/vicky/TrashBot_ws/src/install/robot_body_perception:/opt/ros/galactic /usr/bin/cmake --build /home/vicky/TrashBot_ws/src/build/robot_body_planning -- -j8 -l8
[0.262s] -- Found ament_cmake: 1.1.6 (/opt/ros/galactic/share/ament_cmake/cmake)
[0.263s] [33mCMake Warning (dev) at /opt/ros/galactic/share/ament_cmake_core/cmake/core/python.cmake:22 (find_package):
[0.263s]   Policy CMP0148 is not set: The FindPythonInterp and FindPythonLibs modules
[0.263s]   are removed.  Run "cmake --help-policy CMP0148" for policy details.  Use
[0.263s]   the cmake_policy command to set the policy and suppress this warning.
[0.263s] 
[0.263s] Call Stack (most recent call first):
[0.263s]   /opt/ros/galactic/share/ament_cmake_core/cmake/core/all.cmake:53 (include)
[0.263s]   /opt/ros/galactic/share/ament_cmake_core/cmake/ament_cmake_core-extras.cmake:17 (include)
[0.263s]   /opt/ros/galactic/share/ament_cmake_core/cmake/ament_cmake_coreConfig.cmake:41 (include)
[0.263s]   /opt/ros/galactic/share/ament_cmake/cmake/ament_cmake_export_dependencies-extras.cmake:15 (find_package)
[0.263s]   /opt/ros/galactic/share/ament_cmake/cmake/ament_cmakeConfig.cmake:41 (include)
[0.263s]   CMakeLists.txt:9 (find_package)
[0.263s] This warning is for project developers.  Use -Wno-dev to suppress it.
[0.264s] [0m
[0.288s] -- Using PYTHON_EXECUTABLE: /usr/bin/python3
[0.337s] -- Override CMake install command with custom implementation using symlinks instead of copying resources
[0.343s] -- Found rclcpp: 9.2.2 (/opt/ros/galactic/share/rclcpp/cmake)
[0.372s] -- Using all available rosidl_typesupport_c: rosidl_typesupport_fastrtps_c;rosidl_typesupport_introspection_c
[0.374s] -- Found rosidl_adapter: 2.2.3 (/opt/ros/galactic/share/rosidl_adapter/cmake)
[0.483s] -- Using all available rosidl_typesupport_cpp: rosidl_typesupport_fastrtps_cpp;rosidl_typesupport_introspection_cpp
[0.524s] -- Found rmw_implementation_cmake: 3.3.1 (/opt/ros/galactic/share/rmw_implementation_cmake/cmake)
[0.525s] -- Found rmw_cyclonedds_cpp: 0.22.6 (/opt/ros/galactic/share/rmw_cyclonedds_cpp/cmake)
[0.540s] -- Using RMW implementation 'rmw_cyclonedds_cpp' as default
[0.662s] -- Found nav_msgs: 2.2.4 (/opt/ros/galactic/share/nav_msgs/cmake)
[0.781s] -- Using header-only CGAL
[0.782s] -- Targetting Unix Makefiles
[0.782s] -- Using /usr/bin/c++ compiler.
[0.785s] -- Found GMP: /usr/lib/x86_64-linux-gnu/libgmp.so
[0.789s] -- Found MPFR: /usr/lib/x86_64-linux-gnu/libmpfr.so
[0.789s] [33mCMake Warning (dev) at /usr/lib/x86_64-linux-gnu/cmake/CGAL/CGAL_SetupBoost.cmake:20 (find_package):
[0.789s]   Policy CMP0167 is not set: The FindBoost module is removed.  Run "cmake
[0.789s]   --help-policy CMP0167" for policy details.  Use the cmake_policy command to
[0.789s]   set the policy and suppress this warning.
[0.789s] 
[0.790s] Call Stack (most recent call first):
[0.790s]   /usr/lib/x86_64-linux-gnu/cmake/CGAL/CGAL_SetupCGALDependencies.cmake:52 (include)
[0.790s]   /usr/lib/x86_64-linux-gnu/cmake/CGAL/CGALConfig.cmake:125 (include)
[0.790s]   CMakeLists.txt:13 (find_package)
[0.790s] This warning is for project developers.  Use -Wno-dev to suppress it.
[0.790s] [0m
[0.799s] -- Found Boost: /usr/lib/x86_64-linux-gnu/cmake/Boost-1.71.0/BoostConfig.cmake (found suitable version "1.71.0", minimum required is "1.48")
[0.799s] -- Boost include dirs: /usr/include
[0.800s] -- Boost libraries:    
[0.800s] -- Using gcc version 4 or later. Adding -frounding-math
[0.803s] -- Found ament_lint_auto: 0.10.7 (/opt/ros/galactic/share/ament_lint_auto/cmake)
[0.880s] -- Added test 'copyright' to check source files copyright and LICENSE
[0.881s] -- Added test 'cppcheck' to perform static code analysis on C / C++ code
[0.881s] -- Configured cppcheck include dirs: 
[0.881s] -- Configured cppcheck exclude dirs and/or files: 
[0.882s] -- Added test 'cpplint' to check C / C++ code against the Google style
[0.882s] -- Configured cpplint exclude dirs and/or files: 
[0.882s] -- Added test 'lint_cmake' to check CMake code style
[0.883s] -- Added test 'uncrustify' to check C / C++ code style
[0.883s] -- Configured uncrustify additional arguments: 
[0.884s] -- Added test 'xmllint' to check XML markup files
[0.885s] [33mCMake Warning at /usr/lib/x86_64-linux-gnu/cmake/CGAL/CGAL_enable_end_of_configuration_hook.cmake:99 (message):
[0.885s]   =======================================================================
[0.885s] 
[0.885s]   CGAL performance notice:
[0.886s] 
[0.886s]   The variable CMAKE_BUILD_TYPE is set to "".  For performance reasons, you
[0.886s]   should set CMAKE_BUILD_TYPE to "Release".
[0.886s] 
[0.886s]   Set CGAL_DO_NOT_WARN_ABOUT_CMAKE_BUILD_TYPE to TRUE if you want to disable
[0.886s]   this warning.
[0.886s] 
[0.886s]   =======================================================================
[0.886s] Call Stack (most recent call first):
[0.886s]   CMakeLists.txt:9223372036854775807 (CGAL_run_at_the_end_of_configuration)
[0.886s] 
[0.886s] [0m
[0.886s] -- Configuring done (0.6s)
[0.899s] -- Generating done (0.0s)
[0.899s] -- Build files have been written to: /home/vicky/TrashBot_ws/src/build/robot_body_planning
[0.946s] [ 50%] [32mBuilding CXX object CMakeFiles/occupancy_map_retrieval.dir/src/occupancy_to_pose.cpp.o[0m
[3.851s] [01m[K/home/vicky/TrashBot_ws/src/robot_body_planning/src/occupancy_to_pose.cpp:[m[K In constructor ‘[01m[KOccupancyGridToPoseGraph::OccupancyGridToPoseGraph()[m[K’:
[3.851s] [01m[K/home/vicky/TrashBot_ws/src/robot_body_planning/src/occupancy_to_pose.cpp:23:182:[m[K [01;31m[Kerror: [m[Kreference to ‘[01m[K_1[m[K’ is ambiguous
[3.851s]    23 |             occupancy_grid_from_slam_subscriber = this->create_subscription<nav_msgs::msg::OccupancyGrid>("/map", 10, std::bind(&OccupancyGridToPoseGraph::obstacles_callback, this, [01;31m[K_1[m[K));
[3.851s]       |                                                                                                                                                                                      [01;31m[K^~[m[K
[3.852s] In file included from [01m[K/usr/include/c++/9/pstl/glue_algorithm_defs.h:13[m[K,
[3.852s]                  from [01m[K/usr/include/c++/9/algorithm:71[m[K,
[3.852s]                  from [01m[K/opt/ros/galactic/include/rclcpp/executor.hpp:18[m[K,
[3.852s]                  from [01m[K/opt/ros/galactic/include/rclcpp/executors/multi_threaded_executor.hpp:26[m[K,
[3.852s]                  from [01m[K/opt/ros/galactic/include/rclcpp/executors.hpp:21[m[K,
[3.852s]                  from [01m[K/opt/ros/galactic/include/rclcpp/rclcpp.hpp:156[m[K,
[3.852s]                  from [01m[K/home/vicky/TrashBot_ws/src/robot_body_planning/src/occupancy_to_pose.cpp:1[m[K:
[3.852s] [01m[K/usr/include/c++/9/functional:211:34:[m[K [01;36m[Knote: [m[Kcandidates are: ‘[01m[Kconst std::_Placeholder<1> std::placeholders::_1[m[K’
[3.852s]   211 |     extern const _Placeholder<1> [01;36m[K_1[m[K;
[3.852s]       |                                  [01;36m[K^~[m[K
[3.852s] In file included from [01m[K/usr/include/boost/bind/bind.hpp:2356[m[K,
[3.852s]                  from [01m[K/usr/include/boost/bind.hpp:22[m[K,
[3.852s]                  from [01m[K/usr/include/CGAL/Convex_hull_2/convexity_check_2_impl.h:21[m[K,
[3.852s]                  from [01m[K/usr/include/CGAL/convexity_check_2.h:123[m[K,
[3.852s]                  from [01m[K/usr/include/CGAL/Convex_hull_2/ch_akl_toussaint_impl.h:20[m[K,
[3.852s]                  from [01m[K/usr/include/CGAL/ch_akl_toussaint.h:49[m[K,
[3.852s]                  from [01m[K/usr/include/CGAL/convex_hull_2.h:21[m[K,
[3.852s]                  from [01m[K/home/vicky/TrashBot_ws/src/robot_body_planning/src/occupancy_to_pose.cpp:10[m[K:
[3.852s] [01m[K/usr/include/boost/bind/placeholders.hpp:46:38:[m[K [01;36m[Knote: [m[K                ‘[01m[Kconstexpr const boost::arg<1> boost::placeholders::_1[m[K’
[3.852s]    46 | BOOST_STATIC_CONSTEXPR boost::arg<1> [01;36m[K_1[m[K;
[3.852s]       |                                      [01;36m[K^~[m[K
[4.611s] make[2]: *** [CMakeFiles/occupancy_map_retrieval.dir/build.make:76: CMakeFiles/occupancy_map_retrieval.dir/src/occupancy_to_pose.cpp.o] Error 1
[4.611s] make[1]: *** [CMakeFiles/Makefile2:137: CMakeFiles/occupancy_map_retrieval.dir/all] Error 2
[4.612s] make: *** [Makefile:146: all] Error 2
[4.613s] Invoked command in '/home/vicky/TrashBot_ws/src/build/robot_body_planning' returned '2': CMAKE_PREFIX_PATH=${CMAKE_PREFIX_PATH}:/home/vicky/TrashBot_ws/src/install/robot_body_perception:/opt/ros/galactic /usr/bin/cmake --build /home/vicky/TrashBot_ws/src/build/robot_body_planning -- -j8 -l8
