[ 50%] [32mBuilding CXX object CMakeFiles/occupancy_map_retrieval.dir/src/occupancy_to_pose.cpp.o[0m
[01m[K/home/vicky/TrashBot_ws/src/robot_body_planning/src/occupancy_to_pose.cpp:[m[K In member function ‘[01m[Kvoid OccupancyGridToPoseGraph::grid_callback(nav_msgs::msg::OccupancyGrid_<std::allocator<void> >::SharedPtr) const[m[K’:
[01m[K/home/vicky/TrashBot_ws/src/robot_body_planning/src/occupancy_to_pose.cpp:33:17:[m[K [01;35m[Kwarning: [m[Kunused variable ‘[01m[Kwidth[m[K’ [[01;35m[K-Wunused-variable[m[K]
   33 |             int [01;35m[Kwidth[m[K = test_message.info.width;
      |                 [01;35m[K^~~~~[m[K
[01m[K/home/vicky/TrashBot_ws/src/robot_body_planning/src/occupancy_to_pose.cpp:34:17:[m[K [01;35m[Kwarning: [m[Kunused variable ‘[01m[Kheight[m[K’ [[01;35m[K-Wunused-variable[m[K]
   34 |             int [01;35m[Kheight[m[K = test_message.info.height;
      |                 [01;35m[K^~~~~~[m[K
[100%] [32m[1mLinking CXX executable occupancy_map_retrieval[0m
[100%] Built target occupancy_map_retrieval
-- Install configuration: ""
-- Installing: /home/vicky/TrashBot_ws/src/install/robot_body_planning/lib/robot_body_planning/occupancy_map_retrieval
-- Set non-toolchain portion of runtime path of "/home/vicky/TrashBot_ws/src/install/robot_body_planning/lib/robot_body_planning/occupancy_map_retrieval" to ""
-- Up-to-date: /home/vicky/TrashBot_ws/src/install/robot_body_planning/share/ament_index/resource_index/package_run_dependencies/robot_body_planning
-- Up-to-date: /home/vicky/TrashBot_ws/src/install/robot_body_planning/share/ament_index/resource_index/parent_prefix_path/robot_body_planning
-- Up-to-date: /home/vicky/TrashBot_ws/src/install/robot_body_planning/share/robot_body_planning/environment/ament_prefix_path.sh
-- Installing: /home/vicky/TrashBot_ws/src/install/robot_body_planning/share/robot_body_planning/environment/ament_prefix_path.dsv
-- Up-to-date: /home/vicky/TrashBot_ws/src/install/robot_body_planning/share/robot_body_planning/environment/path.sh
-- Installing: /home/vicky/TrashBot_ws/src/install/robot_body_planning/share/robot_body_planning/environment/path.dsv
-- Up-to-date: /home/vicky/TrashBot_ws/src/install/robot_body_planning/share/robot_body_planning/local_setup.bash
-- Up-to-date: /home/vicky/TrashBot_ws/src/install/robot_body_planning/share/robot_body_planning/local_setup.sh
-- Up-to-date: /home/vicky/TrashBot_ws/src/install/robot_body_planning/share/robot_body_planning/local_setup.zsh
-- Installing: /home/vicky/TrashBot_ws/src/install/robot_body_planning/share/robot_body_planning/local_setup.dsv
-- Installing: /home/vicky/TrashBot_ws/src/install/robot_body_planning/share/robot_body_planning/package.dsv
-- Up-to-date: /home/vicky/TrashBot_ws/src/install/robot_body_planning/share/ament_index/resource_index/packages/robot_body_planning
-- Up-to-date: /home/vicky/TrashBot_ws/src/install/robot_body_planning/share/robot_body_planning/cmake/robot_body_planningConfig.cmake
-- Up-to-date: /home/vicky/TrashBot_ws/src/install/robot_body_planning/share/robot_body_planning/cmake/robot_body_planningConfig-version.cmake
-- Up-to-date: /home/vicky/TrashBot_ws/src/install/robot_body_planning/share/robot_body_planning/package.xml
