[0.702s] Invoking command in '/home/vicky/TrashBot_ws/src/robot_body_perception': PYTHONPATH=/home/vicky/TrashBot_ws/src/build/robot_body_perception/prefix_override:/usr/lib/python3/dist-packages/colcon_core/task/python/colcon_distutils_commands:/home/vicky/TrashBot_ws/src/install/robot_body_perception/lib/python3.8/site-packages:${PYTHONPATH} /usr/bin/python3 -W ignore:setup.py install is deprecated setup.py egg_info --egg-base ../build/robot_body_perception build --build-base /home/vicky/TrashBot_ws/src/build/robot_body_perception/build install --record /home/vicky/TrashBot_ws/src/build/robot_body_perception/install.log --single-version-externally-managed install_data
[0.913s] running egg_info
[0.913s] creating ../build/robot_body_perception/robot_body_perception.egg-info
[0.914s] writing ../build/robot_body_perception/robot_body_perception.egg-info/PKG-INFO
[0.914s] writing dependency_links to ../build/robot_body_perception/robot_body_perception.egg-info/dependency_links.txt
[0.914s] writing entry points to ../build/robot_body_perception/robot_body_perception.egg-info/entry_points.txt
[0.914s] writing requirements to ../build/robot_body_perception/robot_body_perception.egg-info/requires.txt
[0.914s] writing top-level names to ../build/robot_body_perception/robot_body_perception.egg-info/top_level.txt
[0.917s] writing manifest file '../build/robot_body_perception/robot_body_perception.egg-info/SOURCES.txt'
[0.943s] reading manifest file '../build/robot_body_perception/robot_body_perception.egg-info/SOURCES.txt'
[0.944s] writing manifest file '../build/robot_body_perception/robot_body_perception.egg-info/SOURCES.txt'
[0.944s] running build
[0.944s] running build_py
[0.944s] creating /home/vicky/TrashBot_ws/src/build/robot_body_perception/build
[0.944s] creating /home/vicky/TrashBot_ws/src/build/robot_body_perception/build/lib
[0.944s] creating /home/vicky/TrashBot_ws/src/build/robot_body_perception/build/lib/robot_body_perception
[0.944s] copying robot_body_perception/__init__.py -> /home/vicky/TrashBot_ws/src/build/robot_body_perception/build/lib/robot_body_perception
[0.944s] copying robot_body_perception/slam_toolbox_wrapper.py -> /home/vicky/TrashBot_ws/src/build/robot_body_perception/build/lib/robot_body_perception
[0.945s] running install
[0.945s] running install_lib
[0.946s] creating /home/vicky/TrashBot_ws/src/install/robot_body_perception/lib/python3.8/site-packages/robot_body_perception
[0.947s] copying /home/vicky/TrashBot_ws/src/build/robot_body_perception/build/lib/robot_body_perception/__init__.py -> /home/vicky/TrashBot_ws/src/install/robot_body_perception/lib/python3.8/site-packages/robot_body_perception
[0.947s] copying /home/vicky/TrashBot_ws/src/build/robot_body_perception/build/lib/robot_body_perception/slam_toolbox_wrapper.py -> /home/vicky/TrashBot_ws/src/install/robot_body_perception/lib/python3.8/site-packages/robot_body_perception
[0.947s] byte-compiling /home/vicky/TrashBot_ws/src/install/robot_body_perception/lib/python3.8/site-packages/robot_body_perception/__init__.py to __init__.cpython-38.pyc
[0.949s] byte-compiling /home/vicky/TrashBot_ws/src/install/robot_body_perception/lib/python3.8/site-packages/robot_body_perception/slam_toolbox_wrapper.py to slam_toolbox_wrapper.cpython-38.pyc
[0.950s] running install_data
[0.951s] creating /home/vicky/TrashBot_ws/src/install/robot_body_perception/share/ament_index
[0.951s] creating /home/vicky/TrashBot_ws/src/install/robot_body_perception/share/ament_index/resource_index
[0.951s] creating /home/vicky/TrashBot_ws/src/install/robot_body_perception/share/ament_index/resource_index/packages
[0.951s] copying resource/robot_body_perception -> /home/vicky/TrashBot_ws/src/install/robot_body_perception/share/ament_index/resource_index/packages
[0.951s] copying package.xml -> /home/vicky/TrashBot_ws/src/install/robot_body_perception/share/robot_body_perception
[0.951s] running install_egg_info
[0.953s] Copying ../build/robot_body_perception/robot_body_perception.egg-info to /home/vicky/TrashBot_ws/src/install/robot_body_perception/lib/python3.8/site-packages/robot_body_perception-0.0.0-py3.8.egg-info
[0.953s] running install_scripts
[0.969s] Installing wrapper script to /home/vicky/TrashBot_ws/src/install/robot_body_perception/lib/robot_body_perception
[0.969s] writing list of installed files to '/home/vicky/TrashBot_ws/src/build/robot_body_perception/install.log'
[0.987s] Invoked command in '/home/vicky/TrashBot_ws/src/robot_body_perception' returned '0': PYTHONPATH=/home/vicky/TrashBot_ws/src/build/robot_body_perception/prefix_override:/usr/lib/python3/dist-packages/colcon_core/task/python/colcon_distutils_commands:/home/vicky/TrashBot_ws/src/install/robot_body_perception/lib/python3.8/site-packages:${PYTHONPATH} /usr/bin/python3 -W ignore:setup.py install is deprecated setup.py egg_info --egg-base ../build/robot_body_perception build --build-base /home/vicky/TrashBot_ws/src/build/robot_body_perception/build install --record /home/vicky/TrashBot_ws/src/build/robot_body_perception/install.log --single-version-externally-managed install_data
