[0.072s] Invoking command in '/home/vicky/TrashBot_ws/src/build/navigation_practice': CMAKE_PREFIX_PATH=${CMAKE_PREFIX_PATH}:/home/vicky/TrashBot_ws/src/install/robot_body_perception:/opt/ros/galactic /usr/bin/cmake --build /home/vicky/TrashBot_ws/src/build/navigation_practice -- -j8 -l8
[0.954s] Invoked command in '/home/vicky/TrashBot_ws/src/build/navigation_practice' returned '0': CMAKE_PREFIX_PATH=${CMAKE_PREFIX_PATH}:/home/vicky/TrashBot_ws/src/install/robot_body_perception:/opt/ros/galactic /usr/bin/cmake --build /home/vicky/TrashBot_ws/src/build/navigation_practice -- -j8 -l8
[1.023s] Invoking command in '/home/vicky/TrashBot_ws/src/build/navigation_practice': CMAKE_PREFIX_PATH=${CMAKE_PREFIX_PATH}:/home/vicky/TrashBot_ws/src/install/robot_body_perception:/opt/ros/galactic /usr/bin/cmake --install /home/vicky/TrashBot_ws/src/build/navigation_practice
[1.031s] -- Install configuration: ""
[1.032s] -- Up-to-date: /home/vicky/TrashBot_ws/src/install/navigation_practice/share/navigation_practice/launch
[1.032s] -- Installing: /home/vicky/TrashBot_ws/src/install/navigation_practice/share/navigation_practice/launch/mapping.launch.py
[1.033s] -- Up-to-date: /home/vicky/TrashBot_ws/src/install/navigation_practice/share/navigation_practice/config
[1.035s] -- Up-to-date: /home/vicky/TrashBot_ws/src/install/navigation_practice/share/navigation_practice/config/turtlebot3_lds_2d.lua
[1.035s] -- Up-to-date: /home/vicky/TrashBot_ws/src/install/navigation_practice/share/ament_index/resource_index/package_run_dependencies/navigation_practice
[1.035s] -- Up-to-date: /home/vicky/TrashBot_ws/src/install/navigation_practice/share/ament_index/resource_index/parent_prefix_path/navigation_practice
[1.036s] -- Up-to-date: /home/vicky/TrashBot_ws/src/install/navigation_practice/share/navigation_practice/environment/ament_prefix_path.sh
[1.036s] -- Up-to-date: /home/vicky/TrashBot_ws/src/install/navigation_practice/share/navigation_practice/environment/ament_prefix_path.dsv
[1.036s] -- Up-to-date: /home/vicky/TrashBot_ws/src/install/navigation_practice/share/navigation_practice/environment/path.sh
[1.036s] -- Up-to-date: /home/vicky/TrashBot_ws/src/install/navigation_practice/share/navigation_practice/environment/path.dsv
[1.037s] -- Up-to-date: /home/vicky/TrashBot_ws/src/install/navigation_practice/share/navigation_practice/local_setup.bash
[1.037s] -- Up-to-date: /home/vicky/TrashBot_ws/src/install/navigation_practice/share/navigation_practice/local_setup.sh
[1.037s] -- Up-to-date: /home/vicky/TrashBot_ws/src/install/navigation_practice/share/navigation_practice/local_setup.zsh
[1.038s] -- Up-to-date: /home/vicky/TrashBot_ws/src/install/navigation_practice/share/navigation_practice/local_setup.dsv
[1.038s] -- Installing: /home/vicky/TrashBot_ws/src/install/navigation_practice/share/navigation_practice/package.dsv
[1.038s] -- Up-to-date: /home/vicky/TrashBot_ws/src/install/navigation_practice/share/ament_index/resource_index/packages/navigation_practice
[1.039s] -- Up-to-date: /home/vicky/TrashBot_ws/src/install/navigation_practice/share/navigation_practice/cmake/navigation_practiceConfig.cmake
[1.039s] -- Up-to-date: /home/vicky/TrashBot_ws/src/install/navigation_practice/share/navigation_practice/cmake/navigation_practiceConfig-version.cmake
[1.040s] -- Up-to-date: /home/vicky/TrashBot_ws/src/install/navigation_practice/share/navigation_practice/package.xml
[1.046s] Invoked command in '/home/vicky/TrashBot_ws/src/build/navigation_practice' returned '0': CMAKE_PREFIX_PATH=${CMAKE_PREFIX_PATH}:/home/vicky/TrashBot_ws/src/install/robot_body_perception:/opt/ros/galactic /usr/bin/cmake --install /home/vicky/TrashBot_ws/src/build/navigation_practice
