[0.019s] Invoking command in '/home/vicky/TrashBot_ws/src/build/navigation_practice': CMAKE_PREFIX_PATH=/opt/ros/galactic /usr/bin/cmake /home/vicky/TrashBot_ws/src/navigation_practice -DCMAKE_INSTALL_PREFIX=/home/vicky/TrashBot_ws/src/install/navigation_practice
[0.110s] -- The C compiler identification is GNU 9.4.0
[0.192s] -- The CXX compiler identification is GNU 9.4.0
[0.207s] -- Detecting C compiler ABI info
[0.264s] -- Detecting C compiler ABI info - done
[0.277s] -- Check for working C compiler: /usr/bin/cc - skipped
[0.278s] -- Detecting C compile features
[0.278s] -- Detecting C compile features - done
[0.282s] -- Detecting CXX compiler ABI info
[0.352s] -- Detecting CXX compiler ABI info - done
[0.376s] -- Check for working CXX compiler: /usr/bin/c++ - skipped
[0.376s] -- Detecting CXX compile features
[0.377s] -- Detecting CXX compile features - done
[0.382s] -- Found ament_cmake: 1.1.6 (/opt/ros/galactic/share/ament_cmake/cmake)
[0.390s] [33mCMake Warning (dev) at /opt/ros/galactic/share/ament_cmake_core/cmake/core/python.cmake:22 (find_package):
[0.390s]   Policy CMP0148 is not set: The FindPythonInterp and FindPythonLibs modules
[0.390s]   are removed.  Run "cmake --help-policy CMP0148" for policy details.  Use
[0.390s]   the cmake_policy command to set the policy and suppress this warning.
[0.390s] 
[0.390s] Call Stack (most recent call first):
[0.390s]   /opt/ros/galactic/share/ament_cmake_core/cmake/core/all.cmake:53 (include)
[0.390s]   /opt/ros/galactic/share/ament_cmake_core/cmake/ament_cmake_core-extras.cmake:17 (include)
[0.390s]   /opt/ros/galactic/share/ament_cmake_core/cmake/ament_cmake_coreConfig.cmake:41 (include)
[0.390s]   /opt/ros/galactic/share/ament_cmake/cmake/ament_cmake_export_dependencies-extras.cmake:15 (find_package)
[0.391s]   /opt/ros/galactic/share/ament_cmake/cmake/ament_cmakeConfig.cmake:41 (include)
[0.391s]   CMakeLists.txt:9 (find_package)
[0.391s] This warning is for project developers.  Use -Wno-dev to suppress it.
[0.391s] [0m
[0.416s] -- Found PythonInterp: /usr/bin/python3 (found suitable version "3.8.10", minimum required is "3")
[0.416s] -- Using PYTHON_EXECUTABLE: /usr/bin/python3
[0.514s] -- Found rclcpp: 9.2.2 (/opt/ros/galactic/share/rclcpp/cmake)
[0.580s] -- Using all available rosidl_typesupport_c: rosidl_typesupport_fastrtps_c;rosidl_typesupport_introspection_c
[0.588s] -- Found rosidl_adapter: 2.2.3 (/opt/ros/galactic/share/rosidl_adapter/cmake)
[0.682s] -- Found OpenSSL: /usr/lib/x86_64-linux-gnu/libcrypto.so (found version "1.1.1f")
[0.719s] -- Found FastRTPS: /opt/ros/galactic/include
[0.797s] -- Using all available rosidl_typesupport_cpp: rosidl_typesupport_fastrtps_cpp;rosidl_typesupport_introspection_cpp
[0.854s] -- Found rmw_implementation_cmake: 3.3.1 (/opt/ros/galactic/share/rmw_implementation_cmake/cmake)
[0.857s] -- Found rmw_cyclonedds_cpp: 0.22.6 (/opt/ros/galactic/share/rmw_cyclonedds_cpp/cmake)
[0.877s] -- Using RMW implementation 'rmw_cyclonedds_cpp' as default
[0.879s] -- Performing Test CMAKE_HAVE_LIBC_PTHREAD
[0.946s] -- Performing Test CMAKE_HAVE_LIBC_PTHREAD - Failed
[0.946s] -- Looking for pthread_create in pthreads
[0.991s] -- Looking for pthread_create in pthreads - not found
[0.991s] -- Looking for pthread_create in pthread
[1.047s] -- Looking for pthread_create in pthread - found
[1.049s] -- Found Threads: TRUE
[1.170s] -- Found nav_msgs: 2.2.4 (/opt/ros/galactic/share/nav_msgs/cmake)
[1.267s] -- Found ament_lint_auto: 0.10.7 (/opt/ros/galactic/share/ament_lint_auto/cmake)
[1.336s] -- Added test 'copyright' to check source files copyright and LICENSE
[1.338s] -- Added test 'flake8' to check Python code syntax and style conventions
[1.339s] -- Added test 'lint_cmake' to check CMake code style
[1.340s] -- Added test 'pep257' to check Python code against some of the style conventions in PEP 257
[1.341s] -- Added test 'xmllint' to check XML markup files
[1.342s] -- Configuring done (1.3s)
[1.344s] [31mCMake Error at CMakeLists.txt:13 (add_executable):
[1.344s]   Cannot find source file:
[1.344s] 
[1.344s]     src/pub_occupancy_grid.cpp
[1.344s] 
[1.344s]   Tried extensions .c .C .c++ .cc .cpp .cxx .cu .mpp .m .M .mm .ixx .cppm
[1.344s]   .ccm .cxxm .c++m .h .hh .h++ .hm .hpp .hxx .in .txx .f .F .for .f77 .f90
[1.344s]   .f95 .f03 .hip .ispc
[1.344s] 
[1.344s] [0m
[1.344s] [31mCMake Error at CMakeLists.txt:13 (add_executable):
[1.344s]   No SOURCES given to target: pub_occupancy_grid
[1.344s] 
[1.344s] [0m
[1.345s] [0mCMake Generate step failed.  Build files cannot be regenerated correctly.[0m
[1.352s] Invoked command in '/home/vicky/TrashBot_ws/src/build/navigation_practice' returned '1': CMAKE_PREFIX_PATH=/opt/ros/galactic /usr/bin/cmake /home/vicky/TrashBot_ws/src/navigation_practice -DCMAKE_INSTALL_PREFIX=/home/vicky/TrashBot_ws/src/install/navigation_practice
