[0.587s] Invoking command in '/home/vicky/TrashBot_ws/src/robot_body_perception': PYTHONPATH=/home/vicky/TrashBot_ws/src/build/robot_body_perception/prefix_override:/usr/lib/python3/dist-packages/colcon_core/task/python/colcon_distutils_commands:/home/vicky/TrashBot_ws/src/install/robot_body_perception/lib/python3.8/site-packages:${PYTHONPATH} /usr/bin/python3 -W ignore:setup.py install is deprecated setup.py egg_info --egg-base ../build/robot_body_perception build --build-base /home/vicky/TrashBot_ws/src/build/robot_body_perception/build install --record /home/vicky/TrashBot_ws/src/build/robot_body_perception/install.log --single-version-externally-managed install_data
[0.791s] running egg_info
[0.791s] writing ../build/robot_body_perception/robot_body_perception.egg-info/PKG-INFO
[0.791s] writing dependency_links to ../build/robot_body_perception/robot_body_perception.egg-info/dependency_links.txt
[0.792s] writing entry points to ../build/robot_body_perception/robot_body_perception.egg-info/entry_points.txt
[0.792s] writing requirements to ../build/robot_body_perception/robot_body_perception.egg-info/requires.txt
[0.792s] writing top-level names to ../build/robot_body_perception/robot_body_perception.egg-info/top_level.txt
[0.818s] reading manifest file '../build/robot_body_perception/robot_body_perception.egg-info/SOURCES.txt'
[0.819s] writing manifest file '../build/robot_body_perception/robot_body_perception.egg-info/SOURCES.txt'
[0.820s] running build
[0.820s] running build_py
[0.820s] running install
[0.820s] running install_lib
[0.821s] running install_data
[0.821s] running install_egg_info
[0.823s] removing '/home/vicky/TrashBot_ws/src/install/robot_body_perception/lib/python3.8/site-packages/robot_body_perception-0.0.0-py3.8.egg-info' (and everything under it)
[0.823s] Copying ../build/robot_body_perception/robot_body_perception.egg-info to /home/vicky/TrashBot_ws/src/install/robot_body_perception/lib/python3.8/site-packages/robot_body_perception-0.0.0-py3.8.egg-info
[0.823s] running install_scripts
[0.836s] Installing wrapper script to /home/vicky/TrashBot_ws/src/install/robot_body_perception/lib/robot_body_perception
[0.837s] writing list of installed files to '/home/vicky/TrashBot_ws/src/build/robot_body_perception/install.log'
