[0.541s] Invoking command in '/home/vicky/TrashBot_ws/src/build/robot_body_planning': CMAKE_PREFIX_PATH=${CMAKE_PREFIX_PATH}:/home/vicky/TrashBot_ws/src/install/robot_body_perception:/opt/ros/galactic /usr/bin/cmake --build /home/vicky/TrashBot_ws/src/build/robot_body_planning -- -j8 -l8
[0.613s] [ 50%] [32mBuilding CXX object CMakeFiles/occupancy_map_retrieval.dir/src/occupancy_to_pose.cpp.o[0m
[4.241s] [01m[K/home/vicky/TrashBot_ws/src/robot_body_planning/src/occupancy_to_pose.cpp:[m[K In member function ‘[01m[Kvoid OccupancyGridToPoseGraph::grid_callback(nav_msgs::msg::OccupancyGrid_<std::allocator<void> >::SharedPtr) const[m[K’:
[4.241s] [01m[K/home/vicky/TrashBot_ws/src/robot_body_planning/src/occupancy_to_pose.cpp:33:13:[m[K [01;31m[Kerror: [m[K‘[01m[Kuint8[m[K’ was not declared in this scope; did you mean ‘[01m[Kuint[m[K’?
[4.241s]    33 |             [01;31m[Kuint8[m[K width = test_message.info.width;
[4.241s]       |             [01;31m[K^~~~~[m[K
[4.241s]       |             [32m[Kuint[m[K
[4.242s] [01m[K/home/vicky/TrashBot_ws/src/robot_body_planning/src/occupancy_to_pose.cpp:34:18:[m[K [01;31m[Kerror: [m[Kexpected ‘[01m[K;[m[K’ before ‘[01m[Kheight[m[K’
[4.242s]    34 |             uint8[01;31m[K [m[K[32m[Kheight[m[K = test_message.info.height;
[4.242s]       |                  [01;31m[K^[m[K[32m[K~~~~~~[m[K
[4.242s]       |                  [32m[K;[m[K
[4.253s] In file included from [01m[K/opt/ros/galactic/include/rclcpp/client.hpp:40[m[K,
[4.253s]                  from [01m[K/opt/ros/galactic/include/rclcpp/callback_group.hpp:23[m[K,
[4.253s]                  from [01m[K/opt/ros/galactic/include/rclcpp/any_executable.hpp:20[m[K,
[4.253s]                  from [01m[K/opt/ros/galactic/include/rclcpp/memory_strategy.hpp:25[m[K,
[4.254s]                  from [01m[K/opt/ros/galactic/include/rclcpp/memory_strategies.hpp:18[m[K,
[4.254s]                  from [01m[K/opt/ros/galactic/include/rclcpp/executor_options.hpp:20[m[K,
[4.254s]                  from [01m[K/opt/ros/galactic/include/rclcpp/executor.hpp:36[m[K,
[4.254s]                  from [01m[K/opt/ros/galactic/include/rclcpp/executors/multi_threaded_executor.hpp:26[m[K,
[4.254s]                  from [01m[K/opt/ros/galactic/include/rclcpp/executors.hpp:21[m[K,
[4.254s]                  from [01m[K/opt/ros/galactic/include/rclcpp/rclcpp.hpp:156[m[K,
[4.255s]                  from [01m[K/home/vicky/TrashBot_ws/src/robot_body_planning/src/occupancy_to_pose.cpp:1[m[K:
[4.255s] [01m[K/home/vicky/TrashBot_ws/src/robot_body_planning/src/occupancy_to_pose.cpp:59:83:[m[K [01;31m[Kerror: [m[K‘[01m[Ktest_number_of_cells[m[K’ was not declared in this scope
[4.255s]    59 |             RCLCPP_INFO(this->get_logger(), "The Number of total points is:  %d", [01;31m[Ktest_number_of_cells[m[K);
[4.255s]       |                                                                                   [01;31m[K^~~~~~~~~~~~~~~~~~~~[m[K
[7.501s] make[2]: *** [CMakeFiles/occupancy_map_retrieval.dir/build.make:76: CMakeFiles/occupancy_map_retrieval.dir/src/occupancy_to_pose.cpp.o] Error 1
[7.501s] make[1]: *** [CMakeFiles/Makefile2:137: CMakeFiles/occupancy_map_retrieval.dir/all] Error 2
[7.502s] make: *** [Makefile:146: all] Error 2
[7.504s] Invoked command in '/home/vicky/TrashBot_ws/src/build/robot_body_planning' returned '2': CMAKE_PREFIX_PATH=${CMAKE_PREFIX_PATH}:/home/vicky/TrashBot_ws/src/install/robot_body_perception:/opt/ros/galactic /usr/bin/cmake --build /home/vicky/TrashBot_ws/src/build/robot_body_planning -- -j8 -l8
