[0.195s] DEBUG:colcon:Command line arguments: ['/usr/bin/colcon', 'build']
[0.195s] DEBUG:colcon:Parsed command line arguments: Namespace(allow_overriding=[], ament_cmake_args=None, base_paths=['.'], bazel_args=None, bazel_task=None, build_base='build', catkin_cmake_args=None, catkin_skip_building_tests=False, cmake_args=None, cmake_clean_cache=False, cmake_clean_first=False, cmake_force_configure=False, cmake_target=None, cmake_target_skip_unavailable=False, continue_on_error=False, event_handlers=None, executor='parallel', ignore_user_meta=False, install_base='install', log_base=None, log_level=None, main=<bound method BuildVerb.main of <colcon_core.verb.build.BuildVerb object at 0x7f1061f65580>>, merge_install=False, metas=['./colcon.meta'], mixin=None, mixin_files=None, mixin_verb=('build',), packages_above=None, packages_above_and_dependencies=None, packages_above_depth=None, packages_end=None, packages_ignore=None, packages_ignore_regex=None, packages_select=None, packages_select_build_failed=False, packages_select_by_dep=None, packages_select_regex=None, packages_select_test_failures=False, packages_skip=None, packages_skip_build_finished=False, packages_skip_by_dep=None, packages_skip_regex=None, packages_skip_test_passed=False, packages_skip_up_to=None, packages_start=None, packages_up_to=None, packages_up_to_regex=None, parallel_workers=8, paths=None, symlink_install=False, test_result_base=None, verb_extension=<colcon_core.verb.build.BuildVerb object at 0x7f1061f65580>, verb_name='build', verb_parser=<colcon_alias.argument_parser.alias.AliasArgumentDecorator object at 0x7f1061f74760>)
[0.354s] Level 1:colcon.colcon_core.package_discovery:discover_packages(colcon_meta) check parameters
[0.354s] Level 1:colcon.colcon_core.package_discovery:discover_packages(recursive) check parameters
[0.354s] Level 1:colcon.colcon_core.package_discovery:discover_packages(ignore) check parameters
[0.354s] Level 1:colcon.colcon_core.package_discovery:discover_packages(path) check parameters
[0.354s] Level 1:colcon.colcon_core.package_discovery:discover_packages(colcon_meta) discover
[0.354s] Level 1:colcon.colcon_core.package_discovery:discover_packages(recursive) discover
[0.354s] INFO:colcon.colcon_core.package_discovery:Crawling recursively for packages in '/home/vicky/TrashBot_ws/src'
[0.354s] Level 1:colcon.colcon_core.package_identification:_identify(.) by extensions ['ignore', 'ignore_ament_install']
[0.354s] Level 1:colcon.colcon_core.package_identification:_identify(.) by extension 'ignore'
[0.355s] Level 1:colcon.colcon_core.package_identification:_identify(.) by extension 'ignore_ament_install'
[0.355s] Level 1:colcon.colcon_core.package_identification:_identify(.) by extensions ['colcon_pkg']
[0.355s] Level 1:colcon.colcon_core.package_identification:_identify(.) by extension 'colcon_pkg'
[0.355s] Level 1:colcon.colcon_core.package_identification:_identify(.) by extensions ['colcon_meta']
[0.355s] Level 1:colcon.colcon_core.package_identification:_identify(.) by extension 'colcon_meta'
[0.355s] Level 1:colcon.colcon_core.package_identification:_identify(.) by extensions ['ros']
[0.355s] Level 1:colcon.colcon_core.package_identification:_identify(.) by extension 'ros'
[0.357s] Level 1:colcon.colcon_core.package_identification:_identify(.) by extensions ['bazel', 'cmake', 'python']
[0.357s] Level 1:colcon.colcon_core.package_identification:_identify(.) by extension 'bazel'
[0.357s] Level 1:colcon.colcon_core.package_identification:_identify(.) by extension 'cmake'
[0.357s] Level 1:colcon.colcon_core.package_identification:_identify(.) by extension 'python'
[0.357s] Level 1:colcon.colcon_core.package_identification:_identify(.) by extensions ['python_setup_py']
[0.357s] Level 1:colcon.colcon_core.package_identification:_identify(.) by extension 'python_setup_py'
[0.357s] Level 1:colcon.colcon_core.package_identification:_identify(build) by extensions ['ignore', 'ignore_ament_install']
[0.358s] Level 1:colcon.colcon_core.package_identification:_identify(build) by extension 'ignore'
[0.358s] Level 1:colcon.colcon_core.package_identification:_identify(build) ignored
[0.358s] Level 1:colcon.colcon_core.package_identification:_identify(install) by extensions ['ignore', 'ignore_ament_install']
[0.358s] Level 1:colcon.colcon_core.package_identification:_identify(install) by extension 'ignore'
[0.358s] Level 1:colcon.colcon_core.package_identification:_identify(install) ignored
[0.358s] Level 1:colcon.colcon_core.package_identification:_identify(log) by extensions ['ignore', 'ignore_ament_install']
[0.358s] Level 1:colcon.colcon_core.package_identification:_identify(log) by extension 'ignore'
[0.358s] Level 1:colcon.colcon_core.package_identification:_identify(log) ignored
[0.358s] Level 1:colcon.colcon_core.package_identification:_identify(navigation_practice) by extensions ['ignore', 'ignore_ament_install']
[0.358s] Level 1:colcon.colcon_core.package_identification:_identify(navigation_practice) by extension 'ignore'
[0.358s] Level 1:colcon.colcon_core.package_identification:_identify(navigation_practice) by extension 'ignore_ament_install'
[0.359s] Level 1:colcon.colcon_core.package_identification:_identify(navigation_practice) by extensions ['colcon_pkg']
[0.359s] Level 1:colcon.colcon_core.package_identification:_identify(navigation_practice) by extension 'colcon_pkg'
[0.359s] Level 1:colcon.colcon_core.package_identification:_identify(navigation_practice) by extensions ['colcon_meta']
[0.359s] Level 1:colcon.colcon_core.package_identification:_identify(navigation_practice) by extension 'colcon_meta'
[0.359s] Level 1:colcon.colcon_core.package_identification:_identify(navigation_practice) by extensions ['ros']
[0.359s] Level 1:colcon.colcon_core.package_identification:_identify(navigation_practice) by extension 'ros'
[0.361s] DEBUG:colcon.colcon_core.package_identification:Package 'navigation_practice' with type 'ros.ament_cmake' and name 'navigation_practice'
[0.361s] Level 1:colcon.colcon_core.package_identification:_identify(robot_body_perception) by extensions ['ignore', 'ignore_ament_install']
[0.361s] Level 1:colcon.colcon_core.package_identification:_identify(robot_body_perception) by extension 'ignore'
[0.361s] Level 1:colcon.colcon_core.package_identification:_identify(robot_body_perception) by extension 'ignore_ament_install'
[0.361s] Level 1:colcon.colcon_core.package_identification:_identify(robot_body_perception) by extensions ['colcon_pkg']
[0.361s] Level 1:colcon.colcon_core.package_identification:_identify(robot_body_perception) by extension 'colcon_pkg'
[0.361s] Level 1:colcon.colcon_core.package_identification:_identify(robot_body_perception) by extensions ['colcon_meta']
[0.361s] Level 1:colcon.colcon_core.package_identification:_identify(robot_body_perception) by extension 'colcon_meta'
[0.361s] Level 1:colcon.colcon_core.package_identification:_identify(robot_body_perception) by extensions ['ros']
[0.361s] Level 1:colcon.colcon_core.package_identification:_identify(robot_body_perception) by extension 'ros'
[0.362s] DEBUG:colcon.colcon_core.package_identification:Package 'robot_body_perception' with type 'ros.ament_python' and name 'robot_body_perception'
[0.362s] Level 1:colcon.colcon_core.package_identification:_identify(robot_body_planning) by extensions ['ignore', 'ignore_ament_install']
[0.362s] Level 1:colcon.colcon_core.package_identification:_identify(robot_body_planning) by extension 'ignore'
[0.362s] Level 1:colcon.colcon_core.package_identification:_identify(robot_body_planning) by extension 'ignore_ament_install'
[0.362s] Level 1:colcon.colcon_core.package_identification:_identify(robot_body_planning) by extensions ['colcon_pkg']
[0.362s] Level 1:colcon.colcon_core.package_identification:_identify(robot_body_planning) by extension 'colcon_pkg'
[0.362s] Level 1:colcon.colcon_core.package_identification:_identify(robot_body_planning) by extensions ['colcon_meta']
[0.362s] Level 1:colcon.colcon_core.package_identification:_identify(robot_body_planning) by extension 'colcon_meta'
[0.362s] Level 1:colcon.colcon_core.package_identification:_identify(robot_body_planning) by extensions ['ros']
[0.362s] Level 1:colcon.colcon_core.package_identification:_identify(robot_body_planning) by extension 'ros'
[0.363s] DEBUG:colcon.colcon_core.package_identification:Package 'robot_body_planning' with type 'ros.ament_cmake' and name 'robot_body_planning'
[0.363s] Level 1:colcon.colcon_core.package_discovery:discover_packages(recursive) using defaults
[0.363s] Level 1:colcon.colcon_core.package_discovery:discover_packages(ignore) discover
[0.363s] Level 1:colcon.colcon_core.package_discovery:discover_packages(ignore) using defaults
[0.363s] Level 1:colcon.colcon_core.package_discovery:discover_packages(path) discover
[0.363s] Level 1:colcon.colcon_core.package_discovery:discover_packages(path) using defaults
[0.385s] Level 1:colcon.colcon_core.package_discovery:discover_packages(prefix_path) check parameters
[0.385s] Level 1:colcon.colcon_core.package_discovery:discover_packages(prefix_path) discover
[0.386s] DEBUG:colcon.colcon_installed_package_information.package_discovery:Found 3 installed packages in /home/vicky/TrashBot_ws/src/install
[0.388s] DEBUG:colcon.colcon_installed_package_information.package_discovery:Found 393 installed packages in /opt/ros/galactic
[0.389s] Level 1:colcon.colcon_core.package_discovery:discover_packages(prefix_path) using defaults
[0.454s] Level 5:colcon.colcon_core.verb:set package 'navigation_practice' build argument 'bazel_args' from command line to 'None'
[0.454s] Level 5:colcon.colcon_core.verb:set package 'navigation_practice' build argument 'bazel_task' from command line to 'None'
[0.454s] Level 5:colcon.colcon_core.verb:set package 'navigation_practice' build argument 'cmake_args' from command line to 'None'
[0.454s] Level 5:colcon.colcon_core.verb:set package 'navigation_practice' build argument 'cmake_target' from command line to 'None'
[0.454s] Level 5:colcon.colcon_core.verb:set package 'navigation_practice' build argument 'cmake_target_skip_unavailable' from command line to 'False'
[0.454s] Level 5:colcon.colcon_core.verb:set package 'navigation_practice' build argument 'cmake_clean_cache' from command line to 'False'
[0.454s] Level 5:colcon.colcon_core.verb:set package 'navigation_practice' build argument 'cmake_clean_first' from command line to 'False'
[0.454s] Level 5:colcon.colcon_core.verb:set package 'navigation_practice' build argument 'cmake_force_configure' from command line to 'False'
[0.454s] Level 5:colcon.colcon_core.verb:set package 'navigation_practice' build argument 'ament_cmake_args' from command line to 'None'
[0.454s] Level 5:colcon.colcon_core.verb:set package 'navigation_practice' build argument 'catkin_cmake_args' from command line to 'None'
[0.454s] Level 5:colcon.colcon_core.verb:set package 'navigation_practice' build argument 'catkin_skip_building_tests' from command line to 'False'
[0.454s] DEBUG:colcon.colcon_core.verb:Building package 'navigation_practice' with the following arguments: {'ament_cmake_args': None, 'bazel_args': None, 'bazel_task': None, 'build_base': '/home/vicky/TrashBot_ws/src/build/navigation_practice', 'catkin_cmake_args': None, 'catkin_skip_building_tests': False, 'cmake_args': None, 'cmake_clean_cache': False, 'cmake_clean_first': False, 'cmake_force_configure': False, 'cmake_target': None, 'cmake_target_skip_unavailable': False, 'install_base': '/home/vicky/TrashBot_ws/src/install/navigation_practice', 'merge_install': False, 'path': '/home/vicky/TrashBot_ws/src/navigation_practice', 'symlink_install': False, 'test_result_base': None}
[0.455s] Level 5:colcon.colcon_core.verb:set package 'robot_body_perception' build argument 'bazel_args' from command line to 'None'
[0.455s] Level 5:colcon.colcon_core.verb:set package 'robot_body_perception' build argument 'bazel_task' from command line to 'None'
[0.455s] Level 5:colcon.colcon_core.verb:set package 'robot_body_perception' build argument 'cmake_args' from command line to 'None'
[0.455s] Level 5:colcon.colcon_core.verb:set package 'robot_body_perception' build argument 'cmake_target' from command line to 'None'
[0.455s] Level 5:colcon.colcon_core.verb:set package 'robot_body_perception' build argument 'cmake_target_skip_unavailable' from command line to 'False'
[0.455s] Level 5:colcon.colcon_core.verb:set package 'robot_body_perception' build argument 'cmake_clean_cache' from command line to 'False'
[0.455s] Level 5:colcon.colcon_core.verb:set package 'robot_body_perception' build argument 'cmake_clean_first' from command line to 'False'
[0.455s] Level 5:colcon.colcon_core.verb:set package 'robot_body_perception' build argument 'cmake_force_configure' from command line to 'False'
[0.455s] Level 5:colcon.colcon_core.verb:set package 'robot_body_perception' build argument 'ament_cmake_args' from command line to 'None'
[0.455s] Level 5:colcon.colcon_core.verb:set package 'robot_body_perception' build argument 'catkin_cmake_args' from command line to 'None'
[0.455s] Level 5:colcon.colcon_core.verb:set package 'robot_body_perception' build argument 'catkin_skip_building_tests' from command line to 'False'
[0.455s] DEBUG:colcon.colcon_core.verb:Building package 'robot_body_perception' with the following arguments: {'ament_cmake_args': None, 'bazel_args': None, 'bazel_task': None, 'build_base': '/home/vicky/TrashBot_ws/src/build/robot_body_perception', 'catkin_cmake_args': None, 'catkin_skip_building_tests': False, 'cmake_args': None, 'cmake_clean_cache': False, 'cmake_clean_first': False, 'cmake_force_configure': False, 'cmake_target': None, 'cmake_target_skip_unavailable': False, 'install_base': '/home/vicky/TrashBot_ws/src/install/robot_body_perception', 'merge_install': False, 'path': '/home/vicky/TrashBot_ws/src/robot_body_perception', 'symlink_install': False, 'test_result_base': None}
[0.455s] Level 5:colcon.colcon_core.verb:set package 'robot_body_planning' build argument 'bazel_args' from command line to 'None'
[0.455s] Level 5:colcon.colcon_core.verb:set package 'robot_body_planning' build argument 'bazel_task' from command line to 'None'
[0.455s] Level 5:colcon.colcon_core.verb:set package 'robot_body_planning' build argument 'cmake_args' from command line to 'None'
[0.455s] Level 5:colcon.colcon_core.verb:set package 'robot_body_planning' build argument 'cmake_target' from command line to 'None'
[0.456s] Level 5:colcon.colcon_core.verb:set package 'robot_body_planning' build argument 'cmake_target_skip_unavailable' from command line to 'False'
[0.456s] Level 5:colcon.colcon_core.verb:set package 'robot_body_planning' build argument 'cmake_clean_cache' from command line to 'False'
[0.456s] Level 5:colcon.colcon_core.verb:set package 'robot_body_planning' build argument 'cmake_clean_first' from command line to 'False'
[0.456s] Level 5:colcon.colcon_core.verb:set package 'robot_body_planning' build argument 'cmake_force_configure' from command line to 'False'
[0.456s] Level 5:colcon.colcon_core.verb:set package 'robot_body_planning' build argument 'ament_cmake_args' from command line to 'None'
[0.456s] Level 5:colcon.colcon_core.verb:set package 'robot_body_planning' build argument 'catkin_cmake_args' from command line to 'None'
[0.456s] Level 5:colcon.colcon_core.verb:set package 'robot_body_planning' build argument 'catkin_skip_building_tests' from command line to 'False'
[0.456s] DEBUG:colcon.colcon_core.verb:Building package 'robot_body_planning' with the following arguments: {'ament_cmake_args': None, 'bazel_args': None, 'bazel_task': None, 'build_base': '/home/vicky/TrashBot_ws/src/build/robot_body_planning', 'catkin_cmake_args': None, 'catkin_skip_building_tests': False, 'cmake_args': None, 'cmake_clean_cache': False, 'cmake_clean_first': False, 'cmake_force_configure': False, 'cmake_target': None, 'cmake_target_skip_unavailable': False, 'install_base': '/home/vicky/TrashBot_ws/src/install/robot_body_planning', 'merge_install': False, 'path': '/home/vicky/TrashBot_ws/src/robot_body_planning', 'symlink_install': False, 'test_result_base': None}
[0.456s] INFO:colcon.colcon_core.executor:Executing jobs using 'parallel' executor
[0.457s] DEBUG:colcon.colcon_parallel_executor.executor.parallel:run_until_complete
[0.457s] INFO:colcon.colcon_ros.task.ament_cmake.build:Building ROS package in '/home/vicky/TrashBot_ws/src/navigation_practice' with build type 'ament_cmake'
[0.457s] INFO:colcon.colcon_cmake.task.cmake.build:Building CMake package in '/home/vicky/TrashBot_ws/src/navigation_practice'
[0.459s] INFO:colcon.colcon_core.plugin_system:Skipping extension 'colcon_core.shell.bat': Not used on non-Windows systems
[0.459s] INFO:colcon.colcon_core.shell:Skip shell extension 'powershell' for command environment: Not usable outside of PowerShell
[0.459s] DEBUG:colcon.colcon_core.shell:Skip shell extension 'dsv' for command environment
[0.464s] INFO:colcon.colcon_ros.task.ament_python.build:Building ROS package in '/home/vicky/TrashBot_ws/src/robot_body_perception' with build type 'ament_python'
[0.464s] Level 1:colcon.colcon_core.shell:create_environment_hook('robot_body_perception', 'ament_prefix_path')
[0.464s] INFO:colcon.colcon_core.shell:Creating environment hook '/home/vicky/TrashBot_ws/src/install/robot_body_perception/share/robot_body_perception/hook/ament_prefix_path.ps1'
[0.465s] INFO:colcon.colcon_core.shell:Creating environment descriptor '/home/vicky/TrashBot_ws/src/install/robot_body_perception/share/robot_body_perception/hook/ament_prefix_path.dsv'
[0.466s] INFO:colcon.colcon_core.shell:Creating environment hook '/home/vicky/TrashBot_ws/src/install/robot_body_perception/share/robot_body_perception/hook/ament_prefix_path.sh'
[0.466s] INFO:colcon.colcon_core.shell:Skip shell extension 'powershell' for command environment: Not usable outside of PowerShell
[0.466s] DEBUG:colcon.colcon_core.shell:Skip shell extension 'dsv' for command environment
[0.470s] INFO:colcon.colcon_ros.task.ament_cmake.build:Building ROS package in '/home/vicky/TrashBot_ws/src/robot_body_planning' with build type 'ament_cmake'
[0.470s] INFO:colcon.colcon_cmake.task.cmake.build:Building CMake package in '/home/vicky/TrashBot_ws/src/robot_body_planning'
[0.471s] INFO:colcon.colcon_core.shell:Skip shell extension 'powershell' for command environment: Not usable outside of PowerShell
[0.471s] DEBUG:colcon.colcon_core.shell:Skip shell extension 'dsv' for command environment
[0.480s] DEBUG:colcon.colcon_core.event_handler.log_command:Invoking command in '/home/vicky/TrashBot_ws/src/build/navigation_practice': CMAKE_PREFIX_PATH=${CMAKE_PREFIX_PATH}:/home/vicky/TrashBot_ws/src/install/robot_body_perception:/opt/ros/galactic /usr/bin/cmake --build /home/vicky/TrashBot_ws/src/build/navigation_practice -- -j8 -l8
[0.696s] INFO:colcon.colcon_core.task.python.build:Building Python package in '/home/vicky/TrashBot_ws/src/robot_body_perception'
[0.696s] INFO:colcon.colcon_core.shell:Skip shell extension 'powershell' for command environment: Not usable outside of PowerShell
[0.697s] DEBUG:colcon.colcon_core.shell:Skip shell extension 'dsv' for command environment
[0.706s] DEBUG:colcon.colcon_core.event_handler.log_command:Invoking command in '/home/vicky/TrashBot_ws/src/build/robot_body_planning': CMAKE_PREFIX_PATH=${CMAKE_PREFIX_PATH}:/home/vicky/TrashBot_ws/src/install/robot_body_perception:/opt/ros/galactic /usr/bin/cmake --build /home/vicky/TrashBot_ws/src/build/robot_body_planning -- -j8 -l8
[0.707s] DEBUG:colcon.colcon_core.event_handler.log_command:Invoked command in '/home/vicky/TrashBot_ws/src/build/navigation_practice' returned '0': CMAKE_PREFIX_PATH=${CMAKE_PREFIX_PATH}:/home/vicky/TrashBot_ws/src/install/robot_body_perception:/opt/ros/galactic /usr/bin/cmake --build /home/vicky/TrashBot_ws/src/build/navigation_practice -- -j8 -l8
[0.726s] DEBUG:colcon.colcon_core.event_handler.log_command:Invoking command in '/home/vicky/TrashBot_ws/src/build/navigation_practice': CMAKE_PREFIX_PATH=${CMAKE_PREFIX_PATH}:/home/vicky/TrashBot_ws/src/install/robot_body_perception:/opt/ros/galactic /usr/bin/cmake --install /home/vicky/TrashBot_ws/src/build/navigation_practice
[0.732s] Level 1:colcon.colcon_core.environment:create_environment_scripts_only(navigation_practice)
[0.733s] DEBUG:colcon.colcon_core.event_handler.log_command:Invoked command in '/home/vicky/TrashBot_ws/src/build/navigation_practice' returned '0': CMAKE_PREFIX_PATH=${CMAKE_PREFIX_PATH}:/home/vicky/TrashBot_ws/src/install/robot_body_perception:/opt/ros/galactic /usr/bin/cmake --install /home/vicky/TrashBot_ws/src/build/navigation_practice
[0.735s] Level 1:colcon.colcon_core.environment:checking '/home/vicky/TrashBot_ws/src/install/navigation_practice' for CMake module files
[0.736s] Level 1:colcon.colcon_core.environment:checking '/home/vicky/TrashBot_ws/src/install/navigation_practice' for CMake config files
[0.736s] Level 1:colcon.colcon_core.shell:create_environment_hook('navigation_practice', 'cmake_prefix_path')
[0.737s] INFO:colcon.colcon_core.shell:Creating environment hook '/home/vicky/TrashBot_ws/src/install/navigation_practice/share/navigation_practice/hook/cmake_prefix_path.ps1'
[0.737s] INFO:colcon.colcon_core.shell:Creating environment descriptor '/home/vicky/TrashBot_ws/src/install/navigation_practice/share/navigation_practice/hook/cmake_prefix_path.dsv'
[0.737s] INFO:colcon.colcon_core.shell:Creating environment hook '/home/vicky/TrashBot_ws/src/install/navigation_practice/share/navigation_practice/hook/cmake_prefix_path.sh'
[0.738s] Level 1:colcon.colcon_core.environment:checking '/home/vicky/TrashBot_ws/src/install/navigation_practice/bin'
[0.738s] Level 1:colcon.colcon_core.environment:checking '/home/vicky/TrashBot_ws/src/install/navigation_practice/lib/pkgconfig/navigation_practice.pc'
[0.738s] Level 1:colcon.colcon_core.environment:checking '/home/vicky/TrashBot_ws/src/install/navigation_practice/lib/python3.8/site-packages'
[0.739s] Level 1:colcon.colcon_core.environment:checking '/home/vicky/TrashBot_ws/src/install/navigation_practice/bin'
[0.739s] INFO:colcon.colcon_core.shell:Creating package script '/home/vicky/TrashBot_ws/src/install/navigation_practice/share/navigation_practice/package.ps1'
[0.740s] INFO:colcon.colcon_core.shell:Creating package descriptor '/home/vicky/TrashBot_ws/src/install/navigation_practice/share/navigation_practice/package.dsv'
[0.740s] INFO:colcon.colcon_core.shell:Creating package script '/home/vicky/TrashBot_ws/src/install/navigation_practice/share/navigation_practice/package.sh'
[0.741s] INFO:colcon.colcon_core.shell:Creating package script '/home/vicky/TrashBot_ws/src/install/navigation_practice/share/navigation_practice/package.bash'
[0.741s] INFO:colcon.colcon_core.shell:Creating package script '/home/vicky/TrashBot_ws/src/install/navigation_practice/share/navigation_practice/package.zsh'
[0.742s] Level 1:colcon.colcon_core.environment:create_file_with_runtime_dependencies(/home/vicky/TrashBot_ws/src/install/navigation_practice/share/colcon-core/packages/navigation_practice)
[0.757s] Level 1:colcon.colcon_core.environment:create_environment_scripts_only(navigation_practice)
[0.757s] Level 1:colcon.colcon_core.environment:checking '/home/vicky/TrashBot_ws/src/install/navigation_practice' for CMake module files
[0.758s] Level 1:colcon.colcon_core.environment:checking '/home/vicky/TrashBot_ws/src/install/navigation_practice' for CMake config files
[0.758s] Level 1:colcon.colcon_core.shell:create_environment_hook('navigation_practice', 'cmake_prefix_path')
[0.758s] INFO:colcon.colcon_core.shell:Creating environment hook '/home/vicky/TrashBot_ws/src/install/navigation_practice/share/navigation_practice/hook/cmake_prefix_path.ps1'
[0.759s] INFO:colcon.colcon_core.shell:Creating environment descriptor '/home/vicky/TrashBot_ws/src/install/navigation_practice/share/navigation_practice/hook/cmake_prefix_path.dsv'
[0.759s] INFO:colcon.colcon_core.shell:Creating environment hook '/home/vicky/TrashBot_ws/src/install/navigation_practice/share/navigation_practice/hook/cmake_prefix_path.sh'
[0.759s] Level 1:colcon.colcon_core.environment:checking '/home/vicky/TrashBot_ws/src/install/navigation_practice/bin'
[0.759s] Level 1:colcon.colcon_core.environment:checking '/home/vicky/TrashBot_ws/src/install/navigation_practice/lib/pkgconfig/navigation_practice.pc'
[0.759s] Level 1:colcon.colcon_core.environment:checking '/home/vicky/TrashBot_ws/src/install/navigation_practice/lib/python3.8/site-packages'
[0.760s] Level 1:colcon.colcon_core.environment:checking '/home/vicky/TrashBot_ws/src/install/navigation_practice/bin'
[0.760s] INFO:colcon.colcon_core.shell:Creating package script '/home/vicky/TrashBot_ws/src/install/navigation_practice/share/navigation_practice/package.ps1'
[0.760s] INFO:colcon.colcon_core.shell:Creating package descriptor '/home/vicky/TrashBot_ws/src/install/navigation_practice/share/navigation_practice/package.dsv'
[0.760s] INFO:colcon.colcon_core.shell:Creating package script '/home/vicky/TrashBot_ws/src/install/navigation_practice/share/navigation_practice/package.sh'
[0.761s] INFO:colcon.colcon_core.shell:Creating package script '/home/vicky/TrashBot_ws/src/install/navigation_practice/share/navigation_practice/package.bash'
[0.761s] INFO:colcon.colcon_core.shell:Creating package script '/home/vicky/TrashBot_ws/src/install/navigation_practice/share/navigation_practice/package.zsh'
[0.761s] Level 1:colcon.colcon_core.environment:create_file_with_runtime_dependencies(/home/vicky/TrashBot_ws/src/install/navigation_practice/share/colcon-core/packages/navigation_practice)
[1.061s] DEBUG:colcon.colcon_core.event_handler.log_command:Invoking command in '/home/vicky/TrashBot_ws/src/robot_body_perception': PYTHONPATH=/home/vicky/TrashBot_ws/src/build/robot_body_perception/prefix_override:/usr/lib/python3/dist-packages/colcon_core/task/python/colcon_distutils_commands:/home/vicky/TrashBot_ws/src/install/robot_body_perception/lib/python3.8/site-packages:${PYTHONPATH} /usr/bin/python3 -W ignore:setup.py install is deprecated setup.py egg_info --egg-base ../build/robot_body_perception build --build-base /home/vicky/TrashBot_ws/src/build/robot_body_perception/build install --record /home/vicky/TrashBot_ws/src/build/robot_body_perception/install.log --single-version-externally-managed install_data
[1.335s] Level 1:colcon.colcon_core.environment:checking '/home/vicky/TrashBot_ws/src/install/robot_body_perception' for CMake module files
[1.336s] DEBUG:colcon.colcon_core.event_handler.log_command:Invoked command in '/home/vicky/TrashBot_ws/src/robot_body_perception' returned '0': PYTHONPATH=/home/vicky/TrashBot_ws/src/build/robot_body_perception/prefix_override:/usr/lib/python3/dist-packages/colcon_core/task/python/colcon_distutils_commands:/home/vicky/TrashBot_ws/src/install/robot_body_perception/lib/python3.8/site-packages:${PYTHONPATH} /usr/bin/python3 -W ignore:setup.py install is deprecated setup.py egg_info --egg-base ../build/robot_body_perception build --build-base /home/vicky/TrashBot_ws/src/build/robot_body_perception/build install --record /home/vicky/TrashBot_ws/src/build/robot_body_perception/install.log --single-version-externally-managed install_data
[1.336s] Level 1:colcon.colcon_core.environment:checking '/home/vicky/TrashBot_ws/src/install/robot_body_perception' for CMake config files
[1.336s] Level 1:colcon.colcon_core.environment:checking '/home/vicky/TrashBot_ws/src/install/robot_body_perception/lib'
[1.337s] Level 1:colcon.colcon_core.environment:checking '/home/vicky/TrashBot_ws/src/install/robot_body_perception/bin'
[1.337s] Level 1:colcon.colcon_core.environment:checking '/home/vicky/TrashBot_ws/src/install/robot_body_perception/lib/pkgconfig/robot_body_perception.pc'
[1.337s] Level 1:colcon.colcon_core.environment:checking '/home/vicky/TrashBot_ws/src/install/robot_body_perception/lib/python3.8/site-packages'
[1.337s] Level 1:colcon.colcon_core.shell:create_environment_hook('robot_body_perception', 'pythonpath')
[1.337s] INFO:colcon.colcon_core.shell:Creating environment hook '/home/vicky/TrashBot_ws/src/install/robot_body_perception/share/robot_body_perception/hook/pythonpath.ps1'
[1.338s] INFO:colcon.colcon_core.shell:Creating environment descriptor '/home/vicky/TrashBot_ws/src/install/robot_body_perception/share/robot_body_perception/hook/pythonpath.dsv'
[1.338s] INFO:colcon.colcon_core.shell:Creating environment hook '/home/vicky/TrashBot_ws/src/install/robot_body_perception/share/robot_body_perception/hook/pythonpath.sh'
[1.338s] Level 1:colcon.colcon_core.environment:checking '/home/vicky/TrashBot_ws/src/install/robot_body_perception/bin'
[1.338s] Level 1:colcon.colcon_core.environment:create_environment_scripts_only(robot_body_perception)
[1.339s] INFO:colcon.colcon_core.shell:Creating package script '/home/vicky/TrashBot_ws/src/install/robot_body_perception/share/robot_body_perception/package.ps1'
[1.339s] INFO:colcon.colcon_core.shell:Creating package descriptor '/home/vicky/TrashBot_ws/src/install/robot_body_perception/share/robot_body_perception/package.dsv'
[1.339s] INFO:colcon.colcon_core.shell:Creating package script '/home/vicky/TrashBot_ws/src/install/robot_body_perception/share/robot_body_perception/package.sh'
[1.340s] INFO:colcon.colcon_core.shell:Creating package script '/home/vicky/TrashBot_ws/src/install/robot_body_perception/share/robot_body_perception/package.bash'
[1.340s] INFO:colcon.colcon_core.shell:Creating package script '/home/vicky/TrashBot_ws/src/install/robot_body_perception/share/robot_body_perception/package.zsh'
[1.340s] Level 1:colcon.colcon_core.environment:create_file_with_runtime_dependencies(/home/vicky/TrashBot_ws/src/install/robot_body_perception/share/colcon-core/packages/robot_body_perception)
[2.546s] DEBUG:colcon.colcon_core.event_handler.log_command:Invoked command in '/home/vicky/TrashBot_ws/src/build/robot_body_planning' returned '2': CMAKE_PREFIX_PATH=${CMAKE_PREFIX_PATH}:/home/vicky/TrashBot_ws/src/install/robot_body_perception:/opt/ros/galactic /usr/bin/cmake --build /home/vicky/TrashBot_ws/src/build/robot_body_planning -- -j8 -l8
[2.561s] Level 1:colcon.colcon_core.environment:create_environment_scripts_only(robot_body_planning)
[2.561s] Level 1:colcon.colcon_core.environment:checking '/home/vicky/TrashBot_ws/src/install/robot_body_planning' for CMake module files
[2.562s] Level 1:colcon.colcon_core.environment:checking '/home/vicky/TrashBot_ws/src/install/robot_body_planning' for CMake config files
[2.562s] Level 1:colcon.colcon_core.shell:create_environment_hook('robot_body_planning', 'cmake_prefix_path')
[2.562s] INFO:colcon.colcon_core.shell:Creating environment hook '/home/vicky/TrashBot_ws/src/install/robot_body_planning/share/robot_body_planning/hook/cmake_prefix_path.ps1'
[2.563s] INFO:colcon.colcon_core.shell:Creating environment descriptor '/home/vicky/TrashBot_ws/src/install/robot_body_planning/share/robot_body_planning/hook/cmake_prefix_path.dsv'
[2.563s] INFO:colcon.colcon_core.shell:Creating environment hook '/home/vicky/TrashBot_ws/src/install/robot_body_planning/share/robot_body_planning/hook/cmake_prefix_path.sh'
[2.564s] Level 1:colcon.colcon_core.environment:checking '/home/vicky/TrashBot_ws/src/install/robot_body_planning/bin'
[2.564s] Level 1:colcon.colcon_core.environment:checking '/home/vicky/TrashBot_ws/src/install/robot_body_planning/lib/pkgconfig/robot_body_planning.pc'
[2.564s] Level 1:colcon.colcon_core.environment:checking '/home/vicky/TrashBot_ws/src/install/robot_body_planning/lib/python3.8/site-packages'
[2.564s] Level 1:colcon.colcon_core.environment:checking '/home/vicky/TrashBot_ws/src/install/robot_body_planning/bin'
[2.564s] INFO:colcon.colcon_core.shell:Creating package script '/home/vicky/TrashBot_ws/src/install/robot_body_planning/share/robot_body_planning/package.ps1'
[2.565s] INFO:colcon.colcon_core.shell:Creating package descriptor '/home/vicky/TrashBot_ws/src/install/robot_body_planning/share/robot_body_planning/package.dsv'
[2.565s] INFO:colcon.colcon_core.shell:Creating package script '/home/vicky/TrashBot_ws/src/install/robot_body_planning/share/robot_body_planning/package.sh'
[2.565s] INFO:colcon.colcon_core.shell:Creating package script '/home/vicky/TrashBot_ws/src/install/robot_body_planning/share/robot_body_planning/package.bash'
[2.566s] INFO:colcon.colcon_core.shell:Creating package script '/home/vicky/TrashBot_ws/src/install/robot_body_planning/share/robot_body_planning/package.zsh'
[2.566s] Level 1:colcon.colcon_core.environment:create_file_with_runtime_dependencies(/home/vicky/TrashBot_ws/src/install/robot_body_planning/share/colcon-core/packages/robot_body_planning)
[2.576s] DEBUG:colcon.colcon_parallel_executor.executor.parallel:closing loop
[2.576s] DEBUG:colcon.colcon_parallel_executor.executor.parallel:loop closed
[2.576s] DEBUG:colcon.colcon_parallel_executor.executor.parallel:run_until_complete finished with '2'
[2.576s] DEBUG:colcon.colcon_core.event_reactor:joining thread
[2.581s] INFO:colcon.colcon_core.plugin_system:Skipping extension 'colcon_notification.desktop_notification.terminal_notifier': Not used on non-Darwin systems
[2.581s] INFO:colcon.colcon_core.plugin_system:Skipping extension 'colcon_notification.desktop_notification.win32': Not used on non-Windows systems
[2.581s] INFO:colcon.colcon_notification.desktop_notification:Sending desktop notification using 'notify2'
[2.592s] DEBUG:colcon.colcon_core.event_reactor:joined thread
[2.592s] INFO:colcon.colcon_core.shell:Creating prefix script '/home/vicky/TrashBot_ws/src/install/local_setup.ps1'
[2.593s] INFO:colcon.colcon_core.shell:Creating prefix util module '/home/vicky/TrashBot_ws/src/install/_local_setup_util_ps1.py'
[2.594s] INFO:colcon.colcon_core.shell:Creating prefix chain script '/home/vicky/TrashBot_ws/src/install/setup.ps1'
[2.595s] INFO:colcon.colcon_core.shell:Creating prefix script '/home/vicky/TrashBot_ws/src/install/local_setup.sh'
[2.595s] INFO:colcon.colcon_core.shell:Creating prefix util module '/home/vicky/TrashBot_ws/src/install/_local_setup_util_sh.py'
[2.595s] INFO:colcon.colcon_core.shell:Creating prefix chain script '/home/vicky/TrashBot_ws/src/install/setup.sh'
[2.596s] INFO:colcon.colcon_core.shell:Creating prefix script '/home/vicky/TrashBot_ws/src/install/local_setup.bash'
[2.596s] INFO:colcon.colcon_core.shell:Creating prefix chain script '/home/vicky/TrashBot_ws/src/install/setup.bash'
[2.598s] INFO:colcon.colcon_core.shell:Creating prefix script '/home/vicky/TrashBot_ws/src/install/local_setup.zsh'
[2.598s] INFO:colcon.colcon_core.shell:Creating prefix chain script '/home/vicky/TrashBot_ws/src/install/setup.zsh'
[2.599s] INFO:colcon.colcon_core.shell:Creating '/home/vicky/TrashBot_ws/src/install/spawn_shell.bash'
