[ 50%] [32mBuilding CXX object CMakeFiles/occupancy_map_retrieval.dir/src/occupancy_to_pose.cpp.o[0m
[100%] [32m[1mLinking CXX executable occupancy_map_retrieval[0m
[100%] Built target occupancy_map_retrieval
-- Install configuration: ""
-- Installing: /home/vicky/TrashBot_ws/src/install/robot_body_planning/lib/robot_body_planning/occupancy_map_retrieval
-- Set non-toolchain portion of runtime path of "/home/vicky/TrashBot_ws/src/install/robot_body_planning/lib/robot_body_planning/occupancy_map_retrieval" to ""
-- Up-to-date: /home/vicky/TrashBot_ws/src/install/robot_body_planning/share/ament_index/resource_index/package_run_dependencies/robot_body_planning
-- Up-to-date: /home/vicky/TrashBot_ws/src/install/robot_body_planning/share/ament_index/resource_index/parent_prefix_path/robot_body_planning
-- Up-to-date: /home/vicky/TrashBot_ws/src/install/robot_body_planning/share/robot_body_planning/environment/ament_prefix_path.sh
-- Up-to-date: /home/vicky/TrashBot_ws/src/install/robot_body_planning/share/robot_body_planning/environment/ament_prefix_path.dsv
-- Up-to-date: /home/vicky/TrashBot_ws/src/install/robot_body_planning/share/robot_body_planning/environment/path.sh
-- Up-to-date: /home/vicky/TrashBot_ws/src/install/robot_body_planning/share/robot_body_planning/environment/path.dsv
-- Up-to-date: /home/vicky/TrashBot_ws/src/install/robot_body_planning/share/robot_body_planning/local_setup.bash
-- Up-to-date: /home/vicky/TrashBot_ws/src/install/robot_body_planning/share/robot_body_planning/local_setup.sh
-- Up-to-date: /home/vicky/TrashBot_ws/src/install/robot_body_planning/share/robot_body_planning/local_setup.zsh
-- Up-to-date: /home/vicky/TrashBot_ws/src/install/robot_body_planning/share/robot_body_planning/local_setup.dsv
-- Installing: /home/vicky/TrashBot_ws/src/install/robot_body_planning/share/robot_body_planning/package.dsv
-- Up-to-date: /home/vicky/TrashBot_ws/src/install/robot_body_planning/share/ament_index/resource_index/packages/robot_body_planning
-- Up-to-date: /home/vicky/TrashBot_ws/src/install/robot_body_planning/share/robot_body_planning/cmake/robot_body_planningConfig.cmake
-- Up-to-date: /home/vicky/TrashBot_ws/src/install/robot_body_planning/share/robot_body_planning/cmake/robot_body_planningConfig-version.cmake
-- Up-to-date: /home/vicky/TrashBot_ws/src/install/robot_body_planning/share/robot_body_planning/package.xml
