[3.172s] Invoking command in '/home/vicky/TrashBot_ws/src/robot_body_perception': PYTHONPATH=/home/vicky/TrashBot_ws/build/robot_body_perception/prefix_override:/usr/lib/python3/dist-packages/colcon_core/task/python/colcon_distutils_commands:/home/vicky/TrashBot_ws/install/robot_body_perception/lib/python3.8/site-packages:${PYTHONPATH} /usr/bin/python3 -W ignore:setup.py install is deprecated setup.py egg_info --egg-base ../../build/robot_body_perception build --build-base /home/vicky/TrashBot_ws/build/robot_body_perception/build install --record /home/vicky/TrashBot_ws/build/robot_body_perception/install.log --single-version-externally-managed install_data
[4.162s] running egg_info
[4.163s] creating ../../build/robot_body_perception/robot_body_perception.egg-info
[4.164s] writing ../../build/robot_body_perception/robot_body_perception.egg-info/PKG-INFO
[4.165s] writing dependency_links to ../../build/robot_body_perception/robot_body_perception.egg-info/dependency_links.txt
[4.166s] writing entry points to ../../build/robot_body_perception/robot_body_perception.egg-info/entry_points.txt
[4.166s] writing requirements to ../../build/robot_body_perception/robot_body_perception.egg-info/requires.txt
[4.166s] writing top-level names to ../../build/robot_body_perception/robot_body_perception.egg-info/top_level.txt
[4.172s] writing manifest file '../../build/robot_body_perception/robot_body_perception.egg-info/SOURCES.txt'
[4.513s] reading manifest file '../../build/robot_body_perception/robot_body_perception.egg-info/SOURCES.txt'
[4.518s] writing manifest file '../../build/robot_body_perception/robot_body_perception.egg-info/SOURCES.txt'
[4.519s] running build
[4.520s] running build_py
[4.521s] creating /home/vicky/TrashBot_ws/build/robot_body_perception/build
[4.522s] creating /home/vicky/TrashBot_ws/build/robot_body_perception/build/lib
[4.523s] creating /home/vicky/TrashBot_ws/build/robot_body_perception/build/lib/robot_body_perception
[4.524s] copying robot_body_perception/__init__.py -> /home/vicky/TrashBot_ws/build/robot_body_perception/build/lib/robot_body_perception
[4.526s] running install
[4.530s] running install_lib
[4.539s] creating /home/vicky/TrashBot_ws/install/robot_body_perception/lib/python3.8/site-packages/robot_body_perception
[4.540s] copying /home/vicky/TrashBot_ws/build/robot_body_perception/build/lib/robot_body_perception/__init__.py -> /home/vicky/TrashBot_ws/install/robot_body_perception/lib/python3.8/site-packages/robot_body_perception
[4.542s] byte-compiling /home/vicky/TrashBot_ws/install/robot_body_perception/lib/python3.8/site-packages/robot_body_perception/__init__.py to __init__.cpython-38.pyc
[4.549s] running install_data
[4.550s] creating /home/vicky/TrashBot_ws/install/robot_body_perception/share/ament_index
[4.550s] creating /home/vicky/TrashBot_ws/install/robot_body_perception/share/ament_index/resource_index
[4.551s] creating /home/vicky/TrashBot_ws/install/robot_body_perception/share/ament_index/resource_index/packages
[4.552s] copying resource/robot_body_perception -> /home/vicky/TrashBot_ws/install/robot_body_perception/share/ament_index/resource_index/packages
[4.552s] copying package.xml -> /home/vicky/TrashBot_ws/install/robot_body_perception/share/robot_body_perception
[4.553s] running install_egg_info
[4.558s] Copying ../../build/robot_body_perception/robot_body_perception.egg-info to /home/vicky/TrashBot_ws/install/robot_body_perception/lib/python3.8/site-packages/robot_body_perception-0.0.0-py3.8.egg-info
[4.562s] running install_scripts
[4.617s] writing list of installed files to '/home/vicky/TrashBot_ws/build/robot_body_perception/install.log'
[4.672s] Invoked command in '/home/vicky/TrashBot_ws/src/robot_body_perception' returned '0': PYTHONPATH=/home/vicky/TrashBot_ws/build/robot_body_perception/prefix_override:/usr/lib/python3/dist-packages/colcon_core/task/python/colcon_distutils_commands:/home/vicky/TrashBot_ws/install/robot_body_perception/lib/python3.8/site-packages:${PYTHONPATH} /usr/bin/python3 -W ignore:setup.py install is deprecated setup.py egg_info --egg-base ../../build/robot_body_perception build --build-base /home/vicky/TrashBot_ws/build/robot_body_perception/build install --record /home/vicky/TrashBot_ws/build/robot_body_perception/install.log --single-version-externally-managed install_data
