[0.014s] Invoking command in '/home/vicky/TrashBot_ws/src/build/navigation_practice': /usr/bin/cmake --build /home/vicky/TrashBot_ws/src/build/navigation_practice -- -j8 -l8
[0.182s] Invoked command in '/home/vicky/TrashBot_ws/src/build/navigation_practice' returned '0': /usr/bin/cmake --build /home/vicky/TrashBot_ws/src/build/navigation_practice -- -j8 -l8
[0.197s] Invoking command in '/home/vicky/TrashBot_ws/src/build/navigation_practice': /usr/bin/cmake --install /home/vicky/TrashBot_ws/src/build/navigation_practice
[0.200s] -- Install configuration: ""
[0.200s] -- Execute custom install script
[0.201s] -- Up-to-date symlink: /home/vicky/TrashBot_ws/src/install/navigation_practice/share/navigation_practice/launch/mapping.launch.py
[0.201s] -- Up-to-date symlink: /home/vicky/TrashBot_ws/src/install/navigation_practice/share/navigation_practice/config/turtlebot3_lds_2d.lua
[0.201s] -- Up-to-date symlink: /home/vicky/TrashBot_ws/src/install/navigation_practice/share/ament_index/resource_index/package_run_dependencies/navigation_practice
[0.201s] -- Up-to-date symlink: /home/vicky/TrashBot_ws/src/install/navigation_practice/share/ament_index/resource_index/parent_prefix_path/navigation_practice
[0.202s] -- Up-to-date symlink: /home/vicky/TrashBot_ws/src/install/navigation_practice/share/navigation_practice/environment/ament_prefix_path.sh
[0.202s] -- Up-to-date symlink: /home/vicky/TrashBot_ws/src/install/navigation_practice/share/navigation_practice/environment/ament_prefix_path.dsv
[0.202s] -- Up-to-date symlink: /home/vicky/TrashBot_ws/src/install/navigation_practice/share/navigation_practice/environment/path.sh
[0.202s] -- Up-to-date symlink: /home/vicky/TrashBot_ws/src/install/navigation_practice/share/navigation_practice/environment/path.dsv
[0.202s] -- Up-to-date symlink: /home/vicky/TrashBot_ws/src/install/navigation_practice/share/navigation_practice/local_setup.bash
[0.202s] -- Up-to-date symlink: /home/vicky/TrashBot_ws/src/install/navigation_practice/share/navigation_practice/local_setup.sh
[0.202s] -- Up-to-date symlink: /home/vicky/TrashBot_ws/src/install/navigation_practice/share/navigation_practice/local_setup.zsh
[0.203s] -- Up-to-date symlink: /home/vicky/TrashBot_ws/src/install/navigation_practice/share/navigation_practice/local_setup.dsv
[0.203s] -- Symlinking: /home/vicky/TrashBot_ws/src/install/navigation_practice/share/navigation_practice/package.dsv
[0.206s] -- Up-to-date symlink: /home/vicky/TrashBot_ws/src/install/navigation_practice/share/ament_index/resource_index/packages/navigation_practice
[0.206s] -- Up-to-date symlink: /home/vicky/TrashBot_ws/src/install/navigation_practice/share/navigation_practice/cmake/navigation_practiceConfig.cmake
[0.206s] -- Up-to-date symlink: /home/vicky/TrashBot_ws/src/install/navigation_practice/share/navigation_practice/cmake/navigation_practiceConfig-version.cmake
[0.206s] -- Up-to-date symlink: /home/vicky/TrashBot_ws/src/install/navigation_practice/share/navigation_practice/package.xml
[0.210s] Invoked command in '/home/vicky/TrashBot_ws/src/build/navigation_practice' returned '0': /usr/bin/cmake --install /home/vicky/TrashBot_ws/src/build/navigation_practice
