[0.253s] Invoking command in '/home/vicky/TrashBot_ws/src/build/robot_body_planning': CMAKE_PREFIX_PATH=${CMAKE_PREFIX_PATH}:/home/vicky/TrashBot_ws/src/install/robot_body_perception:/opt/ros/galactic /usr/bin/cmake --build /home/vicky/TrashBot_ws/src/build/robot_body_planning -- -j8 -l8
[0.286s] [ 50%] [32mBuilding CXX object CMakeFiles/occupancy_map_retrieval.dir/src/occupancy_to_pose.cpp.o[0m
[6.733s] [100%] [32m[1mLinking CXX executable occupancy_map_retrieval[0m
[6.989s] [100%] Built target occupancy_map_retrieval
[6.993s] Invoked command in '/home/vicky/TrashBot_ws/src/build/robot_body_planning' returned '0': CMAKE_PREFIX_PATH=${CMAKE_PREFIX_PATH}:/home/vicky/TrashBot_ws/src/install/robot_body_perception:/opt/ros/galactic /usr/bin/cmake --build /home/vicky/TrashBot_ws/src/build/robot_body_planning -- -j8 -l8
[7.011s] Invoking command in '/home/vicky/TrashBot_ws/src/build/robot_body_planning': CMAKE_PREFIX_PATH=${CMAKE_PREFIX_PATH}:/home/vicky/TrashBot_ws/src/install/robot_body_perception:/opt/ros/galactic /usr/bin/cmake --install /home/vicky/TrashBot_ws/src/build/robot_body_planning
[7.015s] -- Install configuration: ""
[7.016s] -- Execute custom install script
[7.016s] -- Up-to-date symlink: /home/vicky/TrashBot_ws/src/install/robot_body_planning/lib/robot_body_planning/occupancy_map_retrieval
[7.016s] -- Up-to-date symlink: /home/vicky/TrashBot_ws/src/install/robot_body_planning/share/ament_index/resource_index/package_run_dependencies/robot_body_planning
[7.016s] -- Up-to-date symlink: /home/vicky/TrashBot_ws/src/install/robot_body_planning/share/ament_index/resource_index/parent_prefix_path/robot_body_planning
[7.016s] -- Up-to-date symlink: /home/vicky/TrashBot_ws/src/install/robot_body_planning/share/robot_body_planning/environment/ament_prefix_path.sh
[7.016s] -- Up-to-date symlink: /home/vicky/TrashBot_ws/src/install/robot_body_planning/share/robot_body_planning/environment/ament_prefix_path.dsv
[7.016s] -- Up-to-date symlink: /home/vicky/TrashBot_ws/src/install/robot_body_planning/share/robot_body_planning/environment/path.sh
[7.017s] -- Up-to-date symlink: /home/vicky/TrashBot_ws/src/install/robot_body_planning/share/robot_body_planning/environment/path.dsv
[7.017s] -- Up-to-date symlink: /home/vicky/TrashBot_ws/src/install/robot_body_planning/share/robot_body_planning/local_setup.bash
[7.017s] -- Up-to-date symlink: /home/vicky/TrashBot_ws/src/install/robot_body_planning/share/robot_body_planning/local_setup.sh
[7.017s] -- Up-to-date symlink: /home/vicky/TrashBot_ws/src/install/robot_body_planning/share/robot_body_planning/local_setup.zsh
[7.017s] -- Up-to-date symlink: /home/vicky/TrashBot_ws/src/install/robot_body_planning/share/robot_body_planning/local_setup.dsv
[7.017s] -- Symlinking: /home/vicky/TrashBot_ws/src/install/robot_body_planning/share/robot_body_planning/package.dsv
[7.021s] -- Up-to-date symlink: /home/vicky/TrashBot_ws/src/install/robot_body_planning/share/ament_index/resource_index/packages/robot_body_planning
[7.022s] -- Up-to-date symlink: /home/vicky/TrashBot_ws/src/install/robot_body_planning/share/robot_body_planning/cmake/robot_body_planningConfig.cmake
[7.022s] -- Up-to-date symlink: /home/vicky/TrashBot_ws/src/install/robot_body_planning/share/robot_body_planning/cmake/robot_body_planningConfig-version.cmake
[7.022s] -- Up-to-date symlink: /home/vicky/TrashBot_ws/src/install/robot_body_planning/share/robot_body_planning/package.xml
[7.024s] Invoked command in '/home/vicky/TrashBot_ws/src/build/robot_body_planning' returned '0': CMAKE_PREFIX_PATH=${CMAKE_PREFIX_PATH}:/home/vicky/TrashBot_ws/src/install/robot_body_perception:/opt/ros/galactic /usr/bin/cmake --install /home/vicky/TrashBot_ws/src/build/robot_body_planning
