[0.214s] Invoking command in '/home/vicky/TrashBot_ws/src/build/robot_body_planning': CMAKE_PREFIX_PATH=${CMAKE_PREFIX_PATH}:/home/vicky/TrashBot_ws/src/install/robot_body_perception:/opt/ros/galactic /usr/bin/cmake --build /home/vicky/TrashBot_ws/src/build/robot_body_planning -- -j8 -l8
[0.225s] -- Found ament_cmake: 1.1.6 (/opt/ros/galactic/share/ament_cmake/cmake)
[0.226s] [33mCMake Warning (dev) at /opt/ros/galactic/share/ament_cmake_core/cmake/core/python.cmake:22 (find_package):
[0.227s]   Policy CMP0148 is not set: The FindPythonInterp and FindPythonLibs modules
[0.227s]   are removed.  Run "cmake --help-policy CMP0148" for policy details.  Use
[0.227s]   the cmake_policy command to set the policy and suppress this warning.
[0.227s] 
[0.227s] Call Stack (most recent call first):
[0.227s]   /opt/ros/galactic/share/ament_cmake_core/cmake/core/all.cmake:53 (include)
[0.227s]   /opt/ros/galactic/share/ament_cmake_core/cmake/ament_cmake_core-extras.cmake:17 (include)
[0.227s]   /opt/ros/galactic/share/ament_cmake_core/cmake/ament_cmake_coreConfig.cmake:41 (include)
[0.227s]   /opt/ros/galactic/share/ament_cmake/cmake/ament_cmake_export_dependencies-extras.cmake:15 (find_package)
[0.227s]   /opt/ros/galactic/share/ament_cmake/cmake/ament_cmakeConfig.cmake:41 (include)
[0.227s]   CMakeLists.txt:9 (find_package)
[0.227s] This warning is for project developers.  Use -Wno-dev to suppress it.
[0.227s] [0m
[0.244s] -- Using PYTHON_EXECUTABLE: /usr/bin/python3
[0.299s] -- Found rclcpp: 9.2.2 (/opt/ros/galactic/share/rclcpp/cmake)
[0.356s] -- Using all available rosidl_typesupport_c: rosidl_typesupport_fastrtps_c;rosidl_typesupport_introspection_c
[0.363s] -- Found rosidl_adapter: 2.2.3 (/opt/ros/galactic/share/rosidl_adapter/cmake)
[0.443s] -- Found OpenSSL: /usr/lib/x86_64-linux-gnu/libcrypto.so (found version "1.1.1f")
[0.474s] -- Found FastRTPS: /opt/ros/galactic/include
[0.556s] -- Using all available rosidl_typesupport_cpp: rosidl_typesupport_fastrtps_cpp;rosidl_typesupport_introspection_cpp
[0.614s] -- Found rmw_implementation_cmake: 3.3.1 (/opt/ros/galactic/share/rmw_implementation_cmake/cmake)
[0.617s] -- Found rmw_cyclonedds_cpp: 0.22.6 (/opt/ros/galactic/share/rmw_cyclonedds_cpp/cmake)
[0.633s] -- Using RMW implementation 'rmw_cyclonedds_cpp' as default
[0.634s] -- Performing Test CMAKE_HAVE_LIBC_PTHREAD
[0.682s] -- Performing Test CMAKE_HAVE_LIBC_PTHREAD - Failed
[0.682s] -- Looking for pthread_create in pthreads
[0.723s] -- Looking for pthread_create in pthreads - not found
[0.723s] -- Looking for pthread_create in pthread
[0.767s] -- Looking for pthread_create in pthread - found
[0.768s] -- Found Threads: TRUE
[0.886s] -- Found nav_msgs: 2.2.4 (/opt/ros/galactic/share/nav_msgs/cmake)
[1.001s] [31mCMake Error at CMakeLists.txt:16 (install):
[1.001s]   install TARGETS given target "talker" which does not exist.
[1.001s] 
[1.001s] [0m
[1.001s] -- Found ament_lint_auto: 0.10.7 (/opt/ros/galactic/share/ament_lint_auto/cmake)
[1.055s] -- Added test 'copyright' to check source files copyright and LICENSE
[1.056s] -- Added test 'cppcheck' to perform static code analysis on C / C++ code
[1.056s] -- Configured cppcheck include dirs: 
[1.056s] -- Configured cppcheck exclude dirs and/or files: 
[1.057s] -- Added test 'cpplint' to check C / C++ code against the Google style
[1.057s] -- Configured cpplint exclude dirs and/or files: 
[1.057s] -- Added test 'lint_cmake' to check CMake code style
[1.058s] -- Added test 'uncrustify' to check C / C++ code style
[1.058s] -- Configured uncrustify additional arguments: 
[1.058s] -- Added test 'xmllint' to check XML markup files
[1.059s] -- Configuring incomplete, errors occurred!
[1.066s] make: *** [Makefile:226: cmake_check_build_system] Error 1
[1.067s] Invoked command in '/home/vicky/TrashBot_ws/src/build/robot_body_planning' returned '2': CMAKE_PREFIX_PATH=${CMAKE_PREFIX_PATH}:/home/vicky/TrashBot_ws/src/install/robot_body_perception:/opt/ros/galactic /usr/bin/cmake --build /home/vicky/TrashBot_ws/src/build/robot_body_planning -- -j8 -l8
