[0.544s] Invoking command in '/home/vicky/TrashBot_ws/src/robot_body_perception': PYTHONPATH=/home/vicky/TrashBot_ws/build/robot_body_perception/prefix_override:/usr/lib/python3/dist-packages/colcon_core/task/python/colcon_distutils_commands:/home/vicky/TrashBot_ws/install/robot_body_perception/lib/python3.8/site-packages:${PYTHONPATH} /usr/bin/python3 -W ignore:setup.py install is deprecated setup.py egg_info --egg-base ../../build/robot_body_perception build --build-base /home/vicky/TrashBot_ws/build/robot_body_perception/build install --record /home/vicky/TrashBot_ws/build/robot_body_perception/install.log --single-version-externally-managed install_data
[0.735s] running egg_info
[0.736s] writing ../../build/robot_body_perception/robot_body_perception.egg-info/PKG-INFO
[0.736s] writing dependency_links to ../../build/robot_body_perception/robot_body_perception.egg-info/dependency_links.txt
[0.736s] writing entry points to ../../build/robot_body_perception/robot_body_perception.egg-info/entry_points.txt
[0.736s] writing requirements to ../../build/robot_body_perception/robot_body_perception.egg-info/requires.txt
[0.736s] writing top-level names to ../../build/robot_body_perception/robot_body_perception.egg-info/top_level.txt
[0.766s] reading manifest file '../../build/robot_body_perception/robot_body_perception.egg-info/SOURCES.txt'
[0.766s] writing manifest file '../../build/robot_body_perception/robot_body_perception.egg-info/SOURCES.txt'
[0.767s] running build
[0.767s] running build_py
[0.767s] copying robot_body_perception/slam_toolbox_wrapper.py -> /home/vicky/TrashBot_ws/build/robot_body_perception/build/lib/robot_body_perception
[0.767s] running install
[0.768s] running install_lib
[0.769s] copying /home/vicky/TrashBot_ws/build/robot_body_perception/build/lib/robot_body_perception/slam_toolbox_wrapper.py -> /home/vicky/TrashBot_ws/install/robot_body_perception/lib/python3.8/site-packages/robot_body_perception
[0.769s] byte-compiling /home/vicky/TrashBot_ws/install/robot_body_perception/lib/python3.8/site-packages/robot_body_perception/slam_toolbox_wrapper.py to slam_toolbox_wrapper.cpython-38.pyc
[0.770s] running install_data
[0.771s] copying package.xml -> /home/vicky/TrashBot_ws/install/robot_body_perception/share/robot_body_perception
[0.771s] creating /home/vicky/TrashBot_ws/install/robot_body_perception/share/robot_body_perception/launch
[0.771s] copying launch/robot_state_publisher.py -> /home/vicky/TrashBot_ws/install/robot_body_perception/share/robot_body_perception/launch
[0.771s] creating /home/vicky/TrashBot_ws/install/robot_body_perception/share/robot_body_perception/urdf
[0.771s] copying urdf/lidar_chassis_frames.urdf -> /home/vicky/TrashBot_ws/install/robot_body_perception/share/robot_body_perception/urdf
[0.771s] running install_egg_info
[0.772s] removing '/home/vicky/TrashBot_ws/install/robot_body_perception/lib/python3.8/site-packages/robot_body_perception-0.0.0-py3.8.egg-info' (and everything under it)
[0.773s] Copying ../../build/robot_body_perception/robot_body_perception.egg-info to /home/vicky/TrashBot_ws/install/robot_body_perception/lib/python3.8/site-packages/robot_body_perception-0.0.0-py3.8.egg-info
[0.773s] running install_scripts
[0.788s] Installing wrapper script to /home/vicky/TrashBot_ws/install/robot_body_perception/lib/robot_body_perception
[0.788s] writing list of installed files to '/home/vicky/TrashBot_ws/build/robot_body_perception/install.log'
[0.804s] Invoked command in '/home/vicky/TrashBot_ws/src/robot_body_perception' returned '0': PYTHONPATH=/home/vicky/TrashBot_ws/build/robot_body_perception/prefix_override:/usr/lib/python3/dist-packages/colcon_core/task/python/colcon_distutils_commands:/home/vicky/TrashBot_ws/install/robot_body_perception/lib/python3.8/site-packages:${PYTHONPATH} /usr/bin/python3 -W ignore:setup.py install is deprecated setup.py egg_info --egg-base ../../build/robot_body_perception build --build-base /home/vicky/TrashBot_ws/build/robot_body_perception/build install --record /home/vicky/TrashBot_ws/build/robot_body_perception/install.log --single-version-externally-managed install_data
