[0.053s] Invoking command in '/home/vicky/TrashBot_ws/src/build/navigation_practice': CMAKE_PREFIX_PATH=/opt/ros/galactic /usr/bin/cmake --build /home/vicky/TrashBot_ws/src/build/navigation_practice -- -j8 -l8
[0.089s] -- Found ament_cmake: 1.1.6 (/opt/ros/galactic/share/ament_cmake/cmake)
[0.092s] [33mCMake Warning (dev) at /opt/ros/galactic/share/ament_cmake_core/cmake/core/python.cmake:22 (find_package):
[0.093s]   Policy CMP0148 is not set: The FindPythonInterp and FindPythonLibs modules
[0.093s]   are removed.  Run "cmake --help-policy CMP0148" for policy details.  Use
[0.093s]   the cmake_policy command to set the policy and suppress this warning.
[0.093s] 
[0.093s] Call Stack (most recent call first):
[0.093s]   /opt/ros/galactic/share/ament_cmake_core/cmake/core/all.cmake:53 (include)
[0.094s]   /opt/ros/galactic/share/ament_cmake_core/cmake/ament_cmake_core-extras.cmake:17 (include)
[0.094s]   /opt/ros/galactic/share/ament_cmake_core/cmake/ament_cmake_coreConfig.cmake:41 (include)
[0.094s]   /opt/ros/galactic/share/ament_cmake/cmake/ament_cmake_export_dependencies-extras.cmake:15 (find_package)
[0.094s]   /opt/ros/galactic/share/ament_cmake/cmake/ament_cmakeConfig.cmake:41 (include)
[0.094s]   CMakeLists.txt:9 (find_package)
[0.095s] This warning is for project developers.  Use -Wno-dev to suppress it.
[0.095s] [0m
[0.140s] -- Using PYTHON_EXECUTABLE: /usr/bin/python3
[0.277s] -- Found rclcpp: 9.2.2 (/opt/ros/galactic/share/rclcpp/cmake)
[0.371s] -- Using all available rosidl_typesupport_c: rosidl_typesupport_fastrtps_c;rosidl_typesupport_introspection_c
[0.381s] -- Found rosidl_adapter: 2.2.3 (/opt/ros/galactic/share/rosidl_adapter/cmake)
[0.774s] -- Using all available rosidl_typesupport_cpp: rosidl_typesupport_fastrtps_cpp;rosidl_typesupport_introspection_cpp
[0.969s] -- Found rmw_implementation_cmake: 3.3.1 (/opt/ros/galactic/share/rmw_implementation_cmake/cmake)
[0.975s] -- Found rmw_cyclonedds_cpp: 0.22.6 (/opt/ros/galactic/share/rmw_cyclonedds_cpp/cmake)
[1.039s] -- Using RMW implementation 'rmw_cyclonedds_cpp' as default
[1.510s] -- Found nav_msgs: 2.2.4 (/opt/ros/galactic/share/nav_msgs/cmake)
[1.825s] -- Found ament_lint_auto: 0.10.7 (/opt/ros/galactic/share/ament_lint_auto/cmake)
[1.988s] -- Added test 'copyright' to check source files copyright and LICENSE
[1.992s] -- Added test 'flake8' to check Python code syntax and style conventions
[1.993s] -- Added test 'lint_cmake' to check CMake code style
[1.994s] -- Added test 'pep257' to check Python code against some of the style conventions in PEP 257
[1.997s] -- Added test 'xmllint' to check XML markup files
[1.998s] -- Configuring done (1.9s)
[2.012s] -- Generating done (0.0s)
[2.013s] -- Build files have been written to: /home/vicky/TrashBot_ws/src/build/navigation_practice
[2.050s] Invoked command in '/home/vicky/TrashBot_ws/src/build/navigation_practice' returned '0': CMAKE_PREFIX_PATH=/opt/ros/galactic /usr/bin/cmake --build /home/vicky/TrashBot_ws/src/build/navigation_practice -- -j8 -l8
[2.118s] Invoking command in '/home/vicky/TrashBot_ws/src/build/navigation_practice': CMAKE_PREFIX_PATH=/opt/ros/galactic /usr/bin/cmake --install /home/vicky/TrashBot_ws/src/build/navigation_practice
[2.129s] -- Install configuration: ""
[2.129s] -- Up-to-date: /home/vicky/TrashBot_ws/src/install/navigation_practice/share/navigation_practice/launch
[2.130s] -- Installing: /home/vicky/TrashBot_ws/src/install/navigation_practice/share/navigation_practice/launch/mapping.launch.py
[2.130s] -- Up-to-date: /home/vicky/TrashBot_ws/src/install/navigation_practice/share/navigation_practice/config
[2.130s] -- Up-to-date: /home/vicky/TrashBot_ws/src/install/navigation_practice/share/navigation_practice/config/turtlebot3_lds_2d.lua
[2.131s] -- Up-to-date: /home/vicky/TrashBot_ws/src/install/navigation_practice/share/ament_index/resource_index/package_run_dependencies/navigation_practice
[2.131s] -- Up-to-date: /home/vicky/TrashBot_ws/src/install/navigation_practice/share/ament_index/resource_index/parent_prefix_path/navigation_practice
[2.131s] -- Up-to-date: /home/vicky/TrashBot_ws/src/install/navigation_practice/share/navigation_practice/environment/ament_prefix_path.sh
[2.131s] -- Installing: /home/vicky/TrashBot_ws/src/install/navigation_practice/share/navigation_practice/environment/ament_prefix_path.dsv
[2.132s] -- Up-to-date: /home/vicky/TrashBot_ws/src/install/navigation_practice/share/navigation_practice/environment/path.sh
[2.132s] -- Installing: /home/vicky/TrashBot_ws/src/install/navigation_practice/share/navigation_practice/environment/path.dsv
[2.132s] -- Up-to-date: /home/vicky/TrashBot_ws/src/install/navigation_practice/share/navigation_practice/local_setup.bash
[2.132s] -- Up-to-date: /home/vicky/TrashBot_ws/src/install/navigation_practice/share/navigation_practice/local_setup.sh
[2.132s] -- Up-to-date: /home/vicky/TrashBot_ws/src/install/navigation_practice/share/navigation_practice/local_setup.zsh
[2.133s] -- Installing: /home/vicky/TrashBot_ws/src/install/navigation_practice/share/navigation_practice/local_setup.dsv
[2.133s] -- Installing: /home/vicky/TrashBot_ws/src/install/navigation_practice/share/navigation_practice/package.dsv
[2.133s] -- Up-to-date: /home/vicky/TrashBot_ws/src/install/navigation_practice/share/ament_index/resource_index/packages/navigation_practice
[2.134s] -- Up-to-date: /home/vicky/TrashBot_ws/src/install/navigation_practice/share/navigation_practice/cmake/navigation_practiceConfig.cmake
[2.134s] -- Up-to-date: /home/vicky/TrashBot_ws/src/install/navigation_practice/share/navigation_practice/cmake/navigation_practiceConfig-version.cmake
[2.134s] -- Up-to-date: /home/vicky/TrashBot_ws/src/install/navigation_practice/share/navigation_practice/package.xml
[2.149s] Invoked command in '/home/vicky/TrashBot_ws/src/build/navigation_practice' returned '0': CMAKE_PREFIX_PATH=/opt/ros/galactic /usr/bin/cmake --install /home/vicky/TrashBot_ws/src/build/navigation_practice
