[2.222s] Invoking command in '/home/vicky/TrashBot_ws/src/robot_body_perception': PYTHONPATH=/home/vicky/TrashBot_ws/build/robot_body_perception/prefix_override:/usr/lib/python3/dist-packages/colcon_core/task/python/colcon_distutils_commands:/home/vicky/TrashBot_ws/install/robot_body_perception/lib/python3.8/site-packages:${PYTHONPATH} /usr/bin/python3 -W ignore:setup.py install is deprecated setup.py egg_info --egg-base ../../build/robot_body_perception build --build-base /home/vicky/TrashBot_ws/build/robot_body_perception/build install --record /home/vicky/TrashBot_ws/build/robot_body_perception/install.log --single-version-externally-managed install_data
[3.214s] running egg_info
[3.216s] writing ../../build/robot_body_perception/robot_body_perception.egg-info/PKG-INFO
[3.228s] writing dependency_links to ../../build/robot_body_perception/robot_body_perception.egg-info/dependency_links.txt
[3.229s] writing entry points to ../../build/robot_body_perception/robot_body_perception.egg-info/entry_points.txt
[3.229s] writing requirements to ../../build/robot_body_perception/robot_body_perception.egg-info/requires.txt
[3.229s] writing top-level names to ../../build/robot_body_perception/robot_body_perception.egg-info/top_level.txt
[3.382s] reading manifest file '../../build/robot_body_perception/robot_body_perception.egg-info/SOURCES.txt'
[3.384s] writing manifest file '../../build/robot_body_perception/robot_body_perception.egg-info/SOURCES.txt'
[3.385s] running build
[3.385s] running build_py
[3.385s] copying robot_body_perception/slam_toolbox_wrapper.py -> /home/vicky/TrashBot_ws/build/robot_body_perception/build/lib/robot_body_perception
[3.386s] running install
[3.388s] running install_lib
[3.391s] copying /home/vicky/TrashBot_ws/build/robot_body_perception/build/lib/robot_body_perception/slam_toolbox_wrapper.py -> /home/vicky/TrashBot_ws/install/robot_body_perception/lib/python3.8/site-packages/robot_body_perception
[3.392s] byte-compiling /home/vicky/TrashBot_ws/install/robot_body_perception/lib/python3.8/site-packages/robot_body_perception/slam_toolbox_wrapper.py to slam_toolbox_wrapper.cpython-38.pyc
[3.398s] running install_data
[3.399s] copying package.xml -> /home/vicky/TrashBot_ws/install/robot_body_perception/share/robot_body_perception
[3.399s] running install_egg_info
[3.409s] removing '/home/vicky/TrashBot_ws/install/robot_body_perception/lib/python3.8/site-packages/robot_body_perception-0.0.0-py3.8.egg-info' (and everything under it)
[3.410s] Copying ../../build/robot_body_perception/robot_body_perception.egg-info to /home/vicky/TrashBot_ws/install/robot_body_perception/lib/python3.8/site-packages/robot_body_perception-0.0.0-py3.8.egg-info
[3.410s] running install_scripts
[3.457s] Installing wrapper script to /home/vicky/TrashBot_ws/install/robot_body_perception/lib/robot_body_perception
[3.457s] writing list of installed files to '/home/vicky/TrashBot_ws/build/robot_body_perception/install.log'
[3.534s] Invoked command in '/home/vicky/TrashBot_ws/src/robot_body_perception' returned '0': PYTHONPATH=/home/vicky/TrashBot_ws/build/robot_body_perception/prefix_override:/usr/lib/python3/dist-packages/colcon_core/task/python/colcon_distutils_commands:/home/vicky/TrashBot_ws/install/robot_body_perception/lib/python3.8/site-packages:${PYTHONPATH} /usr/bin/python3 -W ignore:setup.py install is deprecated setup.py egg_info --egg-base ../../build/robot_body_perception build --build-base /home/vicky/TrashBot_ws/build/robot_body_perception/build install --record /home/vicky/TrashBot_ws/build/robot_body_perception/install.log --single-version-externally-managed install_data
