[1.401s] Invoking command in '/home/vicky/TrashBot_ws/src/robot_body_perception': PYTHONPATH=/home/vicky/TrashBot_ws/src/build/robot_body_perception/prefix_override:/usr/lib/python3/dist-packages/colcon_core/task/python/colcon_distutils_commands:/home/vicky/TrashBot_ws/src/install/robot_body_perception/lib/python3.8/site-packages:${PYTHONPATH} /usr/bin/python3 -W ignore:setup.py install is deprecated setup.py egg_info --egg-base ../build/robot_body_perception build --build-base /home/vicky/TrashBot_ws/src/build/robot_body_perception/build install --record /home/vicky/TrashBot_ws/src/build/robot_body_perception/install.log --single-version-externally-managed install_data
[1.844s] running egg_info
[1.845s] writing ../build/robot_body_perception/robot_body_perception.egg-info/PKG-INFO
[1.845s] writing dependency_links to ../build/robot_body_perception/robot_body_perception.egg-info/dependency_links.txt
[1.846s] writing entry points to ../build/robot_body_perception/robot_body_perception.egg-info/entry_points.txt
[1.846s] writing requirements to ../build/robot_body_perception/robot_body_perception.egg-info/requires.txt
[1.846s] writing top-level names to ../build/robot_body_perception/robot_body_perception.egg-info/top_level.txt
[1.903s] reading manifest file '../build/robot_body_perception/robot_body_perception.egg-info/SOURCES.txt'
[1.904s] writing manifest file '../build/robot_body_perception/robot_body_perception.egg-info/SOURCES.txt'
[1.904s] running build
[1.905s] running build_py
[1.905s] running install
[1.906s] running install_lib
[1.909s] running install_data
[1.909s] copying urdf/lidar_chassis_frames.urdf -> /home/vicky/TrashBot_ws/src/install/robot_body_perception/share/robot_body_perception/urdf
[1.909s] running install_egg_info
[1.914s] removing '/home/vicky/TrashBot_ws/src/install/robot_body_perception/lib/python3.8/site-packages/robot_body_perception-0.0.0-py3.8.egg-info' (and everything under it)
[1.914s] Copying ../build/robot_body_perception/robot_body_perception.egg-info to /home/vicky/TrashBot_ws/src/install/robot_body_perception/lib/python3.8/site-packages/robot_body_perception-0.0.0-py3.8.egg-info
[1.916s] running install_scripts
[1.953s] Installing wrapper script to /home/vicky/TrashBot_ws/src/install/robot_body_perception/lib/robot_body_perception
[1.954s] writing list of installed files to '/home/vicky/TrashBot_ws/src/build/robot_body_perception/install.log'
[1.983s] Invoked command in '/home/vicky/TrashBot_ws/src/robot_body_perception' returned '0': PYTHONPATH=/home/vicky/TrashBot_ws/src/build/robot_body_perception/prefix_override:/usr/lib/python3/dist-packages/colcon_core/task/python/colcon_distutils_commands:/home/vicky/TrashBot_ws/src/install/robot_body_perception/lib/python3.8/site-packages:${PYTHONPATH} /usr/bin/python3 -W ignore:setup.py install is deprecated setup.py egg_info --egg-base ../build/robot_body_perception build --build-base /home/vicky/TrashBot_ws/src/build/robot_body_perception/build install --record /home/vicky/TrashBot_ws/src/build/robot_body_perception/install.log --single-version-externally-managed install_data
