[0.015s] Invoking command in '/home/vicky/TrashBot_ws/build/navigation_practice': /usr/bin/cmake /home/vicky/TrashBot_ws/src/navigation_practice -DCMAKE_INSTALL_PREFIX=/home/vicky/TrashBot_ws/install/navigation_practice
[0.100s] -- The C compiler identification is GNU 9.4.0
[0.163s] -- The CXX compiler identification is GNU 9.4.0
[0.173s] -- Detecting C compiler ABI info
[0.214s] -- Detecting C compiler ABI info - done
[0.232s] -- Check for working C compiler: /usr/bin/cc - skipped
[0.233s] -- Detecting C compile features
[0.233s] -- Detecting C compile features - done
[0.239s] -- Detecting CXX compiler ABI info
[0.289s] -- Detecting CXX compiler ABI info - done
[0.308s] -- Check for working CXX compiler: /usr/bin/c++ - skipped
[0.309s] -- Detecting CXX compile features
[0.309s] -- Detecting CXX compile features - done
[0.322s] -- Configuring incomplete, errors occurred!
[0.322s] [31mCMake Error at CMakeLists.txt:9 (find_package):
[0.323s]   By not providing "Findament_cmake.cmake" in CMAKE_MODULE_PATH this project
[0.323s]   has asked CMake to find a package configuration file provided by
[0.323s]   "ament_cmake", but CMake did not find one.
[0.323s] 
[0.323s]   Could not find a package configuration file provided by "ament_cmake" with
[0.323s]   any of the following names:
[0.323s] 
[0.323s]     ament_cmakeConfig.cmake
[0.323s]     ament_cmake-config.cmake
[0.323s] 
[0.323s]   Add the installation prefix of "ament_cmake" to CMAKE_PREFIX_PATH or set
[0.323s]   "ament_cmake_DIR" to a directory containing one of the above files.  If
[0.323s]   "ament_cmake" provides a separate development package or SDK, be sure it
[0.323s]   has been installed.
[0.323s] 
[0.323s] [0m
[0.326s] Invoked command in '/home/vicky/TrashBot_ws/build/navigation_practice' returned '1': /usr/bin/cmake /home/vicky/TrashBot_ws/src/navigation_practice -DCMAKE_INSTALL_PREFIX=/home/vicky/TrashBot_ws/install/navigation_practice
