[0.230s] Invoking command in '/home/vicky/TrashBot_ws/src/build/robot_body_planning': CMAKE_PREFIX_PATH=${CMAKE_PREFIX_PATH}:/home/vicky/TrashBot_ws/src/install/robot_body_perception:/opt/ros/galactic /usr/bin/cmake --build /home/vicky/TrashBot_ws/src/build/robot_body_planning -- -j8 -l8
[0.259s] [ 50%] [32mBuilding CXX object CMakeFiles/occupancy_map_retrieval.dir/src/test.cpp.o[0m
[1.581s] [01m[K/home/vicky/TrashBot_ws/src/robot_body_planning/src/test.cpp:48:2:[m[K [01;31m[Kerror: [m[Kexpected ‘[01m[K;[m[K’ after class definition
[1.581s]    48 | }
[1.581s]       |  [01;31m[K^[m[K
[1.581s]       |  [32m[K;[m[K
[1.582s] [01m[K/home/vicky/TrashBot_ws/src/robot_body_planning/src/test.cpp:[m[K In constructor ‘[01m[KOccupancyGridToPoseGraph::OccupancyGridToPoseGraph()[m[K’:
[1.582s] [01m[K/home/vicky/TrashBot_ws/src/robot_body_planning/src/test.cpp:18:177:[m[K [01;31m[Kerror: [m[K‘[01m[K_1[m[K’ was not declared in this scope; did you mean ‘[01m[Kstd::placeholders::_1[m[K’?
[1.582s]    18 |             occupancy_grid_from_slam_subscriber = this->create_subscription<nav_msgs::msg::OccupancyGrid>("/map", 10, std::bind(&OccupancyGridToPoseGraph::grid_callback, this, [01;31m[K_1[m[K));
[1.582s]       |                                                                                                                                                                                 [01;31m[K^~[m[K
[1.582s]       |                                                                                                                                                                                 [32m[Kstd::placeholders::_1[m[K
[1.582s] In file included from [01m[K/usr/include/c++/9/pstl/glue_algorithm_defs.h:13[m[K,
[1.582s]                  from [01m[K/usr/include/c++/9/algorithm:71[m[K,
[1.582s]                  from [01m[K/opt/ros/galactic/include/rclcpp/executor.hpp:18[m[K,
[1.582s]                  from [01m[K/opt/ros/galactic/include/rclcpp/executors/multi_threaded_executor.hpp:26[m[K,
[1.582s]                  from [01m[K/opt/ros/galactic/include/rclcpp/executors.hpp:21[m[K,
[1.582s]                  from [01m[K/opt/ros/galactic/include/rclcpp/rclcpp.hpp:156[m[K,
[1.582s]                  from [01m[K/home/vicky/TrashBot_ws/src/robot_body_planning/src/test.cpp:1[m[K:
[1.582s] [01m[K/usr/include/c++/9/functional:211:34:[m[K [01;36m[Knote: [m[K‘[01m[Kstd::placeholders::_1[m[K’ declared here
[1.582s]   211 |     extern const _Placeholder<1> [01;36m[K_1[m[K;
[1.582s]       |                                  [01;36m[K^~[m[K
[2.076s] make[2]: *** [CMakeFiles/occupancy_map_retrieval.dir/build.make:76: CMakeFiles/occupancy_map_retrieval.dir/src/test.cpp.o] Error 1
[2.077s] make[1]: *** [CMakeFiles/Makefile2:137: CMakeFiles/occupancy_map_retrieval.dir/all] Error 2
[2.077s] make: *** [Makefile:146: all] Error 2
[2.078s] Invoked command in '/home/vicky/TrashBot_ws/src/build/robot_body_planning' returned '2': CMAKE_PREFIX_PATH=${CMAKE_PREFIX_PATH}:/home/vicky/TrashBot_ws/src/install/robot_body_perception:/opt/ros/galactic /usr/bin/cmake --build /home/vicky/TrashBot_ws/src/build/robot_body_planning -- -j8 -l8
