[0.204s] Invoking command in '/home/vicky/TrashBot_ws/src/build/robot_body_planning': CMAKE_PREFIX_PATH=${CMAKE_PREFIX_PATH}:/home/vicky/TrashBot_ws/src/install/robot_body_perception:/opt/ros/galactic /usr/bin/cmake --build /home/vicky/TrashBot_ws/src/build/robot_body_planning -- -j8 -l8
[0.226s] [100%] Built target occupancy_map_retrieval
[0.230s] Invoked command in '/home/vicky/TrashBot_ws/src/build/robot_body_planning' returned '0': CMAKE_PREFIX_PATH=${CMAKE_PREFIX_PATH}:/home/vicky/TrashBot_ws/src/install/robot_body_perception:/opt/ros/galactic /usr/bin/cmake --build /home/vicky/TrashBot_ws/src/build/robot_body_planning -- -j8 -l8
[0.246s] Invoking command in '/home/vicky/TrashBot_ws/src/build/robot_body_planning': CMAKE_PREFIX_PATH=${CMAKE_PREFIX_PATH}:/home/vicky/TrashBot_ws/src/install/robot_body_perception:/opt/ros/galactic /usr/bin/cmake --install /home/vicky/TrashBot_ws/src/build/robot_body_planning
[0.249s] -- Install configuration: ""
[0.249s] -- Execute custom install script
[0.249s] -- Up-to-date symlink: /home/vicky/TrashBot_ws/src/install/robot_body_planning/lib/robot_body_planning/occupancy_map_retrieval
[0.250s] -- Up-to-date symlink: /home/vicky/TrashBot_ws/src/install/robot_body_planning/share/ament_index/resource_index/package_run_dependencies/robot_body_planning
[0.250s] -- Up-to-date symlink: /home/vicky/TrashBot_ws/src/install/robot_body_planning/share/ament_index/resource_index/parent_prefix_path/robot_body_planning
[0.250s] -- Up-to-date symlink: /home/vicky/TrashBot_ws/src/install/robot_body_planning/share/robot_body_planning/environment/ament_prefix_path.sh
[0.250s] -- Up-to-date symlink: /home/vicky/TrashBot_ws/src/install/robot_body_planning/share/robot_body_planning/environment/ament_prefix_path.dsv
[0.250s] -- Up-to-date symlink: /home/vicky/TrashBot_ws/src/install/robot_body_planning/share/robot_body_planning/environment/path.sh
[0.250s] -- Up-to-date symlink: /home/vicky/TrashBot_ws/src/install/robot_body_planning/share/robot_body_planning/environment/path.dsv
[0.250s] -- Up-to-date symlink: /home/vicky/TrashBot_ws/src/install/robot_body_planning/share/robot_body_planning/local_setup.bash
[0.251s] -- Up-to-date symlink: /home/vicky/TrashBot_ws/src/install/robot_body_planning/share/robot_body_planning/local_setup.sh
[0.251s] -- Up-to-date symlink: /home/vicky/TrashBot_ws/src/install/robot_body_planning/share/robot_body_planning/local_setup.zsh
[0.251s] -- Up-to-date symlink: /home/vicky/TrashBot_ws/src/install/robot_body_planning/share/robot_body_planning/local_setup.dsv
[0.251s] -- Symlinking: /home/vicky/TrashBot_ws/src/install/robot_body_planning/share/robot_body_planning/package.dsv
[0.253s] -- Up-to-date symlink: /home/vicky/TrashBot_ws/src/install/robot_body_planning/share/ament_index/resource_index/packages/robot_body_planning
[0.254s] -- Up-to-date symlink: /home/vicky/TrashBot_ws/src/install/robot_body_planning/share/robot_body_planning/cmake/robot_body_planningConfig.cmake
[0.254s] -- Up-to-date symlink: /home/vicky/TrashBot_ws/src/install/robot_body_planning/share/robot_body_planning/cmake/robot_body_planningConfig-version.cmake
[0.254s] -- Up-to-date symlink: /home/vicky/TrashBot_ws/src/install/robot_body_planning/share/robot_body_planning/package.xml
[0.257s] Invoked command in '/home/vicky/TrashBot_ws/src/build/robot_body_planning' returned '0': CMAKE_PREFIX_PATH=${CMAKE_PREFIX_PATH}:/home/vicky/TrashBot_ws/src/install/robot_body_perception:/opt/ros/galactic /usr/bin/cmake --install /home/vicky/TrashBot_ws/src/build/robot_body_planning
