[0.599s] Invoking command in '/home/vicky/TrashBot_ws/src/build/robot_body_perception': PYTHONPATH=/home/vicky/TrashBot_ws/src/build/robot_body_perception/prefix_override:/usr/lib/python3/dist-packages/colcon_core/task/python/colcon_distutils_commands:/home/vicky/TrashBot_ws/src/install/robot_body_perception/lib/python3.8/site-packages:${PYTHONPATH} /usr/bin/python3 -W ignore:setup.py install is deprecated setup.py develop --uninstall --editable --build-directory /home/vicky/TrashBot_ws/src/build/robot_body_perception/build
[0.827s] running develop
[0.983s] Removing /home/vicky/TrashBot_ws/src/install/robot_body_perception/lib/python3.8/site-packages/robot-body-perception.egg-link (link to .)
[1.000s] Invoked command in '/home/vicky/TrashBot_ws/src/build/robot_body_perception' returned '0': PYTHONPATH=/home/vicky/TrashBot_ws/src/build/robot_body_perception/prefix_override:/usr/lib/python3/dist-packages/colcon_core/task/python/colcon_distutils_commands:/home/vicky/TrashBot_ws/src/install/robot_body_perception/lib/python3.8/site-packages:${PYTHONPATH} /usr/bin/python3 -W ignore:setup.py install is deprecated setup.py develop --uninstall --editable --build-directory /home/vicky/TrashBot_ws/src/build/robot_body_perception/build
[1.002s] Invoking command in '/home/vicky/TrashBot_ws/src/robot_body_perception': PYTHONPATH=/home/vicky/TrashBot_ws/src/build/robot_body_perception/prefix_override:/usr/lib/python3/dist-packages/colcon_core/task/python/colcon_distutils_commands:/home/vicky/TrashBot_ws/src/install/robot_body_perception/lib/python3.8/site-packages:${PYTHONPATH} /usr/bin/python3 -W ignore:setup.py install is deprecated setup.py egg_info --egg-base ../build/robot_body_perception build --build-base /home/vicky/TrashBot_ws/src/build/robot_body_perception/build install --record /home/vicky/TrashBot_ws/src/build/robot_body_perception/install.log --single-version-externally-managed install_data --force
[1.218s] running egg_info
[1.218s] writing ../build/robot_body_perception/robot_body_perception.egg-info/PKG-INFO
[1.218s] writing dependency_links to ../build/robot_body_perception/robot_body_perception.egg-info/dependency_links.txt
[1.218s] writing entry points to ../build/robot_body_perception/robot_body_perception.egg-info/entry_points.txt
[1.219s] writing requirements to ../build/robot_body_perception/robot_body_perception.egg-info/requires.txt
[1.219s] writing top-level names to ../build/robot_body_perception/robot_body_perception.egg-info/top_level.txt
[1.250s] reading manifest file '../build/robot_body_perception/robot_body_perception.egg-info/SOURCES.txt'
[1.251s] writing manifest file '../build/robot_body_perception/robot_body_perception.egg-info/SOURCES.txt'
[1.251s] running build
[1.251s] running build_py
[1.251s] running install
[1.252s] running install_lib
[1.253s] creating /home/vicky/TrashBot_ws/src/install/robot_body_perception/lib/python3.8/site-packages/robot_body_perception
[1.253s] copying /home/vicky/TrashBot_ws/src/build/robot_body_perception/build/lib/robot_body_perception/__init__.py -> /home/vicky/TrashBot_ws/src/install/robot_body_perception/lib/python3.8/site-packages/robot_body_perception
[1.254s] copying /home/vicky/TrashBot_ws/src/build/robot_body_perception/build/lib/robot_body_perception/slam_toolbox_wrapper.py -> /home/vicky/TrashBot_ws/src/install/robot_body_perception/lib/python3.8/site-packages/robot_body_perception
[1.254s] byte-compiling /home/vicky/TrashBot_ws/src/install/robot_body_perception/lib/python3.8/site-packages/robot_body_perception/__init__.py to __init__.cpython-38.pyc
[1.256s] byte-compiling /home/vicky/TrashBot_ws/src/install/robot_body_perception/lib/python3.8/site-packages/robot_body_perception/slam_toolbox_wrapper.py to slam_toolbox_wrapper.cpython-38.pyc
[1.256s] running install_data
[1.256s] copying resource/robot_body_perception -> /home/vicky/TrashBot_ws/src/install/robot_body_perception/share/ament_index/resource_index/packages
[1.257s] copying package.xml -> /home/vicky/TrashBot_ws/src/install/robot_body_perception/share/robot_body_perception
[1.257s] copying launch/robot_state_publisher.py -> /home/vicky/TrashBot_ws/src/install/robot_body_perception/share/robot_body_perception/launch
[1.258s] copying urdf/lidar_chassis_frames.urdf -> /home/vicky/TrashBot_ws/src/install/robot_body_perception/share/robot_body_perception/urdf
[1.258s] running install_egg_info
[1.260s] Copying ../build/robot_body_perception/robot_body_perception.egg-info to /home/vicky/TrashBot_ws/src/install/robot_body_perception/lib/python3.8/site-packages/robot_body_perception-0.0.0-py3.8.egg-info
[1.261s] running install_scripts
[1.276s] Installing wrapper script to /home/vicky/TrashBot_ws/src/install/robot_body_perception/lib/robot_body_perception
[1.277s] writing list of installed files to '/home/vicky/TrashBot_ws/src/build/robot_body_perception/install.log'
[1.293s] Invoked command in '/home/vicky/TrashBot_ws/src/robot_body_perception' returned '0': PYTHONPATH=/home/vicky/TrashBot_ws/src/build/robot_body_perception/prefix_override:/usr/lib/python3/dist-packages/colcon_core/task/python/colcon_distutils_commands:/home/vicky/TrashBot_ws/src/install/robot_body_perception/lib/python3.8/site-packages:${PYTHONPATH} /usr/bin/python3 -W ignore:setup.py install is deprecated setup.py egg_info --egg-base ../build/robot_body_perception build --build-base /home/vicky/TrashBot_ws/src/build/robot_body_perception/build install --record /home/vicky/TrashBot_ws/src/build/robot_body_perception/install.log --single-version-externally-managed install_data --force
