[0.586s] Invoking command in '/home/vicky/TrashBot_ws/src/robot_body_perception': PYTHONPATH=/home/vicky/TrashBot_ws/src/build/robot_body_perception/prefix_override:/usr/lib/python3/dist-packages/colcon_core/task/python/colcon_distutils_commands:/home/vicky/TrashBot_ws/src/install/robot_body_perception/lib/python3.8/site-packages:${PYTHONPATH} /usr/bin/python3 -W ignore:setup.py install is deprecated setup.py egg_info --egg-base ../build/robot_body_perception build --build-base /home/vicky/TrashBot_ws/src/build/robot_body_perception/build install --record /home/vicky/TrashBot_ws/src/build/robot_body_perception/install.log --single-version-externally-managed install_data
[0.821s] running egg_info
[0.822s] writing ../build/robot_body_perception/robot_body_perception.egg-info/PKG-INFO
[0.822s] writing dependency_links to ../build/robot_body_perception/robot_body_perception.egg-info/dependency_links.txt
[0.822s] writing entry points to ../build/robot_body_perception/robot_body_perception.egg-info/entry_points.txt
[0.822s] writing requirements to ../build/robot_body_perception/robot_body_perception.egg-info/requires.txt
[0.822s] writing top-level names to ../build/robot_body_perception/robot_body_perception.egg-info/top_level.txt
[0.853s] reading manifest file '../build/robot_body_perception/robot_body_perception.egg-info/SOURCES.txt'
[0.854s] writing manifest file '../build/robot_body_perception/robot_body_perception.egg-info/SOURCES.txt'
[0.854s] running build
[0.854s] running build_py
[0.854s] copying robot_body_perception/slam_toolbox_wrapper.py -> /home/vicky/TrashBot_ws/src/build/robot_body_perception/build/lib/robot_body_perception
[0.854s] running install
[0.855s] running install_lib
[0.856s] copying /home/vicky/TrashBot_ws/src/build/robot_body_perception/build/lib/robot_body_perception/slam_toolbox_wrapper.py -> /home/vicky/TrashBot_ws/src/install/robot_body_perception/lib/python3.8/site-packages/robot_body_perception
[0.856s] byte-compiling /home/vicky/TrashBot_ws/src/install/robot_body_perception/lib/python3.8/site-packages/robot_body_perception/slam_toolbox_wrapper.py to slam_toolbox_wrapper.cpython-38.pyc
[0.858s] running install_data
[0.858s] running install_egg_info
[0.859s] removing '/home/vicky/TrashBot_ws/src/install/robot_body_perception/lib/python3.8/site-packages/robot_body_perception-0.0.0-py3.8.egg-info' (and everything under it)
[0.859s] Copying ../build/robot_body_perception/robot_body_perception.egg-info to /home/vicky/TrashBot_ws/src/install/robot_body_perception/lib/python3.8/site-packages/robot_body_perception-0.0.0-py3.8.egg-info
[0.860s] running install_scripts
[0.874s] Installing wrapper script to /home/vicky/TrashBot_ws/src/install/robot_body_perception/lib/robot_body_perception
[0.874s] writing list of installed files to '/home/vicky/TrashBot_ws/src/build/robot_body_perception/install.log'
[0.891s] Invoked command in '/home/vicky/TrashBot_ws/src/robot_body_perception' returned '0': PYTHONPATH=/home/vicky/TrashBot_ws/src/build/robot_body_perception/prefix_override:/usr/lib/python3/dist-packages/colcon_core/task/python/colcon_distutils_commands:/home/vicky/TrashBot_ws/src/install/robot_body_perception/lib/python3.8/site-packages:${PYTHONPATH} /usr/bin/python3 -W ignore:setup.py install is deprecated setup.py egg_info --egg-base ../build/robot_body_perception build --build-base /home/vicky/TrashBot_ws/src/build/robot_body_perception/build install --record /home/vicky/TrashBot_ws/src/build/robot_body_perception/install.log --single-version-externally-managed install_data
