[0.278s] DEBUG:colcon:Command line arguments: ['/usr/bin/colcon', 'build']
[0.278s] DEBUG:colcon:Parsed command line arguments: Namespace(allow_overriding=[], ament_cmake_args=None, base_paths=['.'], bazel_args=None, bazel_task=None, build_base='build', catkin_cmake_args=None, catkin_skip_building_tests=False, cmake_args=None, cmake_clean_cache=False, cmake_clean_first=False, cmake_force_configure=False, cmake_target=None, cmake_target_skip_unavailable=False, continue_on_error=False, event_handlers=None, executor='parallel', ignore_user_meta=False, install_base='install', log_base=None, log_level=None, main=<bound method BuildVerb.main of <colcon_core.verb.build.BuildVerb object at 0x7f19a2097490>>, merge_install=False, metas=['./colcon.meta'], mixin=None, mixin_files=None, mixin_verb=('build',), packages_above=None, packages_above_and_dependencies=None, packages_above_depth=None, packages_end=None, packages_ignore=None, packages_ignore_regex=None, packages_select=None, packages_select_build_failed=False, packages_select_by_dep=None, packages_select_regex=None, packages_select_test_failures=False, packages_skip=None, packages_skip_build_finished=False, packages_skip_by_dep=None, packages_skip_regex=None, packages_skip_test_passed=False, packages_skip_up_to=None, packages_start=None, packages_up_to=None, packages_up_to_regex=None, parallel_workers=8, paths=None, symlink_install=False, test_result_base=None, verb_extension=<colcon_core.verb.build.BuildVerb object at 0x7f19a2097490>, verb_name='build', verb_parser=<colcon_alias.argument_parser.alias.AliasArgumentDecorator object at 0x7f19a20a5670>)
[0.489s] Level 1:colcon.colcon_core.package_discovery:discover_packages(colcon_meta) check parameters
[0.489s] Level 1:colcon.colcon_core.package_discovery:discover_packages(recursive) check parameters
[0.489s] Level 1:colcon.colcon_core.package_discovery:discover_packages(ignore) check parameters
[0.489s] Level 1:colcon.colcon_core.package_discovery:discover_packages(path) check parameters
[0.489s] Level 1:colcon.colcon_core.package_discovery:discover_packages(colcon_meta) discover
[0.490s] Level 1:colcon.colcon_core.package_discovery:discover_packages(recursive) discover
[0.490s] INFO:colcon.colcon_core.package_discovery:Crawling recursively for packages in '/home/vicky/TrashBot_ws/src'
[0.490s] Level 1:colcon.colcon_core.package_identification:_identify(.) by extensions ['ignore', 'ignore_ament_install']
[0.490s] Level 1:colcon.colcon_core.package_identification:_identify(.) by extension 'ignore'
[0.490s] Level 1:colcon.colcon_core.package_identification:_identify(.) by extension 'ignore_ament_install'
[0.490s] Level 1:colcon.colcon_core.package_identification:_identify(.) by extensions ['colcon_pkg']
[0.490s] Level 1:colcon.colcon_core.package_identification:_identify(.) by extension 'colcon_pkg'
[0.490s] Level 1:colcon.colcon_core.package_identification:_identify(.) by extensions ['colcon_meta']
[0.490s] Level 1:colcon.colcon_core.package_identification:_identify(.) by extension 'colcon_meta'
[0.490s] Level 1:colcon.colcon_core.package_identification:_identify(.) by extensions ['ros']
[0.490s] Level 1:colcon.colcon_core.package_identification:_identify(.) by extension 'ros'
[0.495s] Level 1:colcon.colcon_core.package_identification:_identify(.) by extensions ['bazel', 'cmake', 'python']
[0.495s] Level 1:colcon.colcon_core.package_identification:_identify(.) by extension 'bazel'
[0.495s] Level 1:colcon.colcon_core.package_identification:_identify(.) by extension 'cmake'
[0.495s] Level 1:colcon.colcon_core.package_identification:_identify(.) by extension 'python'
[0.495s] Level 1:colcon.colcon_core.package_identification:_identify(.) by extensions ['python_setup_py']
[0.495s] Level 1:colcon.colcon_core.package_identification:_identify(.) by extension 'python_setup_py'
[0.495s] Level 1:colcon.colcon_core.package_identification:_identify(build) by extensions ['ignore', 'ignore_ament_install']
[0.495s] Level 1:colcon.colcon_core.package_identification:_identify(build) by extension 'ignore'
[0.495s] Level 1:colcon.colcon_core.package_identification:_identify(build) ignored
[0.495s] Level 1:colcon.colcon_core.package_identification:_identify(install) by extensions ['ignore', 'ignore_ament_install']
[0.495s] Level 1:colcon.colcon_core.package_identification:_identify(install) by extension 'ignore'
[0.495s] Level 1:colcon.colcon_core.package_identification:_identify(install) ignored
[0.496s] Level 1:colcon.colcon_core.package_identification:_identify(log) by extensions ['ignore', 'ignore_ament_install']
[0.496s] Level 1:colcon.colcon_core.package_identification:_identify(log) by extension 'ignore'
[0.496s] Level 1:colcon.colcon_core.package_identification:_identify(log) ignored
[0.496s] Level 1:colcon.colcon_core.package_identification:_identify(navigation_practice) by extensions ['ignore', 'ignore_ament_install']
[0.496s] Level 1:colcon.colcon_core.package_identification:_identify(navigation_practice) by extension 'ignore'
[0.496s] Level 1:colcon.colcon_core.package_identification:_identify(navigation_practice) by extension 'ignore_ament_install'
[0.496s] Level 1:colcon.colcon_core.package_identification:_identify(navigation_practice) by extensions ['colcon_pkg']
[0.496s] Level 1:colcon.colcon_core.package_identification:_identify(navigation_practice) by extension 'colcon_pkg'
[0.496s] Level 1:colcon.colcon_core.package_identification:_identify(navigation_practice) by extensions ['colcon_meta']
[0.497s] Level 1:colcon.colcon_core.package_identification:_identify(navigation_practice) by extension 'colcon_meta'
[0.497s] Level 1:colcon.colcon_core.package_identification:_identify(navigation_practice) by extensions ['ros']
[0.497s] Level 1:colcon.colcon_core.package_identification:_identify(navigation_practice) by extension 'ros'
[0.500s] DEBUG:colcon.colcon_core.package_identification:Package 'navigation_practice' with type 'ros.ament_cmake' and name 'navigation_practice'
[0.500s] Level 1:colcon.colcon_core.package_identification:_identify(robot_body_perception) by extensions ['ignore', 'ignore_ament_install']
[0.501s] Level 1:colcon.colcon_core.package_identification:_identify(robot_body_perception) by extension 'ignore'
[0.501s] Level 1:colcon.colcon_core.package_identification:_identify(robot_body_perception) by extension 'ignore_ament_install'
[0.501s] Level 1:colcon.colcon_core.package_identification:_identify(robot_body_perception) by extensions ['colcon_pkg']
[0.501s] Level 1:colcon.colcon_core.package_identification:_identify(robot_body_perception) by extension 'colcon_pkg'
[0.501s] Level 1:colcon.colcon_core.package_identification:_identify(robot_body_perception) by extensions ['colcon_meta']
[0.501s] Level 1:colcon.colcon_core.package_identification:_identify(robot_body_perception) by extension 'colcon_meta'
[0.501s] Level 1:colcon.colcon_core.package_identification:_identify(robot_body_perception) by extensions ['ros']
[0.501s] Level 1:colcon.colcon_core.package_identification:_identify(robot_body_perception) by extension 'ros'
[0.501s] DEBUG:colcon.colcon_core.package_identification:Package 'robot_body_perception' with type 'ros.ament_python' and name 'robot_body_perception'
[0.502s] Level 1:colcon.colcon_core.package_discovery:discover_packages(recursive) using defaults
[0.502s] Level 1:colcon.colcon_core.package_discovery:discover_packages(ignore) discover
[0.502s] Level 1:colcon.colcon_core.package_discovery:discover_packages(ignore) using defaults
[0.502s] Level 1:colcon.colcon_core.package_discovery:discover_packages(path) discover
[0.502s] Level 1:colcon.colcon_core.package_discovery:discover_packages(path) using defaults
[0.532s] Level 1:colcon.colcon_core.package_discovery:discover_packages(prefix_path) check parameters
[0.532s] Level 1:colcon.colcon_core.package_discovery:discover_packages(prefix_path) discover
[0.535s] DEBUG:colcon.colcon_installed_package_information.package_discovery:Found 393 installed packages in /opt/ros/galactic
[0.537s] Level 1:colcon.colcon_core.package_discovery:discover_packages(prefix_path) using defaults
[0.634s] Level 5:colcon.colcon_core.verb:set package 'navigation_practice' build argument 'bazel_args' from command line to 'None'
[0.634s] Level 5:colcon.colcon_core.verb:set package 'navigation_practice' build argument 'bazel_task' from command line to 'None'
[0.634s] Level 5:colcon.colcon_core.verb:set package 'navigation_practice' build argument 'cmake_args' from command line to 'None'
[0.634s] Level 5:colcon.colcon_core.verb:set package 'navigation_practice' build argument 'cmake_target' from command line to 'None'
[0.635s] Level 5:colcon.colcon_core.verb:set package 'navigation_practice' build argument 'cmake_target_skip_unavailable' from command line to 'False'
[0.635s] Level 5:colcon.colcon_core.verb:set package 'navigation_practice' build argument 'cmake_clean_cache' from command line to 'False'
[0.635s] Level 5:colcon.colcon_core.verb:set package 'navigation_practice' build argument 'cmake_clean_first' from command line to 'False'
[0.635s] Level 5:colcon.colcon_core.verb:set package 'navigation_practice' build argument 'cmake_force_configure' from command line to 'False'
[0.635s] Level 5:colcon.colcon_core.verb:set package 'navigation_practice' build argument 'ament_cmake_args' from command line to 'None'
[0.635s] Level 5:colcon.colcon_core.verb:set package 'navigation_practice' build argument 'catkin_cmake_args' from command line to 'None'
[0.635s] Level 5:colcon.colcon_core.verb:set package 'navigation_practice' build argument 'catkin_skip_building_tests' from command line to 'False'
[0.635s] DEBUG:colcon.colcon_core.verb:Building package 'navigation_practice' with the following arguments: {'ament_cmake_args': None, 'bazel_args': None, 'bazel_task': None, 'build_base': '/home/vicky/TrashBot_ws/src/build/navigation_practice', 'catkin_cmake_args': None, 'catkin_skip_building_tests': False, 'cmake_args': None, 'cmake_clean_cache': False, 'cmake_clean_first': False, 'cmake_force_configure': False, 'cmake_target': None, 'cmake_target_skip_unavailable': False, 'install_base': '/home/vicky/TrashBot_ws/src/install/navigation_practice', 'merge_install': False, 'path': '/home/vicky/TrashBot_ws/src/navigation_practice', 'symlink_install': False, 'test_result_base': None}
[0.635s] Level 5:colcon.colcon_core.verb:set package 'robot_body_perception' build argument 'bazel_args' from command line to 'None'
[0.635s] Level 5:colcon.colcon_core.verb:set package 'robot_body_perception' build argument 'bazel_task' from command line to 'None'
[0.635s] Level 5:colcon.colcon_core.verb:set package 'robot_body_perception' build argument 'cmake_args' from command line to 'None'
[0.635s] Level 5:colcon.colcon_core.verb:set package 'robot_body_perception' build argument 'cmake_target' from command line to 'None'
[0.635s] Level 5:colcon.colcon_core.verb:set package 'robot_body_perception' build argument 'cmake_target_skip_unavailable' from command line to 'False'
[0.635s] Level 5:colcon.colcon_core.verb:set package 'robot_body_perception' build argument 'cmake_clean_cache' from command line to 'False'
[0.635s] Level 5:colcon.colcon_core.verb:set package 'robot_body_perception' build argument 'cmake_clean_first' from command line to 'False'
[0.635s] Level 5:colcon.colcon_core.verb:set package 'robot_body_perception' build argument 'cmake_force_configure' from command line to 'False'
[0.635s] Level 5:colcon.colcon_core.verb:set package 'robot_body_perception' build argument 'ament_cmake_args' from command line to 'None'
[0.635s] Level 5:colcon.colcon_core.verb:set package 'robot_body_perception' build argument 'catkin_cmake_args' from command line to 'None'
[0.635s] Level 5:colcon.colcon_core.verb:set package 'robot_body_perception' build argument 'catkin_skip_building_tests' from command line to 'False'
[0.635s] DEBUG:colcon.colcon_core.verb:Building package 'robot_body_perception' with the following arguments: {'ament_cmake_args': None, 'bazel_args': None, 'bazel_task': None, 'build_base': '/home/vicky/TrashBot_ws/src/build/robot_body_perception', 'catkin_cmake_args': None, 'catkin_skip_building_tests': False, 'cmake_args': None, 'cmake_clean_cache': False, 'cmake_clean_first': False, 'cmake_force_configure': False, 'cmake_target': None, 'cmake_target_skip_unavailable': False, 'install_base': '/home/vicky/TrashBot_ws/src/install/robot_body_perception', 'merge_install': False, 'path': '/home/vicky/TrashBot_ws/src/robot_body_perception', 'symlink_install': False, 'test_result_base': None}
[0.636s] INFO:colcon.colcon_core.executor:Executing jobs using 'parallel' executor
[0.637s] DEBUG:colcon.colcon_parallel_executor.executor.parallel:run_until_complete
[0.637s] INFO:colcon.colcon_ros.task.ament_cmake.build:Building ROS package in '/home/vicky/TrashBot_ws/src/navigation_practice' with build type 'ament_cmake'
[0.637s] INFO:colcon.colcon_cmake.task.cmake.build:Building CMake package in '/home/vicky/TrashBot_ws/src/navigation_practice'
[0.642s] INFO:colcon.colcon_core.plugin_system:Skipping extension 'colcon_core.shell.bat': Not used on non-Windows systems
[0.642s] INFO:colcon.colcon_core.shell:Skip shell extension 'powershell' for command environment: Not usable outside of PowerShell
[0.642s] DEBUG:colcon.colcon_core.shell:Skip shell extension 'dsv' for command environment
[0.648s] INFO:colcon.colcon_ros.task.ament_python.build:Building ROS package in '/home/vicky/TrashBot_ws/src/robot_body_perception' with build type 'ament_python'
[0.649s] Level 1:colcon.colcon_core.shell:create_environment_hook('robot_body_perception', 'ament_prefix_path')
[0.649s] INFO:colcon.colcon_core.shell:Creating environment hook '/home/vicky/TrashBot_ws/src/install/robot_body_perception/share/robot_body_perception/hook/ament_prefix_path.ps1'
[0.651s] INFO:colcon.colcon_core.shell:Creating environment descriptor '/home/vicky/TrashBot_ws/src/install/robot_body_perception/share/robot_body_perception/hook/ament_prefix_path.dsv'
[0.651s] INFO:colcon.colcon_core.shell:Creating environment hook '/home/vicky/TrashBot_ws/src/install/robot_body_perception/share/robot_body_perception/hook/ament_prefix_path.sh'
[0.652s] INFO:colcon.colcon_core.shell:Skip shell extension 'powershell' for command environment: Not usable outside of PowerShell
[0.652s] DEBUG:colcon.colcon_core.shell:Skip shell extension 'dsv' for command environment
[0.661s] DEBUG:colcon.colcon_core.event_handler.log_command:Invoking command in '/home/vicky/TrashBot_ws/src/build/navigation_practice': CMAKE_PREFIX_PATH=/opt/ros/galactic /usr/bin/cmake --build /home/vicky/TrashBot_ws/src/build/navigation_practice -- -j8 -l8
[0.957s] INFO:colcon.colcon_core.task.python.build:Building Python package in '/home/vicky/TrashBot_ws/src/robot_body_perception'
[0.958s] INFO:colcon.colcon_core.shell:Skip shell extension 'powershell' for command environment: Not usable outside of PowerShell
[0.958s] DEBUG:colcon.colcon_core.shell:Skip shell extension 'dsv' for command environment
[0.965s] DEBUG:colcon.colcon_core.event_handler.log_command:Invoked command in '/home/vicky/TrashBot_ws/src/build/navigation_practice' returned '0': CMAKE_PREFIX_PATH=/opt/ros/galactic /usr/bin/cmake --build /home/vicky/TrashBot_ws/src/build/navigation_practice -- -j8 -l8
[0.991s] DEBUG:colcon.colcon_core.event_handler.log_command:Invoking command in '/home/vicky/TrashBot_ws/src/build/navigation_practice': CMAKE_PREFIX_PATH=/opt/ros/galactic /usr/bin/cmake --install /home/vicky/TrashBot_ws/src/build/navigation_practice
[0.999s] Level 1:colcon.colcon_core.environment:create_environment_scripts_only(navigation_practice)
[1.000s] DEBUG:colcon.colcon_core.event_handler.log_command:Invoked command in '/home/vicky/TrashBot_ws/src/build/navigation_practice' returned '0': CMAKE_PREFIX_PATH=/opt/ros/galactic /usr/bin/cmake --install /home/vicky/TrashBot_ws/src/build/navigation_practice
[1.004s] Level 1:colcon.colcon_core.environment:checking '/home/vicky/TrashBot_ws/src/install/navigation_practice' for CMake module files
[1.005s] Level 1:colcon.colcon_core.environment:checking '/home/vicky/TrashBot_ws/src/install/navigation_practice' for CMake config files
[1.005s] Level 1:colcon.colcon_core.shell:create_environment_hook('navigation_practice', 'cmake_prefix_path')
[1.006s] INFO:colcon.colcon_core.shell:Creating environment hook '/home/vicky/TrashBot_ws/src/install/navigation_practice/share/navigation_practice/hook/cmake_prefix_path.ps1'
[1.006s] INFO:colcon.colcon_core.shell:Creating environment descriptor '/home/vicky/TrashBot_ws/src/install/navigation_practice/share/navigation_practice/hook/cmake_prefix_path.dsv'
[1.007s] INFO:colcon.colcon_core.shell:Creating environment hook '/home/vicky/TrashBot_ws/src/install/navigation_practice/share/navigation_practice/hook/cmake_prefix_path.sh'
[1.008s] Level 1:colcon.colcon_core.environment:checking '/home/vicky/TrashBot_ws/src/install/navigation_practice/bin'
[1.008s] Level 1:colcon.colcon_core.environment:checking '/home/vicky/TrashBot_ws/src/install/navigation_practice/lib/pkgconfig/navigation_practice.pc'
[1.008s] Level 1:colcon.colcon_core.environment:checking '/home/vicky/TrashBot_ws/src/install/navigation_practice/lib/python3.8/site-packages'
[1.008s] Level 1:colcon.colcon_core.environment:checking '/home/vicky/TrashBot_ws/src/install/navigation_practice/bin'
[1.008s] INFO:colcon.colcon_core.shell:Creating package script '/home/vicky/TrashBot_ws/src/install/navigation_practice/share/navigation_practice/package.ps1'
[1.011s] INFO:colcon.colcon_core.shell:Creating package descriptor '/home/vicky/TrashBot_ws/src/install/navigation_practice/share/navigation_practice/package.dsv'
[1.012s] INFO:colcon.colcon_core.shell:Creating package script '/home/vicky/TrashBot_ws/src/install/navigation_practice/share/navigation_practice/package.sh'
[1.014s] INFO:colcon.colcon_core.shell:Creating package script '/home/vicky/TrashBot_ws/src/install/navigation_practice/share/navigation_practice/package.bash'
[1.016s] INFO:colcon.colcon_core.shell:Creating package script '/home/vicky/TrashBot_ws/src/install/navigation_practice/share/navigation_practice/package.zsh'
[1.017s] Level 1:colcon.colcon_core.environment:create_file_with_runtime_dependencies(/home/vicky/TrashBot_ws/src/install/navigation_practice/share/colcon-core/packages/navigation_practice)
[1.037s] Level 1:colcon.colcon_core.environment:create_environment_scripts_only(navigation_practice)
[1.038s] Level 1:colcon.colcon_core.environment:checking '/home/vicky/TrashBot_ws/src/install/navigation_practice' for CMake module files
[1.038s] Level 1:colcon.colcon_core.environment:checking '/home/vicky/TrashBot_ws/src/install/navigation_practice' for CMake config files
[1.039s] Level 1:colcon.colcon_core.shell:create_environment_hook('navigation_practice', 'cmake_prefix_path')
[1.039s] INFO:colcon.colcon_core.shell:Creating environment hook '/home/vicky/TrashBot_ws/src/install/navigation_practice/share/navigation_practice/hook/cmake_prefix_path.ps1'
[1.040s] INFO:colcon.colcon_core.shell:Creating environment descriptor '/home/vicky/TrashBot_ws/src/install/navigation_practice/share/navigation_practice/hook/cmake_prefix_path.dsv'
[1.040s] INFO:colcon.colcon_core.shell:Creating environment hook '/home/vicky/TrashBot_ws/src/install/navigation_practice/share/navigation_practice/hook/cmake_prefix_path.sh'
[1.040s] Level 1:colcon.colcon_core.environment:checking '/home/vicky/TrashBot_ws/src/install/navigation_practice/bin'
[1.040s] Level 1:colcon.colcon_core.environment:checking '/home/vicky/TrashBot_ws/src/install/navigation_practice/lib/pkgconfig/navigation_practice.pc'
[1.041s] Level 1:colcon.colcon_core.environment:checking '/home/vicky/TrashBot_ws/src/install/navigation_practice/lib/python3.8/site-packages'
[1.041s] Level 1:colcon.colcon_core.environment:checking '/home/vicky/TrashBot_ws/src/install/navigation_practice/bin'
[1.041s] INFO:colcon.colcon_core.shell:Creating package script '/home/vicky/TrashBot_ws/src/install/navigation_practice/share/navigation_practice/package.ps1'
[1.042s] INFO:colcon.colcon_core.shell:Creating package descriptor '/home/vicky/TrashBot_ws/src/install/navigation_practice/share/navigation_practice/package.dsv'
[1.043s] INFO:colcon.colcon_core.shell:Creating package script '/home/vicky/TrashBot_ws/src/install/navigation_practice/share/navigation_practice/package.sh'
[1.043s] INFO:colcon.colcon_core.shell:Creating package script '/home/vicky/TrashBot_ws/src/install/navigation_practice/share/navigation_practice/package.bash'
[1.044s] INFO:colcon.colcon_core.shell:Creating package script '/home/vicky/TrashBot_ws/src/install/navigation_practice/share/navigation_practice/package.zsh'
[1.044s] Level 1:colcon.colcon_core.environment:create_file_with_runtime_dependencies(/home/vicky/TrashBot_ws/src/install/navigation_practice/share/colcon-core/packages/navigation_practice)
[1.511s] DEBUG:colcon.colcon_core.event_handler.log_command:Invoking command in '/home/vicky/TrashBot_ws/src/robot_body_perception': PYTHONPATH=/home/vicky/TrashBot_ws/src/build/robot_body_perception/prefix_override:/usr/lib/python3/dist-packages/colcon_core/task/python/colcon_distutils_commands:/home/vicky/TrashBot_ws/src/install/robot_body_perception/lib/python3.8/site-packages:${PYTHONPATH} /usr/bin/python3 -W ignore:setup.py install is deprecated setup.py egg_info --egg-base ../build/robot_body_perception build --build-base /home/vicky/TrashBot_ws/src/build/robot_body_perception/build install --record /home/vicky/TrashBot_ws/src/build/robot_body_perception/install.log --single-version-externally-managed install_data
[1.926s] Level 1:colcon.colcon_core.environment:checking '/home/vicky/TrashBot_ws/src/install/robot_body_perception' for CMake module files
[1.927s] DEBUG:colcon.colcon_core.event_handler.log_command:Invoked command in '/home/vicky/TrashBot_ws/src/robot_body_perception' returned '0': PYTHONPATH=/home/vicky/TrashBot_ws/src/build/robot_body_perception/prefix_override:/usr/lib/python3/dist-packages/colcon_core/task/python/colcon_distutils_commands:/home/vicky/TrashBot_ws/src/install/robot_body_perception/lib/python3.8/site-packages:${PYTHONPATH} /usr/bin/python3 -W ignore:setup.py install is deprecated setup.py egg_info --egg-base ../build/robot_body_perception build --build-base /home/vicky/TrashBot_ws/src/build/robot_body_perception/build install --record /home/vicky/TrashBot_ws/src/build/robot_body_perception/install.log --single-version-externally-managed install_data
[1.927s] Level 1:colcon.colcon_core.environment:checking '/home/vicky/TrashBot_ws/src/install/robot_body_perception' for CMake config files
[1.928s] Level 1:colcon.colcon_core.environment:checking '/home/vicky/TrashBot_ws/src/install/robot_body_perception/lib'
[1.929s] Level 1:colcon.colcon_core.environment:checking '/home/vicky/TrashBot_ws/src/install/robot_body_perception/bin'
[1.929s] Level 1:colcon.colcon_core.environment:checking '/home/vicky/TrashBot_ws/src/install/robot_body_perception/lib/pkgconfig/robot_body_perception.pc'
[1.929s] Level 1:colcon.colcon_core.environment:checking '/home/vicky/TrashBot_ws/src/install/robot_body_perception/lib/python3.8/site-packages'
[1.929s] Level 1:colcon.colcon_core.shell:create_environment_hook('robot_body_perception', 'pythonpath')
[1.929s] INFO:colcon.colcon_core.shell:Creating environment hook '/home/vicky/TrashBot_ws/src/install/robot_body_perception/share/robot_body_perception/hook/pythonpath.ps1'
[1.930s] INFO:colcon.colcon_core.shell:Creating environment descriptor '/home/vicky/TrashBot_ws/src/install/robot_body_perception/share/robot_body_perception/hook/pythonpath.dsv'
[1.931s] INFO:colcon.colcon_core.shell:Creating environment hook '/home/vicky/TrashBot_ws/src/install/robot_body_perception/share/robot_body_perception/hook/pythonpath.sh'
[1.931s] Level 1:colcon.colcon_core.environment:checking '/home/vicky/TrashBot_ws/src/install/robot_body_perception/bin'
[1.931s] Level 1:colcon.colcon_core.environment:create_environment_scripts_only(robot_body_perception)
[1.932s] INFO:colcon.colcon_core.shell:Creating package script '/home/vicky/TrashBot_ws/src/install/robot_body_perception/share/robot_body_perception/package.ps1'
[1.932s] INFO:colcon.colcon_core.shell:Creating package descriptor '/home/vicky/TrashBot_ws/src/install/robot_body_perception/share/robot_body_perception/package.dsv'
[1.933s] INFO:colcon.colcon_core.shell:Creating package script '/home/vicky/TrashBot_ws/src/install/robot_body_perception/share/robot_body_perception/package.sh'
[1.933s] INFO:colcon.colcon_core.shell:Creating package script '/home/vicky/TrashBot_ws/src/install/robot_body_perception/share/robot_body_perception/package.bash'
[1.934s] INFO:colcon.colcon_core.shell:Creating package script '/home/vicky/TrashBot_ws/src/install/robot_body_perception/share/robot_body_perception/package.zsh'
[1.934s] Level 1:colcon.colcon_core.environment:create_file_with_runtime_dependencies(/home/vicky/TrashBot_ws/src/install/robot_body_perception/share/colcon-core/packages/robot_body_perception)
[1.935s] DEBUG:colcon.colcon_parallel_executor.executor.parallel:closing loop
[1.935s] DEBUG:colcon.colcon_parallel_executor.executor.parallel:loop closed
[1.935s] DEBUG:colcon.colcon_parallel_executor.executor.parallel:run_until_complete finished with '0'
[1.935s] DEBUG:colcon.colcon_core.event_reactor:joining thread
[1.943s] INFO:colcon.colcon_core.plugin_system:Skipping extension 'colcon_notification.desktop_notification.terminal_notifier': Not used on non-Darwin systems
[1.943s] INFO:colcon.colcon_core.plugin_system:Skipping extension 'colcon_notification.desktop_notification.win32': Not used on non-Windows systems
[1.943s] INFO:colcon.colcon_notification.desktop_notification:Sending desktop notification using 'notify2'
[1.963s] DEBUG:colcon.colcon_core.event_reactor:joined thread
[1.963s] INFO:colcon.colcon_core.shell:Creating prefix script '/home/vicky/TrashBot_ws/src/install/local_setup.ps1'
[1.965s] INFO:colcon.colcon_core.shell:Creating prefix util module '/home/vicky/TrashBot_ws/src/install/_local_setup_util_ps1.py'
[1.967s] INFO:colcon.colcon_core.shell:Creating prefix chain script '/home/vicky/TrashBot_ws/src/install/setup.ps1'
[1.969s] INFO:colcon.colcon_core.shell:Creating prefix script '/home/vicky/TrashBot_ws/src/install/local_setup.sh'
[1.969s] INFO:colcon.colcon_core.shell:Creating prefix util module '/home/vicky/TrashBot_ws/src/install/_local_setup_util_sh.py'
[1.970s] INFO:colcon.colcon_core.shell:Creating prefix chain script '/home/vicky/TrashBot_ws/src/install/setup.sh'
[1.971s] INFO:colcon.colcon_core.shell:Creating prefix script '/home/vicky/TrashBot_ws/src/install/local_setup.bash'
[1.972s] INFO:colcon.colcon_core.shell:Creating prefix chain script '/home/vicky/TrashBot_ws/src/install/setup.bash'
[1.973s] INFO:colcon.colcon_core.shell:Creating prefix script '/home/vicky/TrashBot_ws/src/install/local_setup.zsh'
[1.973s] INFO:colcon.colcon_core.shell:Creating prefix chain script '/home/vicky/TrashBot_ws/src/install/setup.zsh'
[1.975s] INFO:colcon.colcon_core.shell:Creating '/home/vicky/TrashBot_ws/src/install/spawn_shell.bash'
