[0.049s] Invoking command in '/home/vicky/TrashBot_ws/src/build/navigation_practice': CMAKE_PREFIX_PATH=/opt/ros/galactic /usr/bin/cmake /home/vicky/TrashBot_ws/src/navigation_practice -DCMAKE_INSTALL_PREFIX=/home/vicky/TrashBot_ws/src/install/navigation_practice
[0.076s] -- Found ament_cmake: 1.1.6 (/opt/ros/galactic/share/ament_cmake/cmake)
[0.080s] [33mCMake Warning (dev) at /opt/ros/galactic/share/ament_cmake_core/cmake/core/python.cmake:22 (find_package):
[0.080s]   Policy CMP0148 is not set: The FindPythonInterp and FindPythonLibs modules
[0.080s]   are removed.  Run "cmake --help-policy CMP0148" for policy details.  Use
[0.081s]   the cmake_policy command to set the policy and suppress this warning.
[0.081s] 
[0.081s] Call Stack (most recent call first):
[0.081s]   /opt/ros/galactic/share/ament_cmake_core/cmake/core/all.cmake:53 (include)
[0.082s]   /opt/ros/galactic/share/ament_cmake_core/cmake/ament_cmake_core-extras.cmake:17 (include)
[0.082s]   /opt/ros/galactic/share/ament_cmake_core/cmake/ament_cmake_coreConfig.cmake:41 (include)
[0.082s]   /opt/ros/galactic/share/ament_cmake/cmake/ament_cmake_export_dependencies-extras.cmake:15 (find_package)
[0.082s]   /opt/ros/galactic/share/ament_cmake/cmake/ament_cmakeConfig.cmake:41 (include)
[0.083s]   CMakeLists.txt:9 (find_package)
[0.083s] This warning is for project developers.  Use -Wno-dev to suppress it.
[0.083s] [0m
[0.143s] -- Using PYTHON_EXECUTABLE: /usr/bin/python3
[0.313s] -- Found rclcpp: 9.2.2 (/opt/ros/galactic/share/rclcpp/cmake)
[0.423s] -- Using all available rosidl_typesupport_c: rosidl_typesupport_fastrtps_c;rosidl_typesupport_introspection_c
[0.431s] -- Found rosidl_adapter: 2.2.3 (/opt/ros/galactic/share/rosidl_adapter/cmake)
[0.801s] -- Using all available rosidl_typesupport_cpp: rosidl_typesupport_fastrtps_cpp;rosidl_typesupport_introspection_cpp
[0.980s] -- Found rmw_implementation_cmake: 3.3.1 (/opt/ros/galactic/share/rmw_implementation_cmake/cmake)
[0.984s] -- Found rmw_cyclonedds_cpp: 0.22.6 (/opt/ros/galactic/share/rmw_cyclonedds_cpp/cmake)
[1.043s] -- Using RMW implementation 'rmw_cyclonedds_cpp' as default
[1.567s] -- Found nav_msgs: 2.2.4 (/opt/ros/galactic/share/nav_msgs/cmake)
[2.001s] [31mCMake Error at CMakeLists.txt:18 (install):
[2.002s]   install TARGETS given target "pub_occupancy_grid" which does not exist.
[2.002s] 
[2.002s] [0m
[2.003s] -- Found ament_lint_auto: 0.10.7 (/opt/ros/galactic/share/ament_lint_auto/cmake)
[2.180s] -- Added test 'copyright' to check source files copyright and LICENSE
[2.185s] -- Added test 'flake8' to check Python code syntax and style conventions
[2.186s] -- Added test 'lint_cmake' to check CMake code style
[2.187s] -- Added test 'pep257' to check Python code against some of the style conventions in PEP 257
[2.191s] -- Added test 'xmllint' to check XML markup files
[2.194s] -- Configuring incomplete, errors occurred!
[2.214s] Invoked command in '/home/vicky/TrashBot_ws/src/build/navigation_practice' returned '1': CMAKE_PREFIX_PATH=/opt/ros/galactic /usr/bin/cmake /home/vicky/TrashBot_ws/src/navigation_practice -DCMAKE_INSTALL_PREFIX=/home/vicky/TrashBot_ws/src/install/navigation_practice
