[0.218s] DEBUG:colcon:Command line arguments: ['/usr/bin/colcon', 'build', '--symlink']
[0.218s] DEBUG:colcon:Parsed command line arguments: Namespace(allow_overriding=[], ament_cmake_args=None, base_paths=['.'], bazel_args=None, bazel_task=None, build_base='build', catkin_cmake_args=None, catkin_skip_building_tests=False, cmake_args=None, cmake_clean_cache=False, cmake_clean_first=False, cmake_force_configure=False, cmake_target=None, cmake_target_skip_unavailable=False, continue_on_error=False, event_handlers=None, executor='parallel', ignore_user_meta=False, install_base='install', log_base=None, log_level=None, main=<bound method BuildVerb.main of <colcon_core.verb.build.BuildVerb object at 0x7f3e74d895e0>>, merge_install=False, metas=['./colcon.meta'], mixin=None, mixin_files=None, mixin_verb=('build',), packages_above=None, packages_above_and_dependencies=None, packages_above_depth=None, packages_end=None, packages_ignore=None, packages_ignore_regex=None, packages_select=None, packages_select_build_failed=False, packages_select_by_dep=None, packages_select_regex=None, packages_select_test_failures=False, packages_skip=None, packages_skip_build_finished=False, packages_skip_by_dep=None, packages_skip_regex=None, packages_skip_test_passed=False, packages_skip_up_to=None, packages_start=None, packages_up_to=None, packages_up_to_regex=None, parallel_workers=8, paths=None, symlink_install=True, test_result_base=None, verb_extension=<colcon_core.verb.build.BuildVerb object at 0x7f3e74d895e0>, verb_name='build', verb_parser=<colcon_alias.argument_parser.alias.AliasArgumentDecorator object at 0x7f3e74d977c0>)
[0.385s] Level 1:colcon.colcon_core.package_discovery:discover_packages(colcon_meta) check parameters
[0.385s] Level 1:colcon.colcon_core.package_discovery:discover_packages(recursive) check parameters
[0.385s] Level 1:colcon.colcon_core.package_discovery:discover_packages(ignore) check parameters
[0.385s] Level 1:colcon.colcon_core.package_discovery:discover_packages(path) check parameters
[0.385s] Level 1:colcon.colcon_core.package_discovery:discover_packages(colcon_meta) discover
[0.385s] Level 1:colcon.colcon_core.package_discovery:discover_packages(recursive) discover
[0.385s] INFO:colcon.colcon_core.package_discovery:Crawling recursively for packages in '/home/vicky/TrashBot_ws/src'
[0.385s] Level 1:colcon.colcon_core.package_identification:_identify(.) by extensions ['ignore', 'ignore_ament_install']
[0.385s] Level 1:colcon.colcon_core.package_identification:_identify(.) by extension 'ignore'
[0.385s] Level 1:colcon.colcon_core.package_identification:_identify(.) by extension 'ignore_ament_install'
[0.385s] Level 1:colcon.colcon_core.package_identification:_identify(.) by extensions ['colcon_pkg']
[0.386s] Level 1:colcon.colcon_core.package_identification:_identify(.) by extension 'colcon_pkg'
[0.386s] Level 1:colcon.colcon_core.package_identification:_identify(.) by extensions ['colcon_meta']
[0.386s] Level 1:colcon.colcon_core.package_identification:_identify(.) by extension 'colcon_meta'
[0.386s] Level 1:colcon.colcon_core.package_identification:_identify(.) by extensions ['ros']
[0.386s] Level 1:colcon.colcon_core.package_identification:_identify(.) by extension 'ros'
[0.388s] Level 1:colcon.colcon_core.package_identification:_identify(.) by extensions ['bazel', 'cmake', 'python']
[0.388s] Level 1:colcon.colcon_core.package_identification:_identify(.) by extension 'bazel'
[0.388s] Level 1:colcon.colcon_core.package_identification:_identify(.) by extension 'cmake'
[0.388s] Level 1:colcon.colcon_core.package_identification:_identify(.) by extension 'python'
[0.388s] Level 1:colcon.colcon_core.package_identification:_identify(.) by extensions ['python_setup_py']
[0.388s] Level 1:colcon.colcon_core.package_identification:_identify(.) by extension 'python_setup_py'
[0.388s] Level 1:colcon.colcon_core.package_identification:_identify(build) by extensions ['ignore', 'ignore_ament_install']
[0.388s] Level 1:colcon.colcon_core.package_identification:_identify(build) by extension 'ignore'
[0.388s] Level 1:colcon.colcon_core.package_identification:_identify(build) ignored
[0.388s] Level 1:colcon.colcon_core.package_identification:_identify(install) by extensions ['ignore', 'ignore_ament_install']
[0.389s] Level 1:colcon.colcon_core.package_identification:_identify(install) by extension 'ignore'
[0.389s] Level 1:colcon.colcon_core.package_identification:_identify(install) ignored
[0.389s] Level 1:colcon.colcon_core.package_identification:_identify(log) by extensions ['ignore', 'ignore_ament_install']
[0.389s] Level 1:colcon.colcon_core.package_identification:_identify(log) by extension 'ignore'
[0.389s] Level 1:colcon.colcon_core.package_identification:_identify(log) ignored
[0.389s] Level 1:colcon.colcon_core.package_identification:_identify(navigation_practice) by extensions ['ignore', 'ignore_ament_install']
[0.389s] Level 1:colcon.colcon_core.package_identification:_identify(navigation_practice) by extension 'ignore'
[0.389s] Level 1:colcon.colcon_core.package_identification:_identify(navigation_practice) by extension 'ignore_ament_install'
[0.389s] Level 1:colcon.colcon_core.package_identification:_identify(navigation_practice) by extensions ['colcon_pkg']
[0.389s] Level 1:colcon.colcon_core.package_identification:_identify(navigation_practice) by extension 'colcon_pkg'
[0.389s] Level 1:colcon.colcon_core.package_identification:_identify(navigation_practice) by extensions ['colcon_meta']
[0.389s] Level 1:colcon.colcon_core.package_identification:_identify(navigation_practice) by extension 'colcon_meta'
[0.389s] Level 1:colcon.colcon_core.package_identification:_identify(navigation_practice) by extensions ['ros']
[0.389s] Level 1:colcon.colcon_core.package_identification:_identify(navigation_practice) by extension 'ros'
[0.391s] DEBUG:colcon.colcon_core.package_identification:Package 'navigation_practice' with type 'ros.ament_cmake' and name 'navigation_practice'
[0.391s] Level 1:colcon.colcon_core.package_identification:_identify(robot_body_perception) by extensions ['ignore', 'ignore_ament_install']
[0.391s] Level 1:colcon.colcon_core.package_identification:_identify(robot_body_perception) by extension 'ignore'
[0.391s] Level 1:colcon.colcon_core.package_identification:_identify(robot_body_perception) by extension 'ignore_ament_install'
[0.391s] Level 1:colcon.colcon_core.package_identification:_identify(robot_body_perception) by extensions ['colcon_pkg']
[0.391s] Level 1:colcon.colcon_core.package_identification:_identify(robot_body_perception) by extension 'colcon_pkg'
[0.391s] Level 1:colcon.colcon_core.package_identification:_identify(robot_body_perception) by extensions ['colcon_meta']
[0.391s] Level 1:colcon.colcon_core.package_identification:_identify(robot_body_perception) by extension 'colcon_meta'
[0.391s] Level 1:colcon.colcon_core.package_identification:_identify(robot_body_perception) by extensions ['ros']
[0.391s] Level 1:colcon.colcon_core.package_identification:_identify(robot_body_perception) by extension 'ros'
[0.392s] DEBUG:colcon.colcon_core.package_identification:Package 'robot_body_perception' with type 'ros.ament_python' and name 'robot_body_perception'
[0.392s] Level 1:colcon.colcon_core.package_identification:_identify(robot_body_planning) by extensions ['ignore', 'ignore_ament_install']
[0.392s] Level 1:colcon.colcon_core.package_identification:_identify(robot_body_planning) by extension 'ignore'
[0.392s] Level 1:colcon.colcon_core.package_identification:_identify(robot_body_planning) by extension 'ignore_ament_install'
[0.392s] Level 1:colcon.colcon_core.package_identification:_identify(robot_body_planning) by extensions ['colcon_pkg']
[0.392s] Level 1:colcon.colcon_core.package_identification:_identify(robot_body_planning) by extension 'colcon_pkg'
[0.392s] Level 1:colcon.colcon_core.package_identification:_identify(robot_body_planning) by extensions ['colcon_meta']
[0.392s] Level 1:colcon.colcon_core.package_identification:_identify(robot_body_planning) by extension 'colcon_meta'
[0.392s] Level 1:colcon.colcon_core.package_identification:_identify(robot_body_planning) by extensions ['ros']
[0.392s] Level 1:colcon.colcon_core.package_identification:_identify(robot_body_planning) by extension 'ros'
[0.393s] DEBUG:colcon.colcon_core.package_identification:Package 'robot_body_planning' with type 'ros.ament_cmake' and name 'robot_body_planning'
[0.393s] Level 1:colcon.colcon_core.package_discovery:discover_packages(recursive) using defaults
[0.393s] Level 1:colcon.colcon_core.package_discovery:discover_packages(ignore) discover
[0.393s] Level 1:colcon.colcon_core.package_discovery:discover_packages(ignore) using defaults
[0.393s] Level 1:colcon.colcon_core.package_discovery:discover_packages(path) discover
[0.393s] Level 1:colcon.colcon_core.package_discovery:discover_packages(path) using defaults
[0.415s] Level 1:colcon.colcon_core.package_discovery:discover_packages(prefix_path) check parameters
[0.416s] Level 1:colcon.colcon_core.package_discovery:discover_packages(prefix_path) discover
[0.417s] DEBUG:colcon.colcon_installed_package_information.package_discovery:Found 1 installed packages in /home/vicky/Downloads/TUTORIAL/install
[0.418s] DEBUG:colcon.colcon_installed_package_information.package_discovery:Found 393 installed packages in /opt/ros/galactic
[0.420s] Level 1:colcon.colcon_core.package_discovery:discover_packages(prefix_path) using defaults
[0.491s] Level 5:colcon.colcon_core.verb:set package 'navigation_practice' build argument 'bazel_args' from command line to 'None'
[0.491s] Level 5:colcon.colcon_core.verb:set package 'navigation_practice' build argument 'bazel_task' from command line to 'None'
[0.491s] Level 5:colcon.colcon_core.verb:set package 'navigation_practice' build argument 'cmake_args' from command line to 'None'
[0.491s] Level 5:colcon.colcon_core.verb:set package 'navigation_practice' build argument 'cmake_target' from command line to 'None'
[0.491s] Level 5:colcon.colcon_core.verb:set package 'navigation_practice' build argument 'cmake_target_skip_unavailable' from command line to 'False'
[0.491s] Level 5:colcon.colcon_core.verb:set package 'navigation_practice' build argument 'cmake_clean_cache' from command line to 'False'
[0.491s] Level 5:colcon.colcon_core.verb:set package 'navigation_practice' build argument 'cmake_clean_first' from command line to 'False'
[0.491s] Level 5:colcon.colcon_core.verb:set package 'navigation_practice' build argument 'cmake_force_configure' from command line to 'False'
[0.491s] Level 5:colcon.colcon_core.verb:set package 'navigation_practice' build argument 'ament_cmake_args' from command line to 'None'
[0.491s] Level 5:colcon.colcon_core.verb:set package 'navigation_practice' build argument 'catkin_cmake_args' from command line to 'None'
[0.491s] Level 5:colcon.colcon_core.verb:set package 'navigation_practice' build argument 'catkin_skip_building_tests' from command line to 'False'
[0.491s] DEBUG:colcon.colcon_core.verb:Building package 'navigation_practice' with the following arguments: {'ament_cmake_args': None, 'bazel_args': None, 'bazel_task': None, 'build_base': '/home/vicky/TrashBot_ws/src/build/navigation_practice', 'catkin_cmake_args': None, 'catkin_skip_building_tests': False, 'cmake_args': None, 'cmake_clean_cache': False, 'cmake_clean_first': False, 'cmake_force_configure': False, 'cmake_target': None, 'cmake_target_skip_unavailable': False, 'install_base': '/home/vicky/TrashBot_ws/src/install/navigation_practice', 'merge_install': False, 'path': '/home/vicky/TrashBot_ws/src/navigation_practice', 'symlink_install': True, 'test_result_base': None}
[0.491s] Level 5:colcon.colcon_core.verb:set package 'robot_body_perception' build argument 'bazel_args' from command line to 'None'
[0.491s] Level 5:colcon.colcon_core.verb:set package 'robot_body_perception' build argument 'bazel_task' from command line to 'None'
[0.492s] Level 5:colcon.colcon_core.verb:set package 'robot_body_perception' build argument 'cmake_args' from command line to 'None'
[0.492s] Level 5:colcon.colcon_core.verb:set package 'robot_body_perception' build argument 'cmake_target' from command line to 'None'
[0.492s] Level 5:colcon.colcon_core.verb:set package 'robot_body_perception' build argument 'cmake_target_skip_unavailable' from command line to 'False'
[0.492s] Level 5:colcon.colcon_core.verb:set package 'robot_body_perception' build argument 'cmake_clean_cache' from command line to 'False'
[0.492s] Level 5:colcon.colcon_core.verb:set package 'robot_body_perception' build argument 'cmake_clean_first' from command line to 'False'
[0.492s] Level 5:colcon.colcon_core.verb:set package 'robot_body_perception' build argument 'cmake_force_configure' from command line to 'False'
[0.492s] Level 5:colcon.colcon_core.verb:set package 'robot_body_perception' build argument 'ament_cmake_args' from command line to 'None'
[0.492s] Level 5:colcon.colcon_core.verb:set package 'robot_body_perception' build argument 'catkin_cmake_args' from command line to 'None'
[0.492s] Level 5:colcon.colcon_core.verb:set package 'robot_body_perception' build argument 'catkin_skip_building_tests' from command line to 'False'
[0.492s] DEBUG:colcon.colcon_core.verb:Building package 'robot_body_perception' with the following arguments: {'ament_cmake_args': None, 'bazel_args': None, 'bazel_task': None, 'build_base': '/home/vicky/TrashBot_ws/src/build/robot_body_perception', 'catkin_cmake_args': None, 'catkin_skip_building_tests': False, 'cmake_args': None, 'cmake_clean_cache': False, 'cmake_clean_first': False, 'cmake_force_configure': False, 'cmake_target': None, 'cmake_target_skip_unavailable': False, 'install_base': '/home/vicky/TrashBot_ws/src/install/robot_body_perception', 'merge_install': False, 'path': '/home/vicky/TrashBot_ws/src/robot_body_perception', 'symlink_install': True, 'test_result_base': None}
[0.492s] Level 5:colcon.colcon_core.verb:set package 'robot_body_planning' build argument 'bazel_args' from command line to 'None'
[0.492s] Level 5:colcon.colcon_core.verb:set package 'robot_body_planning' build argument 'bazel_task' from command line to 'None'
[0.492s] Level 5:colcon.colcon_core.verb:set package 'robot_body_planning' build argument 'cmake_args' from command line to 'None'
[0.492s] Level 5:colcon.colcon_core.verb:set package 'robot_body_planning' build argument 'cmake_target' from command line to 'None'
[0.492s] Level 5:colcon.colcon_core.verb:set package 'robot_body_planning' build argument 'cmake_target_skip_unavailable' from command line to 'False'
[0.492s] Level 5:colcon.colcon_core.verb:set package 'robot_body_planning' build argument 'cmake_clean_cache' from command line to 'False'
[0.492s] Level 5:colcon.colcon_core.verb:set package 'robot_body_planning' build argument 'cmake_clean_first' from command line to 'False'
[0.492s] Level 5:colcon.colcon_core.verb:set package 'robot_body_planning' build argument 'cmake_force_configure' from command line to 'False'
[0.492s] Level 5:colcon.colcon_core.verb:set package 'robot_body_planning' build argument 'ament_cmake_args' from command line to 'None'
[0.492s] Level 5:colcon.colcon_core.verb:set package 'robot_body_planning' build argument 'catkin_cmake_args' from command line to 'None'
[0.492s] Level 5:colcon.colcon_core.verb:set package 'robot_body_planning' build argument 'catkin_skip_building_tests' from command line to 'False'
[0.492s] DEBUG:colcon.colcon_core.verb:Building package 'robot_body_planning' with the following arguments: {'ament_cmake_args': None, 'bazel_args': None, 'bazel_task': None, 'build_base': '/home/vicky/TrashBot_ws/src/build/robot_body_planning', 'catkin_cmake_args': None, 'catkin_skip_building_tests': False, 'cmake_args': None, 'cmake_clean_cache': False, 'cmake_clean_first': False, 'cmake_force_configure': False, 'cmake_target': None, 'cmake_target_skip_unavailable': False, 'install_base': '/home/vicky/TrashBot_ws/src/install/robot_body_planning', 'merge_install': False, 'path': '/home/vicky/TrashBot_ws/src/robot_body_planning', 'symlink_install': True, 'test_result_base': None}
[0.492s] INFO:colcon.colcon_core.executor:Executing jobs using 'parallel' executor
[0.493s] DEBUG:colcon.colcon_parallel_executor.executor.parallel:run_until_complete
[0.494s] INFO:colcon.colcon_ros.task.ament_cmake.build:Building ROS package in '/home/vicky/TrashBot_ws/src/navigation_practice' with build type 'ament_cmake'
[0.494s] INFO:colcon.colcon_cmake.task.cmake.build:Building CMake package in '/home/vicky/TrashBot_ws/src/navigation_practice'
[0.496s] INFO:colcon.colcon_core.plugin_system:Skipping extension 'colcon_core.shell.bat': Not used on non-Windows systems
[0.496s] INFO:colcon.colcon_core.shell:Skip shell extension 'powershell' for command environment: Not usable outside of PowerShell
[0.496s] DEBUG:colcon.colcon_core.shell:Skip shell extension 'dsv' for command environment
[0.501s] INFO:colcon.colcon_ros.task.ament_python.build:Building ROS package in '/home/vicky/TrashBot_ws/src/robot_body_perception' with build type 'ament_python'
[0.501s] Level 1:colcon.colcon_core.shell:create_environment_hook('robot_body_perception', 'ament_prefix_path')
[0.502s] INFO:colcon.colcon_core.shell:Creating environment hook '/home/vicky/TrashBot_ws/src/install/robot_body_perception/share/robot_body_perception/hook/ament_prefix_path.ps1'
[0.502s] INFO:colcon.colcon_core.shell:Creating environment descriptor '/home/vicky/TrashBot_ws/src/install/robot_body_perception/share/robot_body_perception/hook/ament_prefix_path.dsv'
[0.503s] INFO:colcon.colcon_core.shell:Creating environment hook '/home/vicky/TrashBot_ws/src/install/robot_body_perception/share/robot_body_perception/hook/ament_prefix_path.sh'
[0.503s] INFO:colcon.colcon_core.shell:Skip shell extension 'powershell' for command environment: Not usable outside of PowerShell
[0.503s] DEBUG:colcon.colcon_core.shell:Skip shell extension 'dsv' for command environment
[0.507s] INFO:colcon.colcon_ros.task.ament_cmake.build:Building ROS package in '/home/vicky/TrashBot_ws/src/robot_body_planning' with build type 'ament_cmake'
[0.508s] INFO:colcon.colcon_cmake.task.cmake.build:Building CMake package in '/home/vicky/TrashBot_ws/src/robot_body_planning'
[0.508s] INFO:colcon.colcon_core.shell:Skip shell extension 'powershell' for command environment: Not usable outside of PowerShell
[0.508s] DEBUG:colcon.colcon_core.shell:Skip shell extension 'dsv' for command environment
[0.520s] DEBUG:colcon.colcon_core.event_handler.log_command:Invoking command in '/home/vicky/TrashBot_ws/src/build/navigation_practice': CMAKE_PREFIX_PATH=/opt/ros/galactic /usr/bin/cmake /home/vicky/TrashBot_ws/src/navigation_practice -DAMENT_CMAKE_SYMLINK_INSTALL=1 -DCMAKE_INSTALL_PREFIX=/home/vicky/TrashBot_ws/src/install/navigation_practice
[0.775s] INFO:colcon.colcon_core.task.python.build:Building Python package in '/home/vicky/TrashBot_ws/src/robot_body_perception'
[0.776s] INFO:colcon.colcon_core.shell:Skip shell extension 'powershell' for command environment: Not usable outside of PowerShell
[0.776s] DEBUG:colcon.colcon_core.shell:Skip shell extension 'dsv' for command environment
[0.788s] DEBUG:colcon.colcon_core.event_handler.log_command:Invoking command in '/home/vicky/TrashBot_ws/src/build/robot_body_planning': CMAKE_PREFIX_PATH=/opt/ros/galactic /usr/bin/cmake /home/vicky/TrashBot_ws/src/robot_body_planning -DAMENT_CMAKE_SYMLINK_INSTALL=1 -DCMAKE_INSTALL_PREFIX=/home/vicky/TrashBot_ws/src/install/robot_body_planning
[1.205s] DEBUG:colcon.colcon_core.task.python.build:While undoing a previous installation files outside the Python library path are being ignored: /home/vicky/TrashBot_ws/src/install/robot_body_perception/share/ament_index/resource_index/packages/robot_body_perception
[1.205s] DEBUG:colcon.colcon_core.task.python.build:While undoing a previous installation files outside the Python library path are being ignored: /home/vicky/TrashBot_ws/src/install/robot_body_perception/share/robot_body_perception/package.xml
[1.205s] DEBUG:colcon.colcon_core.task.python.build:While undoing a previous installation files outside the Python library path are being ignored: /home/vicky/TrashBot_ws/src/install/robot_body_perception/share/robot_body_perception/launch/robot_state_publisher.py
[1.205s] DEBUG:colcon.colcon_core.task.python.build:While undoing a previous installation files outside the Python library path are being ignored: /home/vicky/TrashBot_ws/src/install/robot_body_perception/share/robot_body_perception/urdf/lidar_chassis_frames.urdf
[1.206s] DEBUG:colcon.colcon_core.task.python.build:While undoing a previous installation files outside the Python library path are being ignored: /home/vicky/TrashBot_ws/src/install/robot_body_perception/lib/robot_body_perception/wrapper
[1.209s] DEBUG:colcon.colcon_core.event_handler.log_command:Invoking command in '/home/vicky/TrashBot_ws/src/build/robot_body_perception': PYTHONPATH=/home/vicky/TrashBot_ws/src/build/robot_body_perception/prefix_override:/usr/lib/python3/dist-packages/colcon_core/task/python/colcon_distutils_commands:/home/vicky/TrashBot_ws/src/install/robot_body_perception/lib/python3.8/site-packages:${PYTHONPATH} /usr/bin/python3 -W ignore:setup.py install is deprecated setup.py develop --editable --build-directory /home/vicky/TrashBot_ws/src/build/robot_body_perception/build --no-deps symlink_data --force
[1.252s] DEBUG:colcon.colcon_core.event_handler.log_command:Invoked command in '/home/vicky/TrashBot_ws/src/build/navigation_practice' returned '0': CMAKE_PREFIX_PATH=/opt/ros/galactic /usr/bin/cmake /home/vicky/TrashBot_ws/src/navigation_practice -DAMENT_CMAKE_SYMLINK_INSTALL=1 -DCMAKE_INSTALL_PREFIX=/home/vicky/TrashBot_ws/src/install/navigation_practice
[1.253s] DEBUG:colcon.colcon_core.event_handler.log_command:Invoking command in '/home/vicky/TrashBot_ws/src/build/navigation_practice': CMAKE_PREFIX_PATH=/opt/ros/galactic /usr/bin/cmake --build /home/vicky/TrashBot_ws/src/build/navigation_practice -- -j8 -l8
[1.272s] DEBUG:colcon.colcon_core.event_handler.log_command:Invoked command in '/home/vicky/TrashBot_ws/src/build/navigation_practice' returned '0': CMAKE_PREFIX_PATH=/opt/ros/galactic /usr/bin/cmake --build /home/vicky/TrashBot_ws/src/build/navigation_practice -- -j8 -l8
[1.295s] DEBUG:colcon.colcon_core.event_handler.log_command:Invoking command in '/home/vicky/TrashBot_ws/src/build/navigation_practice': CMAKE_PREFIX_PATH=/opt/ros/galactic /usr/bin/cmake --install /home/vicky/TrashBot_ws/src/build/navigation_practice
[1.367s] Level 1:colcon.colcon_core.environment:create_environment_scripts_only(navigation_practice)
[1.368s] DEBUG:colcon.colcon_core.event_handler.log_command:Invoked command in '/home/vicky/TrashBot_ws/src/build/navigation_practice' returned '0': CMAKE_PREFIX_PATH=/opt/ros/galactic /usr/bin/cmake --install /home/vicky/TrashBot_ws/src/build/navigation_practice
[1.371s] Level 1:colcon.colcon_core.environment:checking '/home/vicky/TrashBot_ws/src/install/navigation_practice' for CMake module files
[1.372s] Level 1:colcon.colcon_core.environment:checking '/home/vicky/TrashBot_ws/src/install/navigation_practice' for CMake config files
[1.372s] Level 1:colcon.colcon_core.shell:create_environment_hook('navigation_practice', 'cmake_prefix_path')
[1.373s] INFO:colcon.colcon_core.shell:Creating environment hook '/home/vicky/TrashBot_ws/src/install/navigation_practice/share/navigation_practice/hook/cmake_prefix_path.ps1'
[1.373s] INFO:colcon.colcon_core.shell:Creating environment descriptor '/home/vicky/TrashBot_ws/src/install/navigation_practice/share/navigation_practice/hook/cmake_prefix_path.dsv'
[1.374s] INFO:colcon.colcon_core.shell:Creating environment hook '/home/vicky/TrashBot_ws/src/install/navigation_practice/share/navigation_practice/hook/cmake_prefix_path.sh'
[1.375s] Level 1:colcon.colcon_core.environment:checking '/home/vicky/TrashBot_ws/src/install/navigation_practice/bin'
[1.375s] Level 1:colcon.colcon_core.environment:checking '/home/vicky/TrashBot_ws/src/install/navigation_practice/lib/pkgconfig/navigation_practice.pc'
[1.377s] Level 1:colcon.colcon_core.environment:checking '/home/vicky/TrashBot_ws/src/install/navigation_practice/lib/python3.8/site-packages'
[1.377s] Level 1:colcon.colcon_core.environment:checking '/home/vicky/TrashBot_ws/src/install/navigation_practice/bin'
[1.378s] INFO:colcon.colcon_core.shell:Creating package script '/home/vicky/TrashBot_ws/src/install/navigation_practice/share/navigation_practice/package.ps1'
[1.379s] INFO:colcon.colcon_core.shell:Creating package descriptor '/home/vicky/TrashBot_ws/src/install/navigation_practice/share/navigation_practice/package.dsv'
[1.381s] INFO:colcon.colcon_core.shell:Creating package script '/home/vicky/TrashBot_ws/src/install/navigation_practice/share/navigation_practice/package.sh'
[1.382s] INFO:colcon.colcon_core.shell:Creating package script '/home/vicky/TrashBot_ws/src/install/navigation_practice/share/navigation_practice/package.bash'
[1.383s] INFO:colcon.colcon_core.shell:Creating package script '/home/vicky/TrashBot_ws/src/install/navigation_practice/share/navigation_practice/package.zsh'
[1.384s] Level 1:colcon.colcon_core.environment:create_file_with_runtime_dependencies(/home/vicky/TrashBot_ws/src/install/navigation_practice/share/colcon-core/packages/navigation_practice)
[1.404s] Level 1:colcon.colcon_core.environment:create_environment_scripts_only(navigation_practice)
[1.405s] Level 1:colcon.colcon_core.environment:checking '/home/vicky/TrashBot_ws/src/install/navigation_practice' for CMake module files
[1.405s] Level 1:colcon.colcon_core.environment:checking '/home/vicky/TrashBot_ws/src/install/navigation_practice' for CMake config files
[1.405s] Level 1:colcon.colcon_core.shell:create_environment_hook('navigation_practice', 'cmake_prefix_path')
[1.406s] INFO:colcon.colcon_core.shell:Creating environment hook '/home/vicky/TrashBot_ws/src/install/navigation_practice/share/navigation_practice/hook/cmake_prefix_path.ps1'
[1.406s] INFO:colcon.colcon_core.shell:Creating environment descriptor '/home/vicky/TrashBot_ws/src/install/navigation_practice/share/navigation_practice/hook/cmake_prefix_path.dsv'
[1.407s] INFO:colcon.colcon_core.shell:Creating environment hook '/home/vicky/TrashBot_ws/src/install/navigation_practice/share/navigation_practice/hook/cmake_prefix_path.sh'
[1.407s] Level 1:colcon.colcon_core.environment:checking '/home/vicky/TrashBot_ws/src/install/navigation_practice/bin'
[1.407s] Level 1:colcon.colcon_core.environment:checking '/home/vicky/TrashBot_ws/src/install/navigation_practice/lib/pkgconfig/navigation_practice.pc'
[1.407s] Level 1:colcon.colcon_core.environment:checking '/home/vicky/TrashBot_ws/src/install/navigation_practice/lib/python3.8/site-packages'
[1.407s] Level 1:colcon.colcon_core.environment:checking '/home/vicky/TrashBot_ws/src/install/navigation_practice/bin'
[1.408s] INFO:colcon.colcon_core.shell:Creating package script '/home/vicky/TrashBot_ws/src/install/navigation_practice/share/navigation_practice/package.ps1'
[1.408s] INFO:colcon.colcon_core.shell:Creating package descriptor '/home/vicky/TrashBot_ws/src/install/navigation_practice/share/navigation_practice/package.dsv'
[1.409s] INFO:colcon.colcon_core.shell:Creating package script '/home/vicky/TrashBot_ws/src/install/navigation_practice/share/navigation_practice/package.sh'
[1.409s] INFO:colcon.colcon_core.shell:Creating package script '/home/vicky/TrashBot_ws/src/install/navigation_practice/share/navigation_practice/package.bash'
[1.409s] INFO:colcon.colcon_core.shell:Creating package script '/home/vicky/TrashBot_ws/src/install/navigation_practice/share/navigation_practice/package.zsh'
[1.410s] Level 1:colcon.colcon_core.environment:create_file_with_runtime_dependencies(/home/vicky/TrashBot_ws/src/install/navigation_practice/share/colcon-core/packages/navigation_practice)
[1.467s] DEBUG:colcon.colcon_core.event_handler.log_command:Invoked command in '/home/vicky/TrashBot_ws/src/build/robot_body_planning' returned '0': CMAKE_PREFIX_PATH=/opt/ros/galactic /usr/bin/cmake /home/vicky/TrashBot_ws/src/robot_body_planning -DAMENT_CMAKE_SYMLINK_INSTALL=1 -DCMAKE_INSTALL_PREFIX=/home/vicky/TrashBot_ws/src/install/robot_body_planning
[1.467s] DEBUG:colcon.colcon_core.event_handler.log_command:Invoking command in '/home/vicky/TrashBot_ws/src/build/robot_body_planning': CMAKE_PREFIX_PATH=/opt/ros/galactic /usr/bin/cmake --build /home/vicky/TrashBot_ws/src/build/robot_body_planning -- -j8 -l8
[1.765s] Level 1:colcon.colcon_core.shell:create_environment_hook('robot_body_perception', 'pythonpath_develop')
[1.766s] INFO:colcon.colcon_core.shell:Creating environment hook '/home/vicky/TrashBot_ws/src/build/robot_body_perception/share/robot_body_perception/hook/pythonpath_develop.ps1'
[1.766s] DEBUG:colcon.colcon_core.event_handler.log_command:Invoked command in '/home/vicky/TrashBot_ws/src/build/robot_body_perception' returned '0': PYTHONPATH=/home/vicky/TrashBot_ws/src/build/robot_body_perception/prefix_override:/usr/lib/python3/dist-packages/colcon_core/task/python/colcon_distutils_commands:/home/vicky/TrashBot_ws/src/install/robot_body_perception/lib/python3.8/site-packages:${PYTHONPATH} /usr/bin/python3 -W ignore:setup.py install is deprecated setup.py develop --editable --build-directory /home/vicky/TrashBot_ws/src/build/robot_body_perception/build --no-deps symlink_data --force
[1.767s] INFO:colcon.colcon_core.shell:Creating environment descriptor '/home/vicky/TrashBot_ws/src/build/robot_body_perception/share/robot_body_perception/hook/pythonpath_develop.dsv'
[1.767s] INFO:colcon.colcon_core.shell:Creating environment hook '/home/vicky/TrashBot_ws/src/build/robot_body_perception/share/robot_body_perception/hook/pythonpath_develop.sh'
[1.767s] Level 1:colcon.colcon_core.environment:checking '/home/vicky/TrashBot_ws/src/install/robot_body_perception' for CMake module files
[1.768s] Level 1:colcon.colcon_core.environment:checking '/home/vicky/TrashBot_ws/src/install/robot_body_perception' for CMake config files
[1.768s] Level 1:colcon.colcon_core.environment:checking '/home/vicky/TrashBot_ws/src/install/robot_body_perception/lib'
[1.769s] Level 1:colcon.colcon_core.environment:checking '/home/vicky/TrashBot_ws/src/install/robot_body_perception/bin'
[1.769s] Level 1:colcon.colcon_core.environment:checking '/home/vicky/TrashBot_ws/src/install/robot_body_perception/lib/pkgconfig/robot_body_perception.pc'
[1.769s] Level 1:colcon.colcon_core.environment:checking '/home/vicky/TrashBot_ws/src/install/robot_body_perception/lib/python3.8/site-packages'
[1.769s] Level 1:colcon.colcon_core.shell:create_environment_hook('robot_body_perception', 'pythonpath')
[1.769s] INFO:colcon.colcon_core.shell:Creating environment hook '/home/vicky/TrashBot_ws/src/install/robot_body_perception/share/robot_body_perception/hook/pythonpath.ps1'
[1.770s] INFO:colcon.colcon_core.shell:Creating environment descriptor '/home/vicky/TrashBot_ws/src/install/robot_body_perception/share/robot_body_perception/hook/pythonpath.dsv'
[1.770s] INFO:colcon.colcon_core.shell:Creating environment hook '/home/vicky/TrashBot_ws/src/install/robot_body_perception/share/robot_body_perception/hook/pythonpath.sh'
[1.771s] Level 1:colcon.colcon_core.environment:checking '/home/vicky/TrashBot_ws/src/install/robot_body_perception/bin'
[1.771s] Level 1:colcon.colcon_core.environment:create_environment_scripts_only(robot_body_perception)
[1.771s] INFO:colcon.colcon_core.shell:Creating package script '/home/vicky/TrashBot_ws/src/install/robot_body_perception/share/robot_body_perception/package.ps1'
[1.772s] INFO:colcon.colcon_core.shell:Creating package descriptor '/home/vicky/TrashBot_ws/src/install/robot_body_perception/share/robot_body_perception/package.dsv'
[1.772s] INFO:colcon.colcon_core.shell:Creating package script '/home/vicky/TrashBot_ws/src/install/robot_body_perception/share/robot_body_perception/package.sh'
[1.772s] INFO:colcon.colcon_core.shell:Creating package script '/home/vicky/TrashBot_ws/src/install/robot_body_perception/share/robot_body_perception/package.bash'
[1.773s] INFO:colcon.colcon_core.shell:Creating package script '/home/vicky/TrashBot_ws/src/install/robot_body_perception/share/robot_body_perception/package.zsh'
[1.773s] Level 1:colcon.colcon_core.environment:create_file_with_runtime_dependencies(/home/vicky/TrashBot_ws/src/install/robot_body_perception/share/colcon-core/packages/robot_body_perception)
[1.804s] DEBUG:colcon.colcon_core.event_handler.log_command:Invoked command in '/home/vicky/TrashBot_ws/src/build/robot_body_planning' returned '0': CMAKE_PREFIX_PATH=/opt/ros/galactic /usr/bin/cmake --build /home/vicky/TrashBot_ws/src/build/robot_body_planning -- -j8 -l8
[1.821s] DEBUG:colcon.colcon_core.event_handler.log_command:Invoking command in '/home/vicky/TrashBot_ws/src/build/robot_body_planning': CMAKE_PREFIX_PATH=/opt/ros/galactic /usr/bin/cmake --install /home/vicky/TrashBot_ws/src/build/robot_body_planning
[1.869s] Level 1:colcon.colcon_core.environment:create_environment_scripts_only(robot_body_planning)
[1.869s] Level 1:colcon.colcon_core.environment:checking '/home/vicky/TrashBot_ws/src/install/robot_body_planning' for CMake module files
[1.870s] DEBUG:colcon.colcon_core.event_handler.log_command:Invoked command in '/home/vicky/TrashBot_ws/src/build/robot_body_planning' returned '0': CMAKE_PREFIX_PATH=/opt/ros/galactic /usr/bin/cmake --install /home/vicky/TrashBot_ws/src/build/robot_body_planning
[1.870s] Level 1:colcon.colcon_core.environment:checking '/home/vicky/TrashBot_ws/src/install/robot_body_planning' for CMake config files
[1.870s] Level 1:colcon.colcon_core.shell:create_environment_hook('robot_body_planning', 'cmake_prefix_path')
[1.870s] INFO:colcon.colcon_core.shell:Creating environment hook '/home/vicky/TrashBot_ws/src/install/robot_body_planning/share/robot_body_planning/hook/cmake_prefix_path.ps1'
[1.871s] INFO:colcon.colcon_core.shell:Creating environment descriptor '/home/vicky/TrashBot_ws/src/install/robot_body_planning/share/robot_body_planning/hook/cmake_prefix_path.dsv'
[1.871s] INFO:colcon.colcon_core.shell:Creating environment hook '/home/vicky/TrashBot_ws/src/install/robot_body_planning/share/robot_body_planning/hook/cmake_prefix_path.sh'
[1.871s] Level 1:colcon.colcon_core.environment:checking '/home/vicky/TrashBot_ws/src/install/robot_body_planning/lib'
[1.871s] Level 1:colcon.colcon_core.environment:checking '/home/vicky/TrashBot_ws/src/install/robot_body_planning/bin'
[1.872s] Level 1:colcon.colcon_core.environment:checking '/home/vicky/TrashBot_ws/src/install/robot_body_planning/lib/pkgconfig/robot_body_planning.pc'
[1.872s] Level 1:colcon.colcon_core.environment:checking '/home/vicky/TrashBot_ws/src/install/robot_body_planning/lib/python3.8/site-packages'
[1.872s] Level 1:colcon.colcon_core.environment:checking '/home/vicky/TrashBot_ws/src/install/robot_body_planning/bin'
[1.872s] INFO:colcon.colcon_core.shell:Creating package script '/home/vicky/TrashBot_ws/src/install/robot_body_planning/share/robot_body_planning/package.ps1'
[1.872s] INFO:colcon.colcon_core.shell:Creating package descriptor '/home/vicky/TrashBot_ws/src/install/robot_body_planning/share/robot_body_planning/package.dsv'
[1.873s] INFO:colcon.colcon_core.shell:Creating package script '/home/vicky/TrashBot_ws/src/install/robot_body_planning/share/robot_body_planning/package.sh'
[1.873s] INFO:colcon.colcon_core.shell:Creating package script '/home/vicky/TrashBot_ws/src/install/robot_body_planning/share/robot_body_planning/package.bash'
[1.873s] INFO:colcon.colcon_core.shell:Creating package script '/home/vicky/TrashBot_ws/src/install/robot_body_planning/share/robot_body_planning/package.zsh'
[1.873s] Level 1:colcon.colcon_core.environment:create_file_with_runtime_dependencies(/home/vicky/TrashBot_ws/src/install/robot_body_planning/share/colcon-core/packages/robot_body_planning)
[1.889s] Level 1:colcon.colcon_core.environment:create_environment_scripts_only(robot_body_planning)
[1.889s] Level 1:colcon.colcon_core.environment:checking '/home/vicky/TrashBot_ws/src/install/robot_body_planning' for CMake module files
[1.889s] Level 1:colcon.colcon_core.environment:checking '/home/vicky/TrashBot_ws/src/install/robot_body_planning' for CMake config files
[1.889s] Level 1:colcon.colcon_core.shell:create_environment_hook('robot_body_planning', 'cmake_prefix_path')
[1.890s] INFO:colcon.colcon_core.shell:Creating environment hook '/home/vicky/TrashBot_ws/src/install/robot_body_planning/share/robot_body_planning/hook/cmake_prefix_path.ps1'
[1.890s] INFO:colcon.colcon_core.shell:Creating environment descriptor '/home/vicky/TrashBot_ws/src/install/robot_body_planning/share/robot_body_planning/hook/cmake_prefix_path.dsv'
[1.890s] INFO:colcon.colcon_core.shell:Creating environment hook '/home/vicky/TrashBot_ws/src/install/robot_body_planning/share/robot_body_planning/hook/cmake_prefix_path.sh'
[1.891s] Level 1:colcon.colcon_core.environment:checking '/home/vicky/TrashBot_ws/src/install/robot_body_planning/lib'
[1.891s] Level 1:colcon.colcon_core.environment:checking '/home/vicky/TrashBot_ws/src/install/robot_body_planning/bin'
[1.891s] Level 1:colcon.colcon_core.environment:checking '/home/vicky/TrashBot_ws/src/install/robot_body_planning/lib/pkgconfig/robot_body_planning.pc'
[1.891s] Level 1:colcon.colcon_core.environment:checking '/home/vicky/TrashBot_ws/src/install/robot_body_planning/lib/python3.8/site-packages'
[1.891s] Level 1:colcon.colcon_core.environment:checking '/home/vicky/TrashBot_ws/src/install/robot_body_planning/bin'
[1.891s] INFO:colcon.colcon_core.shell:Creating package script '/home/vicky/TrashBot_ws/src/install/robot_body_planning/share/robot_body_planning/package.ps1'
[1.892s] INFO:colcon.colcon_core.shell:Creating package descriptor '/home/vicky/TrashBot_ws/src/install/robot_body_planning/share/robot_body_planning/package.dsv'
[1.892s] INFO:colcon.colcon_core.shell:Creating package script '/home/vicky/TrashBot_ws/src/install/robot_body_planning/share/robot_body_planning/package.sh'
[1.892s] INFO:colcon.colcon_core.shell:Creating package script '/home/vicky/TrashBot_ws/src/install/robot_body_planning/share/robot_body_planning/package.bash'
[1.893s] INFO:colcon.colcon_core.shell:Creating package script '/home/vicky/TrashBot_ws/src/install/robot_body_planning/share/robot_body_planning/package.zsh'
[1.893s] Level 1:colcon.colcon_core.environment:create_file_with_runtime_dependencies(/home/vicky/TrashBot_ws/src/install/robot_body_planning/share/colcon-core/packages/robot_body_planning)
[1.893s] DEBUG:colcon.colcon_parallel_executor.executor.parallel:closing loop
[1.893s] DEBUG:colcon.colcon_parallel_executor.executor.parallel:loop closed
[1.893s] DEBUG:colcon.colcon_parallel_executor.executor.parallel:run_until_complete finished with '0'
[1.893s] DEBUG:colcon.colcon_core.event_reactor:joining thread
[1.898s] INFO:colcon.colcon_core.plugin_system:Skipping extension 'colcon_notification.desktop_notification.terminal_notifier': Not used on non-Darwin systems
[1.898s] INFO:colcon.colcon_core.plugin_system:Skipping extension 'colcon_notification.desktop_notification.win32': Not used on non-Windows systems
[1.898s] INFO:colcon.colcon_notification.desktop_notification:Sending desktop notification using 'notify2'
[1.909s] DEBUG:colcon.colcon_core.event_reactor:joined thread
[1.910s] INFO:colcon.colcon_core.shell:Creating prefix script '/home/vicky/TrashBot_ws/src/install/local_setup.ps1'
[1.910s] INFO:colcon.colcon_core.shell:Creating prefix util module '/home/vicky/TrashBot_ws/src/install/_local_setup_util_ps1.py'
[1.911s] INFO:colcon.colcon_core.shell:Creating prefix chain script '/home/vicky/TrashBot_ws/src/install/setup.ps1'
[1.912s] INFO:colcon.colcon_core.shell:Creating prefix script '/home/vicky/TrashBot_ws/src/install/local_setup.sh'
[1.912s] INFO:colcon.colcon_core.shell:Creating prefix util module '/home/vicky/TrashBot_ws/src/install/_local_setup_util_sh.py'
[1.913s] INFO:colcon.colcon_core.shell:Creating prefix chain script '/home/vicky/TrashBot_ws/src/install/setup.sh'
[1.914s] INFO:colcon.colcon_core.shell:Creating prefix script '/home/vicky/TrashBot_ws/src/install/local_setup.bash'
[1.915s] INFO:colcon.colcon_core.shell:Creating prefix chain script '/home/vicky/TrashBot_ws/src/install/setup.bash'
[1.916s] INFO:colcon.colcon_core.shell:Creating prefix script '/home/vicky/TrashBot_ws/src/install/local_setup.zsh'
[1.916s] INFO:colcon.colcon_core.shell:Creating prefix chain script '/home/vicky/TrashBot_ws/src/install/setup.zsh'
[1.917s] INFO:colcon.colcon_core.shell:Creating '/home/vicky/TrashBot_ws/src/install/spawn_shell.bash'
