[33mCMake Warning (dev) at /opt/ros/galactic/share/ament_cmake_core/cmake/core/python.cmake:22 (find_package):
  Policy CMP0148 is not set: The FindPythonInterp and FindPythonLibs modules
  are removed.  Run "cmake --help-policy CMP0148" for policy details.  Use
  the cmake_policy command to set the policy and suppress this warning.

Call Stack (most recent call first):
  /opt/ros/galactic/share/ament_cmake_core/cmake/core/all.cmake:53 (include)
  /opt/ros/galactic/share/ament_cmake_core/cmake/ament_cmake_core-extras.cmake:17 (include)
  /opt/ros/galactic/share/ament_cmake_core/cmake/ament_cmake_coreConfig.cmake:41 (include)
  /opt/ros/galactic/share/ament_cmake/cmake/ament_cmake_export_dependencies-extras.cmake:15 (find_package)
  /opt/ros/galactic/share/ament_cmake/cmake/ament_cmakeConfig.cmake:41 (include)
  CMakeLists.txt:9 (find_package)
This warning is for project developers.  Use -Wno-dev to suppress it.
[0m
[01m[K/home/vicky/TrashBot_ws/src/robot_body_planning/src/test.cpp:1:10:[m[K [01;31m[Kfatal error: [m[Krclcpp/rclcpp.hpp: No such file or directory
    1 | #include [01;31m[K"rclcpp/rclcpp.hpp"[m[K
      |          [01;31m[K^~~~~~~~~~~~~~~~~~~[m[K
compilation terminated.
make[2]: *** [CMakeFiles/occupancy_map_retrieval.dir/build.make:76: CMakeFiles/occupancy_map_retrieval.dir/src/test.cpp.o] Error 1
make[1]: *** [CMakeFiles/Makefile2:137: CMakeFiles/occupancy_map_retrieval.dir/all] Error 2
make: *** [Makefile:146: all] Error 2
